{"D:\\unit\\red_tetris\\test\\test.js":{"path":"D:\\unit\\red_tetris\\test\\test.js","statementMap":{"0":{"start":{"line":3,"column":15},"end":{"line":3,"column":256}},"1":{"start":{"line":3,"column":52},"end":{"line":3,"column":239}},"2":{"start":{"line":3,"column":65},"end":{"line":3,"column":66}},"3":{"start":{"line":3,"column":110},"end":{"line":3,"column":122}},"4":{"start":{"line":3,"column":124},"end":{"line":3,"column":237}},"5":{"start":{"line":3,"column":150},"end":{"line":3,"column":235}},"6":{"start":{"line":3,"column":207},"end":{"line":3,"column":233}},"7":{"start":{"line":3,"column":240},"end":{"line":3,"column":254}},"8":{"start":{"line":5,"column":12},"end":{"line":5,"column":27}},"9":{"start":{"line":7,"column":13},"end":{"line":7,"column":42}},"10":{"start":{"line":9,"column":14},"end":{"line":9,"column":31}},"11":{"start":{"line":11,"column":15},"end":{"line":11,"column":46}},"12":{"start":{"line":13,"column":17},"end":{"line":13,"column":37}},"13":{"start":{"line":15,"column":16},"end":{"line":15,"column":49}},"14":{"start":{"line":17,"column":13},"end":{"line":17,"column":43}},"15":{"start":{"line":19,"column":14},"end":{"line":19,"column":44}},"16":{"start":{"line":21,"column":17},"end":{"line":21,"column":59}},"17":{"start":{"line":23,"column":18},"end":{"line":23,"column":52}},"18":{"start":{"line":25,"column":33},"end":{"line":25,"column":91}},"19":{"start":{"line":27,"column":34},"end":{"line":27,"column":84}},"20":{"start":{"line":29,"column":21},"end":{"line":29,"column":67}},"21":{"start":{"line":31,"column":22},"end":{"line":31,"column":60}},"22":{"start":{"line":33,"column":23},"end":{"line":33,"column":71}},"23":{"start":{"line":35,"column":24},"end":{"line":35,"column":64}},"24":{"start":{"line":37,"column":21},"end":{"line":37,"column":67}},"25":{"start":{"line":39,"column":22},"end":{"line":39,"column":60}},"26":{"start":{"line":41,"column":18},"end":{"line":41,"column":61}},"27":{"start":{"line":43,"column":19},"end":{"line":43,"column":54}},"28":{"start":{"line":45,"column":15},"end":{"line":45,"column":55}},"29":{"start":{"line":47,"column":16},"end":{"line":47,"column":48}},"30":{"start":{"line":49,"column":18},"end":{"line":49,"column":61}},"31":{"start":{"line":51,"column":19},"end":{"line":51,"column":54}},"32":{"start":{"line":53,"column":21},"end":{"line":53,"column":67}},"33":{"start":{"line":55,"column":22},"end":{"line":55,"column":60}},"34":{"start":{"line":57,"column":16},"end":{"line":57,"column":57}},"35":{"start":{"line":59,"column":17},"end":{"line":59,"column":50}},"36":{"start":{"line":61,"column":18},"end":{"line":61,"column":61}},"37":{"start":{"line":63,"column":19},"end":{"line":63,"column":54}},"38":{"start":{"line":65,"column":16},"end":{"line":65,"column":57}},"39":{"start":{"line":67,"column":17},"end":{"line":67,"column":50}},"40":{"start":{"line":69,"column":16},"end":{"line":69,"column":57}},"41":{"start":{"line":71,"column":17},"end":{"line":71,"column":50}},"42":{"start":{"line":73,"column":16},"end":{"line":73,"column":57}},"43":{"start":{"line":75,"column":17},"end":{"line":75,"column":50}},"44":{"start":{"line":77,"column":17},"end":{"line":77,"column":59}},"45":{"start":{"line":79,"column":18},"end":{"line":79,"column":52}},"46":{"start":{"line":81,"column":19},"end":{"line":81,"column":63}},"47":{"start":{"line":83,"column":20},"end":{"line":83,"column":56}},"48":{"start":{"line":85,"column":25},"end":{"line":85,"column":75}},"49":{"start":{"line":87,"column":26},"end":{"line":87,"column":68}},"50":{"start":{"line":89,"column":17},"end":{"line":89,"column":59}},"51":{"start":{"line":91,"column":18},"end":{"line":91,"column":52}},"52":{"start":{"line":93,"column":19},"end":{"line":93,"column":63}},"53":{"start":{"line":95,"column":20},"end":{"line":95,"column":56}},"54":{"start":{"line":97,"column":17},"end":{"line":97,"column":59}},"55":{"start":{"line":99,"column":18},"end":{"line":99,"column":52}},"56":{"start":{"line":101,"column":16},"end":{"line":101,"column":57}},"57":{"start":{"line":103,"column":17},"end":{"line":103,"column":50}},"58":{"start":{"line":105,"column":13},"end":{"line":105,"column":51}},"59":{"start":{"line":107,"column":14},"end":{"line":107,"column":44}},"60":{"start":{"line":109,"column":14},"end":{"line":109,"column":53}},"61":{"start":{"line":111,"column":19},"end":{"line":111,"column":63}},"62":{"start":{"line":113,"column":20},"end":{"line":113,"column":56}},"63":{"start":{"line":115,"column":23},"end":{"line":115,"column":71}},"64":{"start":{"line":117,"column":24},"end":{"line":117,"column":64}},"65":{"start":{"line":119,"column":22},"end":{"line":119,"column":69}},"66":{"start":{"line":121,"column":23},"end":{"line":121,"column":62}},"67":{"start":{"line":123,"column":22},"end":{"line":123,"column":69}},"68":{"start":{"line":125,"column":23},"end":{"line":125,"column":62}},"69":{"start":{"line":127,"column":17},"end":{"line":127,"column":59}},"70":{"start":{"line":129,"column":18},"end":{"line":129,"column":52}},"71":{"start":{"line":131,"column":21},"end":{"line":131,"column":67}},"72":{"start":{"line":133,"column":22},"end":{"line":133,"column":60}},"73":{"start":{"line":135,"column":17},"end":{"line":135,"column":59}},"74":{"start":{"line":137,"column":18},"end":{"line":137,"column":52}},"75":{"start":{"line":139,"column":16},"end":{"line":139,"column":57}},"76":{"start":{"line":141,"column":17},"end":{"line":141,"column":50}},"77":{"start":{"line":143,"column":13},"end":{"line":143,"column":43}},"78":{"start":{"line":145,"column":15},"end":{"line":145,"column":35}},"79":{"start":{"line":147,"column":39},"end":{"line":147,"column":93}},"80":{"start":{"line":149,"column":13},"end":{"line":149,"column":34}},"81":{"start":{"line":151,"column":0},"end":{"line":527,"column":3}},"82":{"start":{"line":152,"column":2},"end":{"line":306,"column":5}},"83":{"start":{"line":153,"column":4},"end":{"line":155,"column":7}},"84":{"start":{"line":154,"column":6},"end":{"line":154,"column":109}},"85":{"start":{"line":156,"column":4},"end":{"line":168,"column":7}},"86":{"start":{"line":157,"column":6},"end":{"line":167,"column":10}},"87":{"start":{"line":166,"column":8},"end":{"line":166,"column":62}},"88":{"start":{"line":169,"column":4},"end":{"line":181,"column":7}},"89":{"start":{"line":170,"column":6},"end":{"line":180,"column":10}},"90":{"start":{"line":179,"column":8},"end":{"line":179,"column":62}},"91":{"start":{"line":182,"column":4},"end":{"line":192,"column":7}},"92":{"start":{"line":183,"column":6},"end":{"line":191,"column":10}},"93":{"start":{"line":190,"column":8},"end":{"line":190,"column":62}},"94":{"start":{"line":193,"column":4},"end":{"line":203,"column":7}},"95":{"start":{"line":194,"column":6},"end":{"line":202,"column":10}},"96":{"start":{"line":201,"column":8},"end":{"line":201,"column":62}},"97":{"start":{"line":204,"column":4},"end":{"line":215,"column":7}},"98":{"start":{"line":205,"column":17},"end":{"line":205,"column":56}},"99":{"start":{"line":206,"column":6},"end":{"line":214,"column":10}},"100":{"start":{"line":213,"column":8},"end":{"line":213,"column":62}},"101":{"start":{"line":216,"column":4},"end":{"line":227,"column":7}},"102":{"start":{"line":217,"column":17},"end":{"line":217,"column":56}},"103":{"start":{"line":218,"column":6},"end":{"line":226,"column":10}},"104":{"start":{"line":225,"column":8},"end":{"line":225,"column":62}},"105":{"start":{"line":228,"column":4},"end":{"line":237,"column":7}},"106":{"start":{"line":229,"column":6},"end":{"line":236,"column":10}},"107":{"start":{"line":235,"column":8},"end":{"line":235,"column":62}},"108":{"start":{"line":238,"column":4},"end":{"line":247,"column":7}},"109":{"start":{"line":239,"column":6},"end":{"line":246,"column":10}},"110":{"start":{"line":245,"column":8},"end":{"line":245,"column":62}},"111":{"start":{"line":248,"column":4},"end":{"line":257,"column":7}},"112":{"start":{"line":249,"column":6},"end":{"line":256,"column":10}},"113":{"start":{"line":255,"column":8},"end":{"line":255,"column":62}},"114":{"start":{"line":258,"column":4},"end":{"line":267,"column":7}},"115":{"start":{"line":259,"column":6},"end":{"line":266,"column":10}},"116":{"start":{"line":265,"column":8},"end":{"line":265,"column":62}},"117":{"start":{"line":268,"column":4},"end":{"line":277,"column":7}},"118":{"start":{"line":269,"column":6},"end":{"line":276,"column":10}},"119":{"start":{"line":275,"column":8},"end":{"line":275,"column":62}},"120":{"start":{"line":278,"column":4},"end":{"line":285,"column":7}},"121":{"start":{"line":279,"column":6},"end":{"line":284,"column":10}},"122":{"start":{"line":283,"column":8},"end":{"line":283,"column":62}},"123":{"start":{"line":286,"column":4},"end":{"line":294,"column":7}},"124":{"start":{"line":287,"column":6},"end":{"line":293,"column":10}},"125":{"start":{"line":291,"column":20},"end":{"line":291,"column":42}},"126":{"start":{"line":292,"column":8},"end":{"line":292,"column":45}},"127":{"start":{"line":295,"column":4},"end":{"line":305,"column":7}},"128":{"start":{"line":296,"column":6},"end":{"line":304,"column":10}},"129":{"start":{"line":302,"column":20},"end":{"line":302,"column":42}},"130":{"start":{"line":303,"column":8},"end":{"line":303,"column":45}},"131":{"start":{"line":307,"column":2},"end":{"line":401,"column":5}},"132":{"start":{"line":308,"column":4},"end":{"line":310,"column":7}},"133":{"start":{"line":309,"column":6},"end":{"line":309,"column":128}},"134":{"start":{"line":311,"column":4},"end":{"line":313,"column":7}},"135":{"start":{"line":312,"column":6},"end":{"line":312,"column":160}},"136":{"start":{"line":314,"column":4},"end":{"line":316,"column":7}},"137":{"start":{"line":315,"column":6},"end":{"line":315,"column":136}},"138":{"start":{"line":317,"column":4},"end":{"line":319,"column":7}},"139":{"start":{"line":318,"column":6},"end":{"line":318,"column":140}},"140":{"start":{"line":320,"column":4},"end":{"line":322,"column":7}},"141":{"start":{"line":321,"column":6},"end":{"line":321,"column":136}},"142":{"start":{"line":323,"column":4},"end":{"line":325,"column":7}},"143":{"start":{"line":324,"column":6},"end":{"line":324,"column":130}},"144":{"start":{"line":326,"column":4},"end":{"line":328,"column":7}},"145":{"start":{"line":327,"column":6},"end":{"line":327,"column":124}},"146":{"start":{"line":329,"column":4},"end":{"line":331,"column":7}},"147":{"start":{"line":330,"column":6},"end":{"line":330,"column":111}},"148":{"start":{"line":332,"column":4},"end":{"line":334,"column":7}},"149":{"start":{"line":333,"column":6},"end":{"line":333,"column":129}},"150":{"start":{"line":335,"column":4},"end":{"line":337,"column":7}},"151":{"start":{"line":336,"column":6},"end":{"line":336,"column":129}},"152":{"start":{"line":338,"column":4},"end":{"line":340,"column":7}},"153":{"start":{"line":339,"column":6},"end":{"line":339,"column":133}},"154":{"start":{"line":341,"column":4},"end":{"line":343,"column":7}},"155":{"start":{"line":342,"column":6},"end":{"line":342,"column":126}},"156":{"start":{"line":344,"column":4},"end":{"line":346,"column":7}},"157":{"start":{"line":345,"column":6},"end":{"line":345,"column":119}},"158":{"start":{"line":347,"column":4},"end":{"line":349,"column":7}},"159":{"start":{"line":348,"column":6},"end":{"line":348,"column":119}},"160":{"start":{"line":350,"column":4},"end":{"line":352,"column":7}},"161":{"start":{"line":351,"column":6},"end":{"line":351,"column":121}},"162":{"start":{"line":353,"column":4},"end":{"line":355,"column":7}},"163":{"start":{"line":354,"column":6},"end":{"line":354,"column":125}},"164":{"start":{"line":356,"column":4},"end":{"line":358,"column":7}},"165":{"start":{"line":357,"column":6},"end":{"line":357,"column":137}},"166":{"start":{"line":359,"column":4},"end":{"line":361,"column":7}},"167":{"start":{"line":360,"column":6},"end":{"line":360,"column":128}},"168":{"start":{"line":362,"column":4},"end":{"line":364,"column":7}},"169":{"start":{"line":363,"column":6},"end":{"line":363,"column":132}},"170":{"start":{"line":365,"column":4},"end":{"line":367,"column":7}},"171":{"start":{"line":366,"column":6},"end":{"line":366,"column":121}},"172":{"start":{"line":368,"column":4},"end":{"line":370,"column":7}},"173":{"start":{"line":369,"column":6},"end":{"line":369,"column":125}},"174":{"start":{"line":371,"column":4},"end":{"line":373,"column":7}},"175":{"start":{"line":372,"column":6},"end":{"line":372,"column":126}},"176":{"start":{"line":374,"column":4},"end":{"line":376,"column":7}},"177":{"start":{"line":375,"column":6},"end":{"line":375,"column":104}},"178":{"start":{"line":377,"column":4},"end":{"line":379,"column":7}},"179":{"start":{"line":378,"column":6},"end":{"line":378,"column":133}},"180":{"start":{"line":380,"column":4},"end":{"line":382,"column":7}},"181":{"start":{"line":381,"column":6},"end":{"line":381,"column":131}},"182":{"start":{"line":383,"column":4},"end":{"line":385,"column":7}},"183":{"start":{"line":384,"column":6},"end":{"line":384,"column":131}},"184":{"start":{"line":386,"column":4},"end":{"line":388,"column":7}},"185":{"start":{"line":387,"column":6},"end":{"line":387,"column":128}},"186":{"start":{"line":389,"column":4},"end":{"line":391,"column":7}},"187":{"start":{"line":390,"column":6},"end":{"line":390,"column":129}},"188":{"start":{"line":392,"column":4},"end":{"line":394,"column":7}},"189":{"start":{"line":393,"column":6},"end":{"line":393,"column":121}},"190":{"start":{"line":395,"column":4},"end":{"line":397,"column":7}},"191":{"start":{"line":396,"column":6},"end":{"line":396,"column":119}},"192":{"start":{"line":398,"column":4},"end":{"line":400,"column":7}},"193":{"start":{"line":399,"column":6},"end":{"line":399,"column":120}},"194":{"start":{"line":402,"column":2},"end":{"line":526,"column":5}},"195":{"start":{"line":403,"column":4},"end":{"line":405,"column":7}},"196":{"start":{"line":404,"column":6},"end":{"line":404,"column":83}},"197":{"start":{"line":406,"column":4},"end":{"line":408,"column":7}},"198":{"start":{"line":407,"column":6},"end":{"line":407,"column":79}},"199":{"start":{"line":409,"column":4},"end":{"line":411,"column":7}},"200":{"start":{"line":410,"column":6},"end":{"line":410,"column":95}},"201":{"start":{"line":412,"column":4},"end":{"line":414,"column":7}},"202":{"start":{"line":413,"column":6},"end":{"line":413,"column":98}},"203":{"start":{"line":415,"column":4},"end":{"line":417,"column":7}},"204":{"start":{"line":416,"column":6},"end":{"line":416,"column":178}},"205":{"start":{"line":418,"column":4},"end":{"line":420,"column":7}},"206":{"start":{"line":419,"column":6},"end":{"line":419,"column":173}},"207":{"start":{"line":421,"column":4},"end":{"line":423,"column":7}},"208":{"start":{"line":422,"column":6},"end":{"line":422,"column":115}},"209":{"start":{"line":424,"column":4},"end":{"line":426,"column":7}},"210":{"start":{"line":425,"column":6},"end":{"line":425,"column":171}},"211":{"start":{"line":427,"column":4},"end":{"line":431,"column":7}},"212":{"start":{"line":428,"column":6},"end":{"line":430,"column":9}},"213":{"start":{"line":429,"column":8},"end":{"line":429,"column":102}},"214":{"start":{"line":432,"column":4},"end":{"line":436,"column":7}},"215":{"start":{"line":433,"column":6},"end":{"line":435,"column":9}},"216":{"start":{"line":434,"column":8},"end":{"line":434,"column":102}},"217":{"start":{"line":437,"column":4},"end":{"line":441,"column":7}},"218":{"start":{"line":438,"column":6},"end":{"line":440,"column":9}},"219":{"start":{"line":439,"column":8},"end":{"line":439,"column":102}},"220":{"start":{"line":442,"column":4},"end":{"line":446,"column":7}},"221":{"start":{"line":443,"column":6},"end":{"line":445,"column":9}},"222":{"start":{"line":444,"column":8},"end":{"line":444,"column":103}},"223":{"start":{"line":447,"column":4},"end":{"line":451,"column":7}},"224":{"start":{"line":448,"column":6},"end":{"line":450,"column":9}},"225":{"start":{"line":449,"column":8},"end":{"line":449,"column":104}},"226":{"start":{"line":452,"column":4},"end":{"line":460,"column":7}},"227":{"start":{"line":453,"column":21},"end":{"line":453,"column":25}},"228":{"start":{"line":454,"column":6},"end":{"line":459,"column":9}},"229":{"start":{"line":455,"column":8},"end":{"line":458,"column":11}},"230":{"start":{"line":456,"column":10},"end":{"line":456,"column":51}},"231":{"start":{"line":457,"column":10},"end":{"line":457,"column":82}},"232":{"start":{"line":461,"column":4},"end":{"line":463,"column":7}},"233":{"start":{"line":462,"column":6},"end":{"line":462,"column":58}},"234":{"start":{"line":464,"column":4},"end":{"line":466,"column":7}},"235":{"start":{"line":465,"column":6},"end":{"line":465,"column":124}},"236":{"start":{"line":467,"column":4},"end":{"line":469,"column":7}},"237":{"start":{"line":468,"column":6},"end":{"line":468,"column":124}},"238":{"start":{"line":470,"column":4},"end":{"line":478,"column":7}},"239":{"start":{"line":471,"column":6},"end":{"line":477,"column":39}},"240":{"start":{"line":479,"column":4},"end":{"line":487,"column":7}},"241":{"start":{"line":480,"column":6},"end":{"line":486,"column":39}},"242":{"start":{"line":488,"column":4},"end":{"line":496,"column":7}},"243":{"start":{"line":489,"column":6},"end":{"line":495,"column":62}},"244":{"start":{"line":497,"column":4},"end":{"line":505,"column":7}},"245":{"start":{"line":498,"column":6},"end":{"line":504,"column":23}},"246":{"start":{"line":506,"column":4},"end":{"line":515,"column":7}},"247":{"start":{"line":507,"column":27},"end":{"line":507,"column":29}},"248":{"start":{"line":508,"column":6},"end":{"line":514,"column":36}},"249":{"start":{"line":516,"column":4},"end":{"line":525,"column":7}},"250":{"start":{"line":517,"column":27},"end":{"line":517,"column":29}},"251":{"start":{"line":518,"column":6},"end":{"line":524,"column":23}}},"fnMap":{"0":{"name":"(anonymous_0)","decl":{"start":{"line":3,"column":32},"end":{"line":3,"column":33}},"loc":{"start":{"line":3,"column":50},"end":{"line":3,"column":256}},"line":3},"1":{"name":"_interopRequireDefault","decl":{"start":{"line":147,"column":9},"end":{"line":147,"column":31}},"loc":{"start":{"line":147,"column":37},"end":{"line":147,"column":95}},"line":147},"2":{"name":"(anonymous_2)","decl":{"start":{"line":151,"column":17},"end":{"line":151,"column":18}},"loc":{"start":{"line":151,"column":29},"end":{"line":527,"column":1}},"line":151},"3":{"name":"(anonymous_3)","decl":{"start":{"line":152,"column":22},"end":{"line":152,"column":23}},"loc":{"start":{"line":152,"column":34},"end":{"line":306,"column":3}},"line":152},"4":{"name":"(anonymous_4)","decl":{"start":{"line":153,"column":24},"end":{"line":153,"column":25}},"loc":{"start":{"line":153,"column":36},"end":{"line":155,"column":5}},"line":153},"5":{"name":"(anonymous_5)","decl":{"start":{"line":156,"column":57},"end":{"line":156,"column":58}},"loc":{"start":{"line":156,"column":69},"end":{"line":168,"column":5}},"line":156},"6":{"name":"(anonymous_6)","decl":{"start":{"line":165,"column":10},"end":{"line":165,"column":11}},"loc":{"start":{"line":165,"column":22},"end":{"line":167,"column":7}},"line":165},"7":{"name":"(anonymous_7)","decl":{"start":{"line":169,"column":56},"end":{"line":169,"column":57}},"loc":{"start":{"line":169,"column":68},"end":{"line":181,"column":5}},"line":169},"8":{"name":"(anonymous_8)","decl":{"start":{"line":178,"column":10},"end":{"line":178,"column":11}},"loc":{"start":{"line":178,"column":22},"end":{"line":180,"column":7}},"line":178},"9":{"name":"(anonymous_9)","decl":{"start":{"line":182,"column":50},"end":{"line":182,"column":51}},"loc":{"start":{"line":182,"column":62},"end":{"line":192,"column":5}},"line":182},"10":{"name":"(anonymous_10)","decl":{"start":{"line":189,"column":10},"end":{"line":189,"column":11}},"loc":{"start":{"line":189,"column":22},"end":{"line":191,"column":7}},"line":189},"11":{"name":"(anonymous_11)","decl":{"start":{"line":193,"column":68},"end":{"line":193,"column":69}},"loc":{"start":{"line":193,"column":80},"end":{"line":203,"column":5}},"line":193},"12":{"name":"(anonymous_12)","decl":{"start":{"line":200,"column":10},"end":{"line":200,"column":11}},"loc":{"start":{"line":200,"column":22},"end":{"line":202,"column":7}},"line":200},"13":{"name":"(anonymous_13)","decl":{"start":{"line":204,"column":45},"end":{"line":204,"column":46}},"loc":{"start":{"line":204,"column":57},"end":{"line":215,"column":5}},"line":204},"14":{"name":"(anonymous_14)","decl":{"start":{"line":212,"column":10},"end":{"line":212,"column":11}},"loc":{"start":{"line":212,"column":22},"end":{"line":214,"column":7}},"line":212},"15":{"name":"(anonymous_15)","decl":{"start":{"line":216,"column":54},"end":{"line":216,"column":55}},"loc":{"start":{"line":216,"column":66},"end":{"line":227,"column":5}},"line":216},"16":{"name":"(anonymous_16)","decl":{"start":{"line":224,"column":10},"end":{"line":224,"column":11}},"loc":{"start":{"line":224,"column":22},"end":{"line":226,"column":7}},"line":224},"17":{"name":"(anonymous_17)","decl":{"start":{"line":228,"column":45},"end":{"line":228,"column":46}},"loc":{"start":{"line":228,"column":57},"end":{"line":237,"column":5}},"line":228},"18":{"name":"(anonymous_18)","decl":{"start":{"line":234,"column":10},"end":{"line":234,"column":11}},"loc":{"start":{"line":234,"column":22},"end":{"line":236,"column":7}},"line":234},"19":{"name":"(anonymous_19)","decl":{"start":{"line":238,"column":50},"end":{"line":238,"column":51}},"loc":{"start":{"line":238,"column":62},"end":{"line":247,"column":5}},"line":238},"20":{"name":"(anonymous_20)","decl":{"start":{"line":244,"column":10},"end":{"line":244,"column":11}},"loc":{"start":{"line":244,"column":22},"end":{"line":246,"column":7}},"line":244},"21":{"name":"(anonymous_21)","decl":{"start":{"line":248,"column":60},"end":{"line":248,"column":61}},"loc":{"start":{"line":248,"column":72},"end":{"line":257,"column":5}},"line":248},"22":{"name":"(anonymous_22)","decl":{"start":{"line":254,"column":10},"end":{"line":254,"column":11}},"loc":{"start":{"line":254,"column":22},"end":{"line":256,"column":7}},"line":254},"23":{"name":"(anonymous_23)","decl":{"start":{"line":258,"column":61},"end":{"line":258,"column":62}},"loc":{"start":{"line":258,"column":73},"end":{"line":267,"column":5}},"line":258},"24":{"name":"(anonymous_24)","decl":{"start":{"line":264,"column":10},"end":{"line":264,"column":11}},"loc":{"start":{"line":264,"column":22},"end":{"line":266,"column":7}},"line":264},"25":{"name":"(anonymous_25)","decl":{"start":{"line":268,"column":59},"end":{"line":268,"column":60}},"loc":{"start":{"line":268,"column":71},"end":{"line":277,"column":5}},"line":268},"26":{"name":"(anonymous_26)","decl":{"start":{"line":274,"column":10},"end":{"line":274,"column":11}},"loc":{"start":{"line":274,"column":22},"end":{"line":276,"column":7}},"line":274},"27":{"name":"(anonymous_27)","decl":{"start":{"line":278,"column":48},"end":{"line":278,"column":49}},"loc":{"start":{"line":278,"column":60},"end":{"line":285,"column":5}},"line":278},"28":{"name":"(anonymous_28)","decl":{"start":{"line":282,"column":10},"end":{"line":282,"column":11}},"loc":{"start":{"line":282,"column":22},"end":{"line":284,"column":7}},"line":282},"29":{"name":"(anonymous_29)","decl":{"start":{"line":286,"column":47},"end":{"line":286,"column":48}},"loc":{"start":{"line":286,"column":59},"end":{"line":294,"column":5}},"line":286},"30":{"name":"(anonymous_30)","decl":{"start":{"line":290,"column":10},"end":{"line":290,"column":11}},"loc":{"start":{"line":290,"column":22},"end":{"line":293,"column":7}},"line":290},"31":{"name":"(anonymous_31)","decl":{"start":{"line":295,"column":57},"end":{"line":295,"column":58}},"loc":{"start":{"line":295,"column":69},"end":{"line":305,"column":5}},"line":295},"32":{"name":"(anonymous_32)","decl":{"start":{"line":301,"column":10},"end":{"line":301,"column":11}},"loc":{"start":{"line":301,"column":22},"end":{"line":304,"column":7}},"line":301},"33":{"name":"(anonymous_33)","decl":{"start":{"line":307,"column":22},"end":{"line":307,"column":23}},"loc":{"start":{"line":307,"column":34},"end":{"line":401,"column":3}},"line":307},"34":{"name":"(anonymous_34)","decl":{"start":{"line":308,"column":20},"end":{"line":308,"column":21}},"loc":{"start":{"line":308,"column":32},"end":{"line":310,"column":5}},"line":308},"35":{"name":"(anonymous_35)","decl":{"start":{"line":311,"column":36},"end":{"line":311,"column":37}},"loc":{"start":{"line":311,"column":48},"end":{"line":313,"column":5}},"line":311},"36":{"name":"(anonymous_36)","decl":{"start":{"line":314,"column":23},"end":{"line":314,"column":24}},"loc":{"start":{"line":314,"column":35},"end":{"line":316,"column":5}},"line":314},"37":{"name":"(anonymous_37)","decl":{"start":{"line":317,"column":25},"end":{"line":317,"column":26}},"loc":{"start":{"line":317,"column":37},"end":{"line":319,"column":5}},"line":317},"38":{"name":"(anonymous_38)","decl":{"start":{"line":320,"column":23},"end":{"line":320,"column":24}},"loc":{"start":{"line":320,"column":35},"end":{"line":322,"column":5}},"line":320},"39":{"name":"(anonymous_39)","decl":{"start":{"line":323,"column":21},"end":{"line":323,"column":22}},"loc":{"start":{"line":323,"column":33},"end":{"line":325,"column":5}},"line":323},"40":{"name":"(anonymous_40)","decl":{"start":{"line":326,"column":18},"end":{"line":326,"column":19}},"loc":{"start":{"line":326,"column":30},"end":{"line":328,"column":5}},"line":326},"41":{"name":"(anonymous_41)","decl":{"start":{"line":329,"column":21},"end":{"line":329,"column":22}},"loc":{"start":{"line":329,"column":33},"end":{"line":331,"column":5}},"line":329},"42":{"name":"(anonymous_42)","decl":{"start":{"line":332,"column":24},"end":{"line":332,"column":25}},"loc":{"start":{"line":332,"column":36},"end":{"line":334,"column":5}},"line":332},"43":{"name":"(anonymous_43)","decl":{"start":{"line":335,"column":19},"end":{"line":335,"column":20}},"loc":{"start":{"line":335,"column":31},"end":{"line":337,"column":5}},"line":335},"44":{"name":"(anonymous_44)","decl":{"start":{"line":338,"column":21},"end":{"line":338,"column":22}},"loc":{"start":{"line":338,"column":33},"end":{"line":340,"column":5}},"line":338},"45":{"name":"(anonymous_45)","decl":{"start":{"line":341,"column":19},"end":{"line":341,"column":20}},"loc":{"start":{"line":341,"column":31},"end":{"line":343,"column":5}},"line":341},"46":{"name":"(anonymous_46)","decl":{"start":{"line":344,"column":19},"end":{"line":344,"column":20}},"loc":{"start":{"line":344,"column":31},"end":{"line":346,"column":5}},"line":344},"47":{"name":"(anonymous_47)","decl":{"start":{"line":347,"column":19},"end":{"line":347,"column":20}},"loc":{"start":{"line":347,"column":31},"end":{"line":349,"column":5}},"line":347},"48":{"name":"(anonymous_48)","decl":{"start":{"line":350,"column":20},"end":{"line":350,"column":21}},"loc":{"start":{"line":350,"column":32},"end":{"line":352,"column":5}},"line":350},"49":{"name":"(anonymous_49)","decl":{"start":{"line":353,"column":22},"end":{"line":353,"column":23}},"loc":{"start":{"line":353,"column":34},"end":{"line":355,"column":5}},"line":353},"50":{"name":"(anonymous_50)","decl":{"start":{"line":356,"column":28},"end":{"line":356,"column":29}},"loc":{"start":{"line":356,"column":40},"end":{"line":358,"column":5}},"line":356},"51":{"name":"(anonymous_51)","decl":{"start":{"line":359,"column":20},"end":{"line":359,"column":21}},"loc":{"start":{"line":359,"column":32},"end":{"line":361,"column":5}},"line":359},"52":{"name":"(anonymous_52)","decl":{"start":{"line":362,"column":22},"end":{"line":362,"column":23}},"loc":{"start":{"line":362,"column":34},"end":{"line":364,"column":5}},"line":362},"53":{"name":"(anonymous_53)","decl":{"start":{"line":365,"column":20},"end":{"line":365,"column":21}},"loc":{"start":{"line":365,"column":32},"end":{"line":367,"column":5}},"line":365},"54":{"name":"(anonymous_54)","decl":{"start":{"line":368,"column":22},"end":{"line":368,"column":23}},"loc":{"start":{"line":368,"column":34},"end":{"line":370,"column":5}},"line":368},"55":{"name":"(anonymous_55)","decl":{"start":{"line":371,"column":19},"end":{"line":371,"column":20}},"loc":{"start":{"line":371,"column":31},"end":{"line":373,"column":5}},"line":371},"56":{"name":"(anonymous_56)","decl":{"start":{"line":374,"column":17},"end":{"line":374,"column":18}},"loc":{"start":{"line":374,"column":29},"end":{"line":376,"column":5}},"line":374},"57":{"name":"(anonymous_57)","decl":{"start":{"line":377,"column":26},"end":{"line":377,"column":27}},"loc":{"start":{"line":377,"column":38},"end":{"line":379,"column":5}},"line":377},"58":{"name":"(anonymous_58)","decl":{"start":{"line":380,"column":25},"end":{"line":380,"column":26}},"loc":{"start":{"line":380,"column":37},"end":{"line":382,"column":5}},"line":380},"59":{"name":"(anonymous_59)","decl":{"start":{"line":383,"column":25},"end":{"line":383,"column":26}},"loc":{"start":{"line":383,"column":37},"end":{"line":385,"column":5}},"line":383},"60":{"name":"(anonymous_60)","decl":{"start":{"line":386,"column":20},"end":{"line":386,"column":21}},"loc":{"start":{"line":386,"column":32},"end":{"line":388,"column":5}},"line":386},"61":{"name":"(anonymous_61)","decl":{"start":{"line":389,"column":24},"end":{"line":389,"column":25}},"loc":{"start":{"line":389,"column":36},"end":{"line":391,"column":5}},"line":389},"62":{"name":"(anonymous_62)","decl":{"start":{"line":392,"column":20},"end":{"line":392,"column":21}},"loc":{"start":{"line":392,"column":32},"end":{"line":394,"column":5}},"line":392},"63":{"name":"(anonymous_63)","decl":{"start":{"line":395,"column":19},"end":{"line":395,"column":20}},"loc":{"start":{"line":395,"column":31},"end":{"line":397,"column":5}},"line":395},"64":{"name":"(anonymous_64)","decl":{"start":{"line":398,"column":16},"end":{"line":398,"column":17}},"loc":{"start":{"line":398,"column":28},"end":{"line":400,"column":5}},"line":398},"65":{"name":"(anonymous_65)","decl":{"start":{"line":402,"column":20},"end":{"line":402,"column":21}},"loc":{"start":{"line":402,"column":32},"end":{"line":526,"column":3}},"line":402},"66":{"name":"(anonymous_66)","decl":{"start":{"line":403,"column":22},"end":{"line":403,"column":23}},"loc":{"start":{"line":403,"column":34},"end":{"line":405,"column":5}},"line":403},"67":{"name":"(anonymous_67)","decl":{"start":{"line":406,"column":18},"end":{"line":406,"column":19}},"loc":{"start":{"line":406,"column":30},"end":{"line":408,"column":5}},"line":406},"68":{"name":"(anonymous_68)","decl":{"start":{"line":409,"column":24},"end":{"line":409,"column":25}},"loc":{"start":{"line":409,"column":36},"end":{"line":411,"column":5}},"line":409},"69":{"name":"(anonymous_69)","decl":{"start":{"line":412,"column":24},"end":{"line":412,"column":25}},"loc":{"start":{"line":412,"column":36},"end":{"line":414,"column":5}},"line":412},"70":{"name":"(anonymous_70)","decl":{"start":{"line":415,"column":33},"end":{"line":415,"column":34}},"loc":{"start":{"line":415,"column":45},"end":{"line":417,"column":5}},"line":415},"71":{"name":"(anonymous_71)","decl":{"start":{"line":418,"column":34},"end":{"line":418,"column":35}},"loc":{"start":{"line":418,"column":46},"end":{"line":420,"column":5}},"line":418},"72":{"name":"(anonymous_72)","decl":{"start":{"line":421,"column":33},"end":{"line":421,"column":34}},"loc":{"start":{"line":421,"column":45},"end":{"line":423,"column":5}},"line":421},"73":{"name":"(anonymous_73)","decl":{"start":{"line":424,"column":35},"end":{"line":424,"column":36}},"loc":{"start":{"line":424,"column":47},"end":{"line":426,"column":5}},"line":424},"74":{"name":"(anonymous_74)","decl":{"start":{"line":427,"column":32},"end":{"line":427,"column":33}},"loc":{"start":{"line":427,"column":55},"end":{"line":431,"column":5}},"line":427},"75":{"name":"(anonymous_75)","decl":{"start":{"line":428,"column":95},"end":{"line":428,"column":96}},"loc":{"start":{"line":428,"column":107},"end":{"line":430,"column":7}},"line":428},"76":{"name":"(anonymous_76)","decl":{"start":{"line":432,"column":32},"end":{"line":432,"column":33}},"loc":{"start":{"line":432,"column":55},"end":{"line":436,"column":5}},"line":432},"77":{"name":"(anonymous_77)","decl":{"start":{"line":433,"column":95},"end":{"line":433,"column":96}},"loc":{"start":{"line":433,"column":107},"end":{"line":435,"column":7}},"line":433},"78":{"name":"(anonymous_78)","decl":{"start":{"line":437,"column":32},"end":{"line":437,"column":33}},"loc":{"start":{"line":437,"column":55},"end":{"line":441,"column":5}},"line":437},"79":{"name":"(anonymous_79)","decl":{"start":{"line":438,"column":95},"end":{"line":438,"column":96}},"loc":{"start":{"line":438,"column":107},"end":{"line":440,"column":7}},"line":438},"80":{"name":"(anonymous_80)","decl":{"start":{"line":442,"column":32},"end":{"line":442,"column":33}},"loc":{"start":{"line":442,"column":55},"end":{"line":446,"column":5}},"line":442},"81":{"name":"(anonymous_81)","decl":{"start":{"line":443,"column":96},"end":{"line":443,"column":97}},"loc":{"start":{"line":443,"column":108},"end":{"line":445,"column":7}},"line":443},"82":{"name":"(anonymous_82)","decl":{"start":{"line":447,"column":32},"end":{"line":447,"column":33}},"loc":{"start":{"line":447,"column":55},"end":{"line":451,"column":5}},"line":447},"83":{"name":"(anonymous_83)","decl":{"start":{"line":448,"column":99},"end":{"line":448,"column":100}},"loc":{"start":{"line":448,"column":111},"end":{"line":450,"column":7}},"line":448},"84":{"name":"(anonymous_84)","decl":{"start":{"line":452,"column":32},"end":{"line":452,"column":33}},"loc":{"start":{"line":452,"column":55},"end":{"line":460,"column":5}},"line":452},"85":{"name":"(anonymous_85)","decl":{"start":{"line":454,"column":24},"end":{"line":454,"column":25}},"loc":{"start":{"line":454,"column":37},"end":{"line":459,"column":7}},"line":454},"86":{"name":"(anonymous_86)","decl":{"start":{"line":455,"column":101},"end":{"line":455,"column":102}},"loc":{"start":{"line":455,"column":113},"end":{"line":458,"column":9}},"line":455},"87":{"name":"(anonymous_87)","decl":{"start":{"line":461,"column":26},"end":{"line":461,"column":27}},"loc":{"start":{"line":461,"column":38},"end":{"line":463,"column":5}},"line":461},"88":{"name":"(anonymous_88)","decl":{"start":{"line":464,"column":32},"end":{"line":464,"column":33}},"loc":{"start":{"line":464,"column":44},"end":{"line":466,"column":5}},"line":464},"89":{"name":"(anonymous_89)","decl":{"start":{"line":467,"column":31},"end":{"line":467,"column":32}},"loc":{"start":{"line":467,"column":43},"end":{"line":469,"column":5}},"line":467},"90":{"name":"(anonymous_90)","decl":{"start":{"line":470,"column":27},"end":{"line":470,"column":28}},"loc":{"start":{"line":470,"column":39},"end":{"line":478,"column":5}},"line":470},"91":{"name":"(anonymous_91)","decl":{"start":{"line":479,"column":28},"end":{"line":479,"column":29}},"loc":{"start":{"line":479,"column":40},"end":{"line":487,"column":5}},"line":479},"92":{"name":"(anonymous_92)","decl":{"start":{"line":488,"column":24},"end":{"line":488,"column":25}},"loc":{"start":{"line":488,"column":36},"end":{"line":496,"column":5}},"line":488},"93":{"name":"(anonymous_93)","decl":{"start":{"line":497,"column":25},"end":{"line":497,"column":26}},"loc":{"start":{"line":497,"column":37},"end":{"line":505,"column":5}},"line":497},"94":{"name":"(anonymous_94)","decl":{"start":{"line":506,"column":28},"end":{"line":506,"column":29}},"loc":{"start":{"line":506,"column":40},"end":{"line":515,"column":5}},"line":506},"95":{"name":"(anonymous_95)","decl":{"start":{"line":516,"column":29},"end":{"line":516,"column":30}},"loc":{"start":{"line":516,"column":41},"end":{"line":525,"column":5}},"line":516}},"branchMap":{"0":{"loc":{"start":{"line":3,"column":15},"end":{"line":3,"column":256}},"type":"binary-expr","locations":[{"start":{"line":3,"column":15},"end":{"line":3,"column":28}},{"start":{"line":3,"column":32},"end":{"line":3,"column":256}}],"line":3},"1":{"loc":{"start":{"line":3,"column":150},"end":{"line":3,"column":235}},"type":"if","locations":[{"start":{"line":3,"column":150},"end":{"line":3,"column":235}},{"start":{"line":3,"column":150},"end":{"line":3,"column":235}}],"line":3},"2":{"loc":{"start":{"line":147,"column":46},"end":{"line":147,"column":92}},"type":"cond-expr","locations":[{"start":{"line":147,"column":70},"end":{"line":147,"column":73}},{"start":{"line":147,"column":76},"end":{"line":147,"column":92}}],"line":147},"3":{"loc":{"start":{"line":147,"column":46},"end":{"line":147,"column":67}},"type":"binary-expr","locations":[{"start":{"line":147,"column":46},"end":{"line":147,"column":49}},{"start":{"line":147,"column":53},"end":{"line":147,"column":67}}],"line":147},"4":{"loc":{"start":{"line":404,"column":32},"end":{"line":404,"column":81}},"type":"cond-expr","locations":[{"start":{"line":404,"column":69},"end":{"line":404,"column":73}},{"start":{"line":404,"column":76},"end":{"line":404,"column":81}}],"line":404},"5":{"loc":{"start":{"line":407,"column":32},"end":{"line":407,"column":77}},"type":"cond-expr","locations":[{"start":{"line":407,"column":65},"end":{"line":407,"column":69}},{"start":{"line":407,"column":72},"end":{"line":407,"column":77}}],"line":407}},"s":{"0":1,"1":0,"2":0,"3":0,"4":0,"5":0,"6":0,"7":0,"8":1,"9":1,"10":1,"11":1,"12":1,"13":1,"14":1,"15":1,"16":1,"17":1,"18":1,"19":1,"20":1,"21":1,"22":1,"23":1,"24":1,"25":1,"26":1,"27":1,"28":1,"29":1,"30":1,"31":1,"32":1,"33":1,"34":1,"35":1,"36":1,"37":1,"38":1,"39":1,"40":1,"41":1,"42":1,"43":1,"44":1,"45":1,"46":1,"47":1,"48":1,"49":1,"50":1,"51":1,"52":1,"53":1,"54":1,"55":1,"56":1,"57":1,"58":1,"59":1,"60":1,"61":1,"62":1,"63":1,"64":1,"65":1,"66":1,"67":1,"68":1,"69":1,"70":1,"71":1,"72":1,"73":1,"74":1,"75":1,"76":1,"77":1,"78":1,"79":33,"80":1,"81":1,"82":1,"83":1,"84":1,"85":1,"86":1,"87":0,"88":1,"89":1,"90":0,"91":1,"92":1,"93":0,"94":1,"95":1,"96":0,"97":1,"98":1,"99":1,"100":0,"101":1,"102":1,"103":1,"104":0,"105":1,"106":1,"107":0,"108":1,"109":1,"110":0,"111":1,"112":1,"113":0,"114":1,"115":1,"116":0,"117":1,"118":1,"119":0,"120":1,"121":1,"122":0,"123":1,"124":1,"125":0,"126":0,"127":1,"128":1,"129":0,"130":0,"131":1,"132":1,"133":1,"134":1,"135":1,"136":1,"137":1,"138":1,"139":1,"140":1,"141":1,"142":1,"143":1,"144":1,"145":1,"146":1,"147":1,"148":1,"149":1,"150":1,"151":1,"152":1,"153":1,"154":1,"155":1,"156":1,"157":1,"158":1,"159":1,"160":1,"161":1,"162":1,"163":1,"164":1,"165":1,"166":1,"167":1,"168":1,"169":1,"170":1,"171":1,"172":1,"173":1,"174":1,"175":1,"176":1,"177":1,"178":1,"179":1,"180":1,"181":1,"182":1,"183":1,"184":1,"185":1,"186":1,"187":1,"188":1,"189":1,"190":1,"191":1,"192":1,"193":1,"194":1,"195":1,"196":1,"197":1,"198":1,"199":1,"200":1,"201":1,"202":1,"203":1,"204":1,"205":1,"206":1,"207":1,"208":1,"209":1,"210":1,"211":1,"212":7,"213":7,"214":1,"215":7,"216":7,"217":1,"218":7,"219":7,"220":1,"221":7,"222":7,"223":1,"224":7,"225":7,"226":1,"227":7,"228":7,"229":21,"230":21,"231":21,"232":1,"233":1,"234":1,"235":1,"236":1,"237":1,"238":1,"239":1,"240":1,"241":1,"242":1,"243":1,"244":1,"245":1,"246":1,"247":1,"248":1,"249":1,"250":1,"251":1},"f":{"0":0,"1":33,"2":1,"3":1,"4":1,"5":1,"6":0,"7":1,"8":0,"9":1,"10":0,"11":1,"12":0,"13":1,"14":0,"15":1,"16":0,"17":1,"18":0,"19":1,"20":0,"21":1,"22":0,"23":1,"24":0,"25":1,"26":0,"27":1,"28":0,"29":1,"30":0,"31":1,"32":0,"33":1,"34":1,"35":1,"36":1,"37":1,"38":1,"39":1,"40":1,"41":1,"42":1,"43":1,"44":1,"45":1,"46":1,"47":1,"48":1,"49":1,"50":1,"51":1,"52":1,"53":1,"54":1,"55":1,"56":1,"57":1,"58":1,"59":1,"60":1,"61":1,"62":1,"63":1,"64":1,"65":1,"66":1,"67":1,"68":1,"69":1,"70":1,"71":1,"72":1,"73":1,"74":7,"75":7,"76":7,"77":7,"78":7,"79":7,"80":7,"81":7,"82":7,"83":7,"84":7,"85":21,"86":21,"87":1,"88":1,"89":1,"90":1,"91":1,"92":1,"93":1,"94":1,"95":1},"b":{"0":[1,0],"1":[0,0],"2":[31,2],"3":[33,33],"4":[1,0],"5":[1,0]},"_coverageSchema":"43e27e138ebf9cfc5966b082cf9a028302ed4184","hash":"79833c1b08869135df5363f86bd53a1d1f060b05","contentHash":"ccace4a8cf71d05af2d63047ba8339dd9a85773a3a59d455e33857d008dd928d"},"D:\\unit\\red_tetris\\src\\client\\reducers\\index.js":{"path":"D:\\unit\\red_tetris\\src\\client\\reducers\\index.js","statementMap":{"0":{"start":{"line":3,"column":0},"end":{"line":5,"column":3}},"1":{"start":{"line":6,"column":0},"end":{"line":6,"column":87}},"2":{"start":{"line":8,"column":17},"end":{"line":8,"column":37}},"3":{"start":{"line":10,"column":13},"end":{"line":10,"column":32}},"4":{"start":{"line":12,"column":13},"end":{"line":12,"column":42}},"5":{"start":{"line":14,"column":14},"end":{"line":14,"column":44}},"6":{"start":{"line":16,"column":39},"end":{"line":16,"column":93}},"7":{"start":{"line":18,"column":18},"end":{"line":58,"column":1}},"8":{"start":{"line":60,"column":10},"end":{"line":60,"column":664}},"9":{"start":{"line":62,"column":19},"end":{"line":92,"column":1}},"10":{"start":{"line":94,"column":14},"end":{"line":194,"column":1}},"11":{"start":{"line":95,"column":14},"end":{"line":95,"column":118}},"12":{"start":{"line":96,"column":15},"end":{"line":96,"column":27}},"13":{"start":{"line":98,"column":13},"end":{"line":98,"column":72}},"14":{"start":{"line":99,"column":20},"end":{"line":99,"column":93}},"15":{"start":{"line":100,"column":2},"end":{"line":193,"column":3}},"16":{"start":{"line":102,"column":6},"end":{"line":104,"column":7}},"17":{"start":{"line":103,"column":8},"end":{"line":103,"column":65}},"18":{"start":{"line":105,"column":6},"end":{"line":105,"column":609}},"19":{"start":{"line":107,"column":6},"end":{"line":107,"column":82}},"20":{"start":{"line":109,"column":6},"end":{"line":109,"column":139}},"21":{"start":{"line":111,"column":6},"end":{"line":111,"column":112}},"22":{"start":{"line":113,"column":6},"end":{"line":113,"column":83}},"23":{"start":{"line":115,"column":6},"end":{"line":115,"column":114}},"24":{"start":{"line":117,"column":6},"end":{"line":117,"column":82}},"25":{"start":{"line":119,"column":6},"end":{"line":119,"column":232}},"26":{"start":{"line":121,"column":6},"end":{"line":121,"column":152}},"27":{"start":{"line":123,"column":6},"end":{"line":123,"column":104}},"28":{"start":{"line":125,"column":6},"end":{"line":125,"column":79}},"29":{"start":{"line":127,"column":6},"end":{"line":127,"column":258}},"30":{"start":{"line":129,"column":6},"end":{"line":129,"column":99}},"31":{"start":{"line":133,"column":6},"end":{"line":133,"column":229}},"32":{"start":{"line":135,"column":6},"end":{"line":135,"column":72}},"33":{"start":{"line":137,"column":6},"end":{"line":137,"column":83}},"34":{"start":{"line":139,"column":6},"end":{"line":139,"column":51}},"35":{"start":{"line":141,"column":6},"end":{"line":145,"column":7}},"36":{"start":{"line":142,"column":8},"end":{"line":142,"column":54}},"37":{"start":{"line":144,"column":8},"end":{"line":144,"column":21}},"38":{"start":{"line":147,"column":6},"end":{"line":151,"column":7}},"39":{"start":{"line":148,"column":8},"end":{"line":148,"column":55}},"40":{"start":{"line":150,"column":8},"end":{"line":150,"column":21}},"41":{"start":{"line":153,"column":6},"end":{"line":157,"column":7}},"42":{"start":{"line":154,"column":8},"end":{"line":154,"column":54}},"43":{"start":{"line":156,"column":8},"end":{"line":156,"column":21}},"44":{"start":{"line":159,"column":6},"end":{"line":163,"column":7}},"45":{"start":{"line":160,"column":8},"end":{"line":160,"column":59}},"46":{"start":{"line":162,"column":8},"end":{"line":162,"column":21}},"47":{"start":{"line":165,"column":6},"end":{"line":169,"column":7}},"48":{"start":{"line":166,"column":8},"end":{"line":166,"column":63}},"49":{"start":{"line":168,"column":8},"end":{"line":168,"column":21}},"50":{"start":{"line":171,"column":6},"end":{"line":171,"column":52}},"51":{"start":{"line":173,"column":6},"end":{"line":173,"column":105}},"52":{"start":{"line":175,"column":6},"end":{"line":175,"column":105}},"53":{"start":{"line":177,"column":6},"end":{"line":177,"column":52}},"54":{"start":{"line":179,"column":6},"end":{"line":179,"column":72}},"55":{"start":{"line":181,"column":6},"end":{"line":181,"column":102}},"56":{"start":{"line":183,"column":6},"end":{"line":183,"column":73}},"57":{"start":{"line":186,"column":6},"end":{"line":186,"column":72}},"58":{"start":{"line":188,"column":6},"end":{"line":188,"column":55}},"59":{"start":{"line":190,"column":6},"end":{"line":190,"column":75}},"60":{"start":{"line":192,"column":6},"end":{"line":192,"column":19}},"61":{"start":{"line":196,"column":0},"end":{"line":196,"column":26}}},"fnMap":{"0":{"name":"_interopRequireDefault","decl":{"start":{"line":16,"column":9},"end":{"line":16,"column":31}},"loc":{"start":{"line":16,"column":37},"end":{"line":16,"column":95}},"line":16},"1":{"name":"reducer","decl":{"start":{"line":94,"column":41},"end":{"line":94,"column":48}},"loc":{"start":{"line":94,"column":51},"end":{"line":194,"column":1}},"line":94}},"branchMap":{"0":{"loc":{"start":{"line":16,"column":46},"end":{"line":16,"column":92}},"type":"cond-expr","locations":[{"start":{"line":16,"column":70},"end":{"line":16,"column":73}},{"start":{"line":16,"column":76},"end":{"line":16,"column":92}}],"line":16},"1":{"loc":{"start":{"line":16,"column":46},"end":{"line":16,"column":67}},"type":"binary-expr","locations":[{"start":{"line":16,"column":46},"end":{"line":16,"column":49}},{"start":{"line":16,"column":53},"end":{"line":16,"column":67}}],"line":16},"2":{"loc":{"start":{"line":95,"column":14},"end":{"line":95,"column":118}},"type":"cond-expr","locations":[{"start":{"line":95,"column":67},"end":{"line":95,"column":79}},{"start":{"line":95,"column":82},"end":{"line":95,"column":118}}],"line":95},"3":{"loc":{"start":{"line":95,"column":14},"end":{"line":95,"column":64}},"type":"binary-expr","locations":[{"start":{"line":95,"column":14},"end":{"line":95,"column":34}},{"start":{"line":95,"column":38},"end":{"line":95,"column":64}}],"line":95},"4":{"loc":{"start":{"line":98,"column":13},"end":{"line":98,"column":72}},"type":"cond-expr","locations":[{"start":{"line":98,"column":37},"end":{"line":98,"column":65}},{"start":{"line":98,"column":68},"end":{"line":98,"column":72}}],"line":98},"5":{"loc":{"start":{"line":99,"column":20},"end":{"line":99,"column":93}},"type":"cond-expr","locations":[{"start":{"line":99,"column":51},"end":{"line":99,"column":86}},{"start":{"line":99,"column":89},"end":{"line":99,"column":93}}],"line":99},"6":{"loc":{"start":{"line":100,"column":2},"end":{"line":193,"column":3}},"type":"switch","locations":[{"start":{"line":101,"column":4},"end":{"line":105,"column":609}},{"start":{"line":106,"column":4},"end":{"line":107,"column":82}},{"start":{"line":108,"column":4},"end":{"line":109,"column":139}},{"start":{"line":110,"column":4},"end":{"line":111,"column":112}},{"start":{"line":112,"column":4},"end":{"line":113,"column":83}},{"start":{"line":114,"column":4},"end":{"line":115,"column":114}},{"start":{"line":116,"column":4},"end":{"line":117,"column":82}},{"start":{"line":118,"column":4},"end":{"line":119,"column":232}},{"start":{"line":120,"column":4},"end":{"line":121,"column":152}},{"start":{"line":122,"column":4},"end":{"line":123,"column":104}},{"start":{"line":124,"column":4},"end":{"line":125,"column":79}},{"start":{"line":126,"column":4},"end":{"line":127,"column":258}},{"start":{"line":128,"column":4},"end":{"line":129,"column":99}},{"start":{"line":132,"column":4},"end":{"line":133,"column":229}},{"start":{"line":134,"column":4},"end":{"line":135,"column":72}},{"start":{"line":136,"column":4},"end":{"line":137,"column":83}},{"start":{"line":138,"column":4},"end":{"line":139,"column":51}},{"start":{"line":140,"column":4},"end":{"line":145,"column":7}},{"start":{"line":146,"column":4},"end":{"line":151,"column":7}},{"start":{"line":152,"column":4},"end":{"line":157,"column":7}},{"start":{"line":158,"column":4},"end":{"line":163,"column":7}},{"start":{"line":164,"column":4},"end":{"line":169,"column":7}},{"start":{"line":170,"column":4},"end":{"line":171,"column":52}},{"start":{"line":172,"column":4},"end":{"line":173,"column":105}},{"start":{"line":174,"column":4},"end":{"line":175,"column":105}},{"start":{"line":176,"column":4},"end":{"line":177,"column":52}},{"start":{"line":178,"column":4},"end":{"line":179,"column":72}},{"start":{"line":180,"column":4},"end":{"line":181,"column":102}},{"start":{"line":182,"column":4},"end":{"line":183,"column":73}},{"start":{"line":184,"column":4},"end":{"line":186,"column":72}},{"start":{"line":187,"column":4},"end":{"line":188,"column":55}},{"start":{"line":189,"column":4},"end":{"line":190,"column":75}},{"start":{"line":191,"column":4},"end":{"line":192,"column":19}}],"line":100},"7":{"loc":{"start":{"line":102,"column":6},"end":{"line":104,"column":7}},"type":"if","locations":[{"start":{"line":102,"column":6},"end":{"line":104,"column":7}},{"start":{"line":102,"column":6},"end":{"line":104,"column":7}}],"line":102},"8":{"loc":{"start":{"line":127,"column":182},"end":{"line":127,"column":255}},"type":"cond-expr","locations":[{"start":{"line":127,"column":243},"end":{"line":127,"column":247}},{"start":{"line":127,"column":250},"end":{"line":127,"column":255}}],"line":127},"9":{"loc":{"start":{"line":141,"column":6},"end":{"line":145,"column":7}},"type":"if","locations":[{"start":{"line":141,"column":6},"end":{"line":145,"column":7}},{"start":{"line":141,"column":6},"end":{"line":145,"column":7}}],"line":141},"10":{"loc":{"start":{"line":147,"column":6},"end":{"line":151,"column":7}},"type":"if","locations":[{"start":{"line":147,"column":6},"end":{"line":151,"column":7}},{"start":{"line":147,"column":6},"end":{"line":151,"column":7}}],"line":147},"11":{"loc":{"start":{"line":153,"column":6},"end":{"line":157,"column":7}},"type":"if","locations":[{"start":{"line":153,"column":6},"end":{"line":157,"column":7}},{"start":{"line":153,"column":6},"end":{"line":157,"column":7}}],"line":153},"12":{"loc":{"start":{"line":159,"column":6},"end":{"line":163,"column":7}},"type":"if","locations":[{"start":{"line":159,"column":6},"end":{"line":163,"column":7}},{"start":{"line":159,"column":6},"end":{"line":163,"column":7}}],"line":159},"13":{"loc":{"start":{"line":165,"column":6},"end":{"line":169,"column":7}},"type":"if","locations":[{"start":{"line":165,"column":6},"end":{"line":169,"column":7}},{"start":{"line":165,"column":6},"end":{"line":169,"column":7}}],"line":165}},"s":{"0":1,"1":1,"2":1,"3":1,"4":1,"5":1,"6":1,"7":1,"8":1,"9":1,"10":1,"11":15,"12":15,"13":15,"14":15,"15":15,"16":4,"17":1,"18":4,"19":0,"20":7,"21":0,"22":0,"23":0,"24":0,"25":0,"26":0,"27":1,"28":1,"29":1,"30":0,"31":0,"32":0,"33":0,"34":0,"35":0,"36":0,"37":0,"38":0,"39":0,"40":0,"41":0,"42":0,"43":0,"44":0,"45":0,"46":0,"47":0,"48":0,"49":0,"50":0,"51":0,"52":0,"53":0,"54":0,"55":0,"56":0,"57":0,"58":0,"59":0,"60":1,"61":1},"f":{"0":1,"1":15},"b":{"0":[1,0],"1":[1,1],"2":[14,1],"3":[15,15],"4":[0,15],"5":[0,15],"6":[4,0,7,0,0,0,0,0,0,1,1,1,0,0,0,0,0,0,0,0,0,0,0,0,0,0,0,0,0,0,0,0,1],"7":[1,3],"8":[0,1],"9":[0,0],"10":[0,0],"11":[0,0],"12":[0,0],"13":[0,0]},"_coverageSchema":"43e27e138ebf9cfc5966b082cf9a028302ed4184","hash":"9c827b216caa0fbf2ac2d9900c517eaf29beadb7","contentHash":"64acf41bdee037bffb7a08f43818c8e7e896b80cb0d1e0779e810cf274246d5a"},"D:\\unit\\red_tetris\\src\\client\\utils.js":{"path":"D:\\unit\\red_tetris\\src\\client\\utils.js","statementMap":{"0":{"start":{"line":3,"column":0},"end":{"line":5,"column":3}},"1":{"start":{"line":6,"column":0},"end":{"line":6,"column":260}},"2":{"start":{"line":8,"column":13},"end":{"line":8,"column":39}},"3":{"start":{"line":10,"column":14},"end":{"line":10,"column":44}},"4":{"start":{"line":12,"column":39},"end":{"line":12,"column":93}},"5":{"start":{"line":14,"column":18},"end":{"line":26,"column":1}},"6":{"start":{"line":15,"column":4},"end":{"line":17,"column":5}},"7":{"start":{"line":16,"column":8},"end":{"line":16,"column":20}},"8":{"start":{"line":18,"column":15},"end":{"line":18,"column":32}},"9":{"start":{"line":19,"column":24},"end":{"line":19,"column":42}},"10":{"start":{"line":20,"column":22},"end":{"line":20,"column":39}},"11":{"start":{"line":21,"column":19},"end":{"line":21,"column":61}},"12":{"start":{"line":22,"column":4},"end":{"line":24,"column":5}},"13":{"start":{"line":23,"column":8},"end":{"line":23,"column":20}},"14":{"start":{"line":25,"column":4},"end":{"line":25,"column":20}},"15":{"start":{"line":27,"column":14},"end":{"line":39,"column":1}},"16":{"start":{"line":28,"column":4},"end":{"line":30,"column":5}},"17":{"start":{"line":29,"column":8},"end":{"line":29,"column":20}},"18":{"start":{"line":31,"column":15},"end":{"line":31,"column":32}},"19":{"start":{"line":32,"column":20},"end":{"line":32,"column":37}},"20":{"start":{"line":33,"column":18},"end":{"line":33,"column":35}},"21":{"start":{"line":34,"column":15},"end":{"line":34,"column":49}},"22":{"start":{"line":35,"column":4},"end":{"line":37,"column":5}},"23":{"start":{"line":36,"column":8},"end":{"line":36,"column":20}},"24":{"start":{"line":38,"column":4},"end":{"line":38,"column":16}},"25":{"start":{"line":40,"column":20},"end":{"line":52,"column":1}},"26":{"start":{"line":41,"column":12},"end":{"line":41,"column":20}},"27":{"start":{"line":42,"column":12},"end":{"line":42,"column":20}},"28":{"start":{"line":44,"column":4},"end":{"line":46,"column":5}},"29":{"start":{"line":45,"column":8},"end":{"line":45,"column":21}},"30":{"start":{"line":47,"column":4},"end":{"line":51,"column":5}},"31":{"start":{"line":48,"column":8},"end":{"line":48,"column":20}},"32":{"start":{"line":50,"column":8},"end":{"line":50,"column":21}},"33":{"start":{"line":53,"column":18},"end":{"line":63,"column":1}},"34":{"start":{"line":54,"column":19},"end":{"line":54,"column":21}},"35":{"start":{"line":55,"column":4},"end":{"line":60,"column":7}},"36":{"start":{"line":56,"column":8},"end":{"line":59,"column":11}},"37":{"start":{"line":57,"column":12},"end":{"line":57,"column":47}},"38":{"start":{"line":57,"column":30},"end":{"line":57,"column":47}},"39":{"start":{"line":58,"column":12},"end":{"line":58,"column":58}},"40":{"start":{"line":62,"column":4},"end":{"line":62,"column":20}},"41":{"start":{"line":64,"column":24},"end":{"line":73,"column":1}},"42":{"start":{"line":65,"column":4},"end":{"line":71,"column":7}},"43":{"start":{"line":66,"column":8},"end":{"line":70,"column":11}},"44":{"start":{"line":67,"column":12},"end":{"line":69,"column":13}},"45":{"start":{"line":68,"column":16},"end":{"line":68,"column":43}},"46":{"start":{"line":72,"column":4},"end":{"line":72,"column":17}},"47":{"start":{"line":74,"column":24},"end":{"line":96,"column":1}},"48":{"start":{"line":75,"column":25},"end":{"line":75,"column":30}},"49":{"start":{"line":76,"column":4},"end":{"line":95,"column":5}},"50":{"start":{"line":77,"column":8},"end":{"line":91,"column":11}},"51":{"start":{"line":78,"column":12},"end":{"line":90,"column":15}},"52":{"start":{"line":79,"column":27},"end":{"line":79,"column":35}},"53":{"start":{"line":80,"column":27},"end":{"line":80,"column":35}},"54":{"start":{"line":81,"column":30},"end":{"line":81,"column":34}},"55":{"start":{"line":82,"column":27},"end":{"line":82,"column":31}},"56":{"start":{"line":84,"column":16},"end":{"line":84,"column":74}},"57":{"start":{"line":84,"column":58},"end":{"line":84,"column":74}},"58":{"start":{"line":85,"column":16},"end":{"line":85,"column":127}},"59":{"start":{"line":85,"column":114},"end":{"line":85,"column":127}},"60":{"start":{"line":86,"column":16},"end":{"line":89,"column":17}},"61":{"start":{"line":88,"column":20},"end":{"line":88,"column":31}},"62":{"start":{"line":92,"column":8},"end":{"line":92,"column":20}},"63":{"start":{"line":94,"column":8},"end":{"line":94,"column":21}},"64":{"start":{"line":97,"column":15},"end":{"line":105,"column":1}},"65":{"start":{"line":98,"column":17},"end":{"line":98,"column":21}},"66":{"start":{"line":99,"column":4},"end":{"line":103,"column":7}},"67":{"start":{"line":100,"column":8},"end":{"line":102,"column":9}},"68":{"start":{"line":101,"column":12},"end":{"line":101,"column":28}},"69":{"start":{"line":104,"column":4},"end":{"line":104,"column":18}},"70":{"start":{"line":106,"column":19},"end":{"line":115,"column":1}},"71":{"start":{"line":107,"column":17},"end":{"line":107,"column":18}},"72":{"start":{"line":108,"column":4},"end":{"line":113,"column":7}},"73":{"start":{"line":109,"column":8},"end":{"line":112,"column":9}},"74":{"start":{"line":110,"column":12},"end":{"line":110,"column":43}},"75":{"start":{"line":111,"column":12},"end":{"line":111,"column":19}},"76":{"start":{"line":114,"column":4},"end":{"line":114,"column":18}},"77":{"start":{"line":116,"column":18},"end":{"line":124,"column":1}},"78":{"start":{"line":117,"column":17},"end":{"line":117,"column":21}},"79":{"start":{"line":118,"column":4},"end":{"line":122,"column":7}},"80":{"start":{"line":119,"column":8},"end":{"line":121,"column":9}},"81":{"start":{"line":120,"column":12},"end":{"line":120,"column":32}},"82":{"start":{"line":123,"column":4},"end":{"line":123,"column":18}},"83":{"start":{"line":125,"column":20},"end":{"line":141,"column":1}},"84":{"start":{"line":126,"column":19},"end":{"line":126,"column":24}},"85":{"start":{"line":127,"column":22},"end":{"line":127,"column":23}},"86":{"start":{"line":129,"column":4},"end":{"line":136,"column":5}},"87":{"start":{"line":129,"column":17},"end":{"line":129,"column":36}},"88":{"start":{"line":130,"column":8},"end":{"line":135,"column":9}},"89":{"start":{"line":131,"column":12},"end":{"line":131,"column":34}},"90":{"start":{"line":132,"column":12},"end":{"line":132,"column":61}},"91":{"start":{"line":133,"column":12},"end":{"line":133,"column":26}},"92":{"start":{"line":134,"column":12},"end":{"line":134,"column":16}},"93":{"start":{"line":137,"column":4},"end":{"line":140,"column":6}},"94":{"start":{"line":143,"column":16},"end":{"line":156,"column":1}},"95":{"start":{"line":144,"column":4},"end":{"line":146,"column":5}},"96":{"start":{"line":145,"column":8},"end":{"line":145,"column":21}},"97":{"start":{"line":147,"column":19},"end":{"line":147,"column":78}},"98":{"start":{"line":148,"column":4},"end":{"line":154,"column":5}},"99":{"start":{"line":149,"column":28},"end":{"line":149,"column":88}},"100":{"start":{"line":150,"column":8},"end":{"line":152,"column":9}},"101":{"start":{"line":151,"column":12},"end":{"line":151,"column":24}},"102":{"start":{"line":153,"column":8},"end":{"line":153,"column":44}},"103":{"start":{"line":155,"column":4},"end":{"line":155,"column":17}},"104":{"start":{"line":158,"column":0},"end":{"line":158,"column":30}},"105":{"start":{"line":159,"column":0},"end":{"line":159,"column":34}},"106":{"start":{"line":160,"column":0},"end":{"line":160,"column":26}},"107":{"start":{"line":161,"column":0},"end":{"line":161,"column":46}},"108":{"start":{"line":162,"column":0},"end":{"line":162,"column":46}},"109":{"start":{"line":163,"column":0},"end":{"line":163,"column":34}},"110":{"start":{"line":164,"column":0},"end":{"line":164,"column":38}},"111":{"start":{"line":165,"column":0},"end":{"line":165,"column":36}},"112":{"start":{"line":166,"column":0},"end":{"line":166,"column":28}},"113":{"start":{"line":167,"column":0},"end":{"line":167,"column":34}}},"fnMap":{"0":{"name":"_interopRequireDefault","decl":{"start":{"line":12,"column":9},"end":{"line":12,"column":31}},"loc":{"start":{"line":12,"column":37},"end":{"line":12,"column":95}},"line":12},"1":{"name":"getRoomName","decl":{"start":{"line":14,"column":27},"end":{"line":14,"column":38}},"loc":{"start":{"line":14,"column":44},"end":{"line":26,"column":1}},"line":14},"2":{"name":"getName","decl":{"start":{"line":27,"column":23},"end":{"line":27,"column":30}},"loc":{"start":{"line":27,"column":36},"end":{"line":39,"column":1}},"line":27},"3":{"name":"isPartOfPiece","decl":{"start":{"line":40,"column":53},"end":{"line":40,"column":66}},"loc":{"start":{"line":40,"column":92},"end":{"line":52,"column":1}},"line":40},"4":{"name":"rotatePiece","decl":{"start":{"line":53,"column":27},"end":{"line":53,"column":38}},"loc":{"start":{"line":53,"column":46},"end":{"line":63,"column":1}},"line":53},"5":{"name":"(anonymous_5)","decl":{"start":{"line":55,"column":14},"end":{"line":55,"column":15}},"loc":{"start":{"line":55,"column":32},"end":{"line":60,"column":5}},"line":55},"6":{"name":"(anonymous_6)","decl":{"start":{"line":56,"column":16},"end":{"line":56,"column":17}},"loc":{"start":{"line":56,"column":35},"end":{"line":59,"column":9}},"line":56},"7":{"name":"placePieceOnBoard","decl":{"start":{"line":64,"column":33},"end":{"line":64,"column":50}},"loc":{"start":{"line":64,"column":91},"end":{"line":73,"column":1}},"line":64},"8":{"name":"(anonymous_8)","decl":{"start":{"line":65,"column":14},"end":{"line":65,"column":15}},"loc":{"start":{"line":65,"column":32},"end":{"line":71,"column":5}},"line":65},"9":{"name":"(anonymous_9)","decl":{"start":{"line":66,"column":16},"end":{"line":66,"column":17}},"loc":{"start":{"line":66,"column":35},"end":{"line":70,"column":9}},"line":66},"10":{"name":"isPossibleToPlace","decl":{"start":{"line":74,"column":33},"end":{"line":74,"column":50}},"loc":{"start":{"line":74,"column":91},"end":{"line":96,"column":1}},"line":74},"11":{"name":"(anonymous_11)","decl":{"start":{"line":77,"column":31},"end":{"line":77,"column":32}},"loc":{"start":{"line":77,"column":50},"end":{"line":91,"column":9}},"line":77},"12":{"name":"(anonymous_12)","decl":{"start":{"line":78,"column":25},"end":{"line":78,"column":26}},"loc":{"start":{"line":78,"column":44},"end":{"line":90,"column":13}},"line":78},"13":{"name":"getEnemy","decl":{"start":{"line":97,"column":24},"end":{"line":97,"column":32}},"loc":{"start":{"line":97,"column":58},"end":{"line":105,"column":1}},"line":97},"14":{"name":"(anonymous_14)","decl":{"start":{"line":99,"column":23},"end":{"line":99,"column":24}},"loc":{"start":{"line":99,"column":41},"end":{"line":103,"column":5}},"line":99},"15":{"name":"getEnemyTime","decl":{"start":{"line":106,"column":28},"end":{"line":106,"column":40}},"loc":{"start":{"line":106,"column":66},"end":{"line":115,"column":1}},"line":106},"16":{"name":"(anonymous_16)","decl":{"start":{"line":108,"column":23},"end":{"line":108,"column":24}},"loc":{"start":{"line":108,"column":41},"end":{"line":113,"column":5}},"line":108},"17":{"name":"getEnemyMap","decl":{"start":{"line":116,"column":27},"end":{"line":116,"column":38}},"loc":{"start":{"line":116,"column":64},"end":{"line":124,"column":1}},"line":116},"18":{"name":"(anonymous_18)","decl":{"start":{"line":118,"column":23},"end":{"line":118,"column":24}},"loc":{"start":{"line":118,"column":41},"end":{"line":122,"column":5}},"line":118},"19":{"name":"clearFullRows","decl":{"start":{"line":125,"column":29},"end":{"line":125,"column":42}},"loc":{"start":{"line":125,"column":50},"end":{"line":141,"column":1}},"line":125},"20":{"name":"isCanMove","decl":{"start":{"line":143,"column":25},"end":{"line":143,"column":34}},"loc":{"start":{"line":143,"column":41},"end":{"line":156,"column":1}},"line":143}},"branchMap":{"0":{"loc":{"start":{"line":12,"column":46},"end":{"line":12,"column":92}},"type":"cond-expr","locations":[{"start":{"line":12,"column":70},"end":{"line":12,"column":73}},{"start":{"line":12,"column":76},"end":{"line":12,"column":92}}],"line":12},"1":{"loc":{"start":{"line":12,"column":46},"end":{"line":12,"column":67}},"type":"binary-expr","locations":[{"start":{"line":12,"column":46},"end":{"line":12,"column":49}},{"start":{"line":12,"column":53},"end":{"line":12,"column":67}}],"line":12},"2":{"loc":{"start":{"line":15,"column":4},"end":{"line":17,"column":5}},"type":"if","locations":[{"start":{"line":15,"column":4},"end":{"line":17,"column":5}},{"start":{"line":15,"column":4},"end":{"line":17,"column":5}}],"line":15},"3":{"loc":{"start":{"line":22,"column":4},"end":{"line":24,"column":5}},"type":"if","locations":[{"start":{"line":22,"column":4},"end":{"line":24,"column":5}},{"start":{"line":22,"column":4},"end":{"line":24,"column":5}}],"line":22},"4":{"loc":{"start":{"line":22,"column":8},"end":{"line":22,"column":50}},"type":"binary-expr","locations":[{"start":{"line":22,"column":8},"end":{"line":22,"column":28}},{"start":{"line":22,"column":32},"end":{"line":22,"column":50}}],"line":22},"5":{"loc":{"start":{"line":28,"column":4},"end":{"line":30,"column":5}},"type":"if","locations":[{"start":{"line":28,"column":4},"end":{"line":30,"column":5}},{"start":{"line":28,"column":4},"end":{"line":30,"column":5}}],"line":28},"6":{"loc":{"start":{"line":35,"column":4},"end":{"line":37,"column":5}},"type":"if","locations":[{"start":{"line":35,"column":4},"end":{"line":37,"column":5}},{"start":{"line":35,"column":4},"end":{"line":37,"column":5}}],"line":35},"7":{"loc":{"start":{"line":35,"column":8},"end":{"line":35,"column":42}},"type":"binary-expr","locations":[{"start":{"line":35,"column":8},"end":{"line":35,"column":24}},{"start":{"line":35,"column":28},"end":{"line":35,"column":42}}],"line":35},"8":{"loc":{"start":{"line":44,"column":4},"end":{"line":46,"column":5}},"type":"if","locations":[{"start":{"line":44,"column":4},"end":{"line":46,"column":5}},{"start":{"line":44,"column":4},"end":{"line":46,"column":5}}],"line":44},"9":{"loc":{"start":{"line":44,"column":8},"end":{"line":44,"column":64}},"type":"binary-expr","locations":[{"start":{"line":44,"column":8},"end":{"line":44,"column":13}},{"start":{"line":44,"column":17},"end":{"line":44,"column":34}},{"start":{"line":44,"column":38},"end":{"line":44,"column":43}},{"start":{"line":44,"column":47},"end":{"line":44,"column":64}}],"line":44},"10":{"loc":{"start":{"line":47,"column":4},"end":{"line":51,"column":5}},"type":"if","locations":[{"start":{"line":47,"column":4},"end":{"line":51,"column":5}},{"start":{"line":47,"column":4},"end":{"line":51,"column":5}}],"line":47},"11":{"loc":{"start":{"line":57,"column":12},"end":{"line":57,"column":47}},"type":"if","locations":[{"start":{"line":57,"column":12},"end":{"line":57,"column":47}},{"start":{"line":57,"column":12},"end":{"line":57,"column":47}}],"line":57},"12":{"loc":{"start":{"line":67,"column":12},"end":{"line":69,"column":13}},"type":"if","locations":[{"start":{"line":67,"column":12},"end":{"line":69,"column":13}},{"start":{"line":67,"column":12},"end":{"line":69,"column":13}}],"line":67},"13":{"loc":{"start":{"line":67,"column":16},"end":{"line":67,"column":94}},"type":"binary-expr","locations":[{"start":{"line":67,"column":16},"end":{"line":67,"column":54}},{"start":{"line":67,"column":58},"end":{"line":67,"column":64}},{"start":{"line":67,"column":68},"end":{"line":67,"column":74}},{"start":{"line":67,"column":78},"end":{"line":67,"column":84}},{"start":{"line":67,"column":88},"end":{"line":67,"column":94}}],"line":67},"14":{"loc":{"start":{"line":84,"column":16},"end":{"line":84,"column":74}},"type":"if","locations":[{"start":{"line":84,"column":16},"end":{"line":84,"column":74}},{"start":{"line":84,"column":16},"end":{"line":84,"column":74}}],"line":84},"15":{"loc":{"start":{"line":84,"column":20},"end":{"line":84,"column":56}},"type":"binary-expr","locations":[{"start":{"line":84,"column":20},"end":{"line":84,"column":30}},{"start":{"line":84,"column":34},"end":{"line":84,"column":42}},{"start":{"line":84,"column":46},"end":{"line":84,"column":56}}],"line":84},"16":{"loc":{"start":{"line":85,"column":16},"end":{"line":85,"column":127}},"type":"if","locations":[{"start":{"line":85,"column":16},"end":{"line":85,"column":127}},{"start":{"line":85,"column":16},"end":{"line":85,"column":127}}],"line":85},"17":{"loc":{"start":{"line":85,"column":20},"end":{"line":85,"column":112}},"type":"binary-expr","locations":[{"start":{"line":85,"column":20},"end":{"line":85,"column":27}},{"start":{"line":85,"column":31},"end":{"line":85,"column":40}},{"start":{"line":85,"column":44},"end":{"line":85,"column":49}},{"start":{"line":85,"column":53},"end":{"line":85,"column":75}},{"start":{"line":85,"column":79},"end":{"line":85,"column":112}}],"line":85},"18":{"loc":{"start":{"line":86,"column":16},"end":{"line":89,"column":17}},"type":"if","locations":[{"start":{"line":86,"column":16},"end":{"line":89,"column":17}},{"start":{"line":86,"column":16},"end":{"line":89,"column":17}}],"line":86},"19":{"loc":{"start":{"line":86,"column":20},"end":{"line":86,"column":68}},"type":"binary-expr","locations":[{"start":{"line":86,"column":20},"end":{"line":86,"column":45}},{"start":{"line":86,"column":50},"end":{"line":86,"column":58}},{"start":{"line":86,"column":62},"end":{"line":86,"column":67}}],"line":86},"20":{"loc":{"start":{"line":100,"column":8},"end":{"line":102,"column":9}},"type":"if","locations":[{"start":{"line":100,"column":8},"end":{"line":102,"column":9}},{"start":{"line":100,"column":8},"end":{"line":102,"column":9}}],"line":100},"21":{"loc":{"start":{"line":100,"column":12},"end":{"line":100,"column":64}},"type":"binary-expr","locations":[{"start":{"line":100,"column":12},"end":{"line":100,"column":33}},{"start":{"line":100,"column":37},"end":{"line":100,"column":64}}],"line":100},"22":{"loc":{"start":{"line":109,"column":8},"end":{"line":112,"column":9}},"type":"if","locations":[{"start":{"line":109,"column":8},"end":{"line":112,"column":9}},{"start":{"line":109,"column":8},"end":{"line":112,"column":9}}],"line":109},"23":{"loc":{"start":{"line":109,"column":12},"end":{"line":109,"column":64}},"type":"binary-expr","locations":[{"start":{"line":109,"column":12},"end":{"line":109,"column":33}},{"start":{"line":109,"column":37},"end":{"line":109,"column":64}}],"line":109},"24":{"loc":{"start":{"line":119,"column":8},"end":{"line":121,"column":9}},"type":"if","locations":[{"start":{"line":119,"column":8},"end":{"line":121,"column":9}},{"start":{"line":119,"column":8},"end":{"line":121,"column":9}}],"line":119},"25":{"loc":{"start":{"line":119,"column":12},"end":{"line":119,"column":53}},"type":"binary-expr","locations":[{"start":{"line":119,"column":12},"end":{"line":119,"column":22}},{"start":{"line":119,"column":26},"end":{"line":119,"column":53}}],"line":119},"26":{"loc":{"start":{"line":130,"column":8},"end":{"line":135,"column":9}},"type":"if","locations":[{"start":{"line":130,"column":8},"end":{"line":135,"column":9}},{"start":{"line":130,"column":8},"end":{"line":135,"column":9}}],"line":130},"27":{"loc":{"start":{"line":144,"column":4},"end":{"line":146,"column":5}},"type":"if","locations":[{"start":{"line":144,"column":4},"end":{"line":146,"column":5}},{"start":{"line":144,"column":4},"end":{"line":146,"column":5}}],"line":144},"28":{"loc":{"start":{"line":147,"column":19},"end":{"line":147,"column":78}},"type":"binary-expr","locations":[{"start":{"line":147,"column":19},"end":{"line":147,"column":23}},{"start":{"line":147,"column":27},"end":{"line":147,"column":78}}],"line":147},"29":{"loc":{"start":{"line":148,"column":4},"end":{"line":154,"column":5}},"type":"if","locations":[{"start":{"line":148,"column":4},"end":{"line":154,"column":5}},{"start":{"line":148,"column":4},"end":{"line":154,"column":5}}],"line":148},"30":{"loc":{"start":{"line":148,"column":8},"end":{"line":148,"column":75}},"type":"binary-expr","locations":[{"start":{"line":148,"column":8},"end":{"line":148,"column":12}},{"start":{"line":148,"column":16},"end":{"line":148,"column":31}},{"start":{"line":148,"column":35},"end":{"line":148,"column":63}},{"start":{"line":148,"column":67},"end":{"line":148,"column":75}}],"line":148},"31":{"loc":{"start":{"line":149,"column":28},"end":{"line":149,"column":88}},"type":"binary-expr","locations":[{"start":{"line":149,"column":28},"end":{"line":149,"column":32}},{"start":{"line":149,"column":36},"end":{"line":149,"column":88}}],"line":149},"32":{"loc":{"start":{"line":150,"column":8},"end":{"line":152,"column":9}},"type":"if","locations":[{"start":{"line":150,"column":8},"end":{"line":152,"column":9}},{"start":{"line":150,"column":8},"end":{"line":152,"column":9}}],"line":150},"33":{"loc":{"start":{"line":153,"column":15},"end":{"line":153,"column":43}},"type":"cond-expr","locations":[{"start":{"line":153,"column":31},"end":{"line":153,"column":35}},{"start":{"line":153,"column":38},"end":{"line":153,"column":43}}],"line":153}},"s":{"0":1,"1":1,"2":1,"3":1,"4":1,"5":1,"6":1,"7":1,"8":0,"9":0,"10":0,"11":0,"12":0,"13":0,"14":0,"15":1,"16":1,"17":1,"18":0,"19":0,"20":0,"21":0,"22":0,"23":0,"24":0,"25":1,"26":402,"27":402,"28":402,"29":396,"30":6,"31":5,"32":1,"33":1,"34":21,"35":21,"36":63,"37":195,"38":63,"39":195,"40":21,"41":1,"42":2,"43":40,"44":400,"45":4,"46":2,"47":1,"48":37,"49":37,"50":37,"51":102,"52":303,"53":303,"54":303,"55":303,"56":303,"57":24,"58":303,"59":5,"60":303,"61":8,"62":29,"63":8,"64":1,"65":3,"66":3,"67":6,"68":1,"69":3,"70":1,"71":1,"72":1,"73":2,"74":0,"75":0,"76":1,"77":1,"78":2,"79":2,"80":4,"81":2,"82":2,"83":1,"84":0,"85":0,"86":0,"87":0,"88":0,"89":0,"90":0,"91":0,"92":0,"93":0,"94":1,"95":3,"96":1,"97":2,"98":2,"99":2,"100":2,"101":2,"102":0,"103":0,"104":1,"105":1,"106":1,"107":1,"108":1,"109":1,"110":1,"111":1,"112":1,"113":1},"f":{"0":1,"1":1,"2":1,"3":402,"4":21,"5":63,"6":195,"7":2,"8":40,"9":400,"10":37,"11":102,"12":303,"13":3,"14":6,"15":1,"16":2,"17":2,"18":4,"19":0,"20":3},"b":{"0":[1,0],"1":[1,1],"2":[1,0],"3":[0,0],"4":[0,0],"5":[1,0],"6":[0,0],"7":[0,0],"8":[396,6],"9":[402,402,42,42],"10":[5,1],"11":[63,132],"12":[4,396],"13":[400,4,4,4,4],"14":[24,279],"15":[303,303,287],"16":[5,298],"17":[303,279,268,268,5],"18":[8,295],"19":[303,134,129],"20":[1,5],"21":[6,2],"22":[0,2],"23":[2,2],"24":[2,2],"25":[4,4],"26":[0,0],"27":[1,2],"28":[2,2],"29":[2,0],"30":[2,2,2,0],"31":[2,2],"32":[2,0],"33":[0,0]},"_coverageSchema":"43e27e138ebf9cfc5966b082cf9a028302ed4184","hash":"91af8307f867a7e16a893ab859a2dff4a894a6e4","contentHash":"f53f43d51e59f6c3567a83712ad95bfbed541b83e7e18755953f7b6a6a9b253d"},"D:\\unit\\red_tetris\\src\\server\\const\\index.js":{"path":"D:\\unit\\red_tetris\\src\\server\\const\\index.js","statementMap":{"0":{"start":{"line":3,"column":0},"end":{"line":5,"column":3}},"1":{"start":{"line":6,"column":16},"end":{"line":32,"column":1}},"2":{"start":{"line":34,"column":0},"end":{"line":34,"column":28}}},"fnMap":{},"branchMap":{},"s":{"0":1,"1":1,"2":1},"f":{},"b":{},"_coverageSchema":"43e27e138ebf9cfc5966b082cf9a028302ed4184","hash":"9a0284761a2c4041a977f9fe2f34d6167b98d861","contentHash":"c494c291a0c77b9bd86f125bb1bec5f2d09b6fa6eaa5ea69a3ee34f9c3834d86"},"D:\\unit\\red_tetris\\src\\client\\actions\\checkUser.js":{"path":"D:\\unit\\red_tetris\\src\\client\\actions\\checkUser.js","statementMap":{"0":{"start":{"line":3,"column":0},"end":{"line":5,"column":3}},"1":{"start":{"line":6,"column":0},"end":{"line":6,"column":28}},"2":{"start":{"line":9,"column":2},"end":{"line":12,"column":4}}},"fnMap":{"0":{"name":"checkUser","decl":{"start":{"line":7,"column":9},"end":{"line":7,"column":18}},"loc":{"start":{"line":7,"column":25},"end":{"line":13,"column":1}},"line":7}},"branchMap":{},"s":{"0":1,"1":1,"2":1},"f":{"0":1},"b":{},"_coverageSchema":"43e27e138ebf9cfc5966b082cf9a028302ed4184","hash":"8882adb1eca1b4f37c021e8ae9c85e3d721f1294","contentHash":"fbacd135c61f3fa1a9ab2b1a9dd94e2687b5ae9d1f0e4c78caebf6f524e9500f"},"D:\\unit\\red_tetris\\src\\client\\actions\\createGameFromQueryString.js":{"path":"D:\\unit\\red_tetris\\src\\client\\actions\\createGameFromQueryString.js","statementMap":{"0":{"start":{"line":3,"column":0},"end":{"line":5,"column":3}},"1":{"start":{"line":6,"column":0},"end":{"line":6,"column":44}},"2":{"start":{"line":9,"column":2},"end":{"line":12,"column":4}}},"fnMap":{"0":{"name":"createGameFromQueryString","decl":{"start":{"line":7,"column":9},"end":{"line":7,"column":34}},"loc":{"start":{"line":7,"column":41},"end":{"line":13,"column":1}},"line":7}},"branchMap":{},"s":{"0":1,"1":1,"2":1},"f":{"0":1},"b":{},"_coverageSchema":"43e27e138ebf9cfc5966b082cf9a028302ed4184","hash":"3f0cd61444ed2e976ce13ace7fd6f30c3742490a","contentHash":"1f1174989f48c589b0ba5934a818f91cdaa716ee5666a1c5525b82a691d8906b"},"D:\\unit\\red_tetris\\src\\client\\actions\\createNewGame.js":{"path":"D:\\unit\\red_tetris\\src\\client\\actions\\createNewGame.js","statementMap":{"0":{"start":{"line":3,"column":0},"end":{"line":5,"column":3}},"1":{"start":{"line":6,"column":0},"end":{"line":6,"column":32}},"2":{"start":{"line":9,"column":2},"end":{"line":12,"column":4}}},"fnMap":{"0":{"name":"createNewGame","decl":{"start":{"line":7,"column":9},"end":{"line":7,"column":22}},"loc":{"start":{"line":7,"column":29},"end":{"line":13,"column":1}},"line":7}},"branchMap":{},"s":{"0":1,"1":1,"2":1},"f":{"0":1},"b":{},"_coverageSchema":"43e27e138ebf9cfc5966b082cf9a028302ed4184","hash":"02d6ac381bc7244d6a3b74fb29e67aff11aab38f","contentHash":"681fb3f8e244cf793e54a606af30b62a8fd51fe6652c2b0ce0f862f19d29378c"},"D:\\unit\\red_tetris\\src\\client\\actions\\createNewPlayer.js":{"path":"D:\\unit\\red_tetris\\src\\client\\actions\\createNewPlayer.js","statementMap":{"0":{"start":{"line":3,"column":0},"end":{"line":5,"column":3}},"1":{"start":{"line":6,"column":0},"end":{"line":6,"column":34}},"2":{"start":{"line":9,"column":2},"end":{"line":12,"column":4}}},"fnMap":{"0":{"name":"createNewPlayer","decl":{"start":{"line":7,"column":9},"end":{"line":7,"column":24}},"loc":{"start":{"line":7,"column":31},"end":{"line":13,"column":1}},"line":7}},"branchMap":{},"s":{"0":1,"1":1,"2":1},"f":{"0":1},"b":{},"_coverageSchema":"43e27e138ebf9cfc5966b082cf9a028302ed4184","hash":"5b79984458c9f5537d06cb3d8da7dd32d2fcacae","contentHash":"7b31f42fc33ee12d7812d901ee156681233818ad0ccda1c5d261e1f14af0dd12"},"D:\\unit\\red_tetris\\src\\client\\actions\\createNewRoom.js":{"path":"D:\\unit\\red_tetris\\src\\client\\actions\\createNewRoom.js","statementMap":{"0":{"start":{"line":3,"column":0},"end":{"line":5,"column":3}},"1":{"start":{"line":6,"column":0},"end":{"line":6,"column":32}},"2":{"start":{"line":9,"column":2},"end":{"line":12,"column":4}}},"fnMap":{"0":{"name":"createNewRoom","decl":{"start":{"line":7,"column":9},"end":{"line":7,"column":22}},"loc":{"start":{"line":7,"column":29},"end":{"line":13,"column":1}},"line":7}},"branchMap":{},"s":{"0":1,"1":1,"2":1},"f":{"0":1},"b":{},"_coverageSchema":"43e27e138ebf9cfc5966b082cf9a028302ed4184","hash":"ca38154309cc96afd58ad443bbf3d4fbf360166d","contentHash":"329997384d7b335038fc124571e895a3968398532f9c32618b2229b359df9203"},"D:\\unit\\red_tetris\\src\\client\\actions\\disconnect.js":{"path":"D:\\unit\\red_tetris\\src\\client\\actions\\disconnect.js","statementMap":{"0":{"start":{"line":3,"column":0},"end":{"line":5,"column":3}},"1":{"start":{"line":6,"column":0},"end":{"line":6,"column":29}},"2":{"start":{"line":9,"column":2},"end":{"line":12,"column":4}}},"fnMap":{"0":{"name":"disconnect","decl":{"start":{"line":7,"column":9},"end":{"line":7,"column":19}},"loc":{"start":{"line":7,"column":26},"end":{"line":13,"column":1}},"line":7}},"branchMap":{},"s":{"0":1,"1":1,"2":1},"f":{"0":1},"b":{},"_coverageSchema":"43e27e138ebf9cfc5966b082cf9a028302ed4184","hash":"377504d5d0496f97c5f8eb6fba4d74c0ae9913eb","contentHash":"e3cff628da5d7860b3ed7b8b0433e9585b01a24ac47a62a54d9df8eb7c1bc41b"},"D:\\unit\\red_tetris\\src\\client\\actions\\endGame.js":{"path":"D:\\unit\\red_tetris\\src\\client\\actions\\endGame.js","statementMap":{"0":{"start":{"line":3,"column":0},"end":{"line":5,"column":3}},"1":{"start":{"line":6,"column":0},"end":{"line":6,"column":26}},"2":{"start":{"line":8,"column":2},"end":{"line":11,"column":4}}},"fnMap":{"0":{"name":"endGame","decl":{"start":{"line":7,"column":9},"end":{"line":7,"column":16}},"loc":{"start":{"line":7,"column":23},"end":{"line":12,"column":1}},"line":7}},"branchMap":{},"s":{"0":1,"1":1,"2":1},"f":{"0":1},"b":{},"_coverageSchema":"43e27e138ebf9cfc5966b082cf9a028302ed4184","hash":"f6d2bb0c961414b854b58dbeac99f07d908b7277","contentHash":"c630ec248e0842942afd7b2ca9d789db9807f3c5fdbc62dcdd6ec6b9ced2f74c"},"D:\\unit\\red_tetris\\src\\client\\actions\\enterPress.js":{"path":"D:\\unit\\red_tetris\\src\\client\\actions\\enterPress.js","statementMap":{"0":{"start":{"line":3,"column":0},"end
[...]
27}},"2":{"start":{"line":8,"column":4},"end":{"line":11,"column":6}}},"fnMap":{"0":{"name":"getGames","decl":{"start":{"line":7,"column":9},"end":{"line":7,"column":17}},"loc":{"start":{"line":7,"column":24},"end":{"line":12,"column":1}},"line":7}},"branchMap":{},"s":{"0":1,"1":1,"2":1},"f":{"0":1},"b":{},"_coverageSchema":"43e27e138ebf9cfc5966b082cf9a028302ed4184","hash":"cf60668d5a5a21e372edc2e6903ee6b8a1d962ae","contentHash":"5b7a837e5c984bcc544ef170da3f536cb7699d11f22baf69e33db6799bed8784"},"D:\\unit\\red_tetris\\src\\client\\actions\\getPlayers.js":{"path":"D:\\unit\\red_tetris\\src\\client\\actions\\getPlayers.js","statementMap":{"0":{"start":{"line":3,"column":0},"end":{"line":5,"column":3}},"1":{"start":{"line":6,"column":0},"end":{"line":6,"column":29}},"2":{"start":{"line":8,"column":2},"end":{"line":11,"column":4}}},"fnMap":{"0":{"name":"getPlayers","decl":{"start":{"line":7,"column":9},"end":{"line":7,"column":19}},"loc":{"start":{"line":7,"column":26},"end":{"line":12,"column":1}},"line":7}},"branchMap":{},"s":{"0":1,"1":1,"2":1},"f":{"0":1},"b":{},"_coverageSchema":"43e27e138ebf9cfc5966b082cf9a028302ed4184","hash":"f6f0c18b4ad1883316b1827e4a32d5d739f468f1","contentHash":"512ee5518207f3da61a48b6849d6f5b43c9cc3ebe6c85d9430c51f97f6ab1962"},"D:\\unit\\red_tetris\\src\\client\\actions\\joinGame.js":{"path":"D:\\unit\\red_tetris\\src\\client\\actions\\joinGame.js","statementMap":{"0":{"start":{"line":3,"column":0},"end":{"line":5,"column":3}},"1":{"start":{"line":6,"column":0},"end":{"line":6,"column":27}},"2":{"start":{"line":9,"column":2},"end":{"line":12,"column":4}}},"fnMap":{"0":{"name":"joinGame","decl":{"start":{"line":7,"column":9},"end":{"line":7,"column":17}},"loc":{"start":{"line":7,"column":24},"end":{"line":13,"column":1}},"line":7}},"branchMap":{},"s":{"0":1,"1":1,"2":1},"f":{"0":1},"b":{},"_coverageSchema":"43e27e138ebf9cfc5966b082cf9a028302ed4184","hash":"0f6b1e36e01338118f461e6669dbf338369d3b79","contentHash":"cf6afb28335fea178b9f388aac903df868ac4336fa5b5340933aeed9eede496a"},"D:\\unit\\red_tetris\\src\\client\\actions\\moveDown.js":{"path":"D:\\unit\\red_tetris\\src\\client\\actions\\moveDown.js","statementMap":{"0":{"start":{"line":3,"column":0},"end":{"line":5,"column":3}},"1":{"start":{"line":6,"column":0},"end":{"line":6,"column":27}},"2":{"start":{"line":8,"column":13},"end":{"line":8,"column":86}},"3":{"start":{"line":10,"column":2},"end":{"line":13,"column":4}}},"fnMap":{"0":{"name":"moveDown","decl":{"start":{"line":7,"column":9},"end":{"line":7,"column":17}},"loc":{"start":{"line":7,"column":20},"end":{"line":14,"column":1}},"line":7}},"branchMap":{"0":{"loc":{"start":{"line":8,"column":13},"end":{"line":8,"column":86}},"type":"cond-expr","locations":[{"start":{"line":8,"column":66},"end":{"line":8,"column":78}},{"start":{"line":8,"column":81},"end":{"line":8,"column":86}}],"line":8},"1":{"loc":{"start":{"line":8,"column":13},"end":{"line":8,"column":63}},"type":"binary-expr","locations":[{"start":{"line":8,"column":13},"end":{"line":8,"column":33}},{"start":{"line":8,"column":37},"end":{"line":8,"column":63}}],"line":8}},"s":{"0":1,"1":1,"2":1,"3":1},"f":{"0":1},"b":{"0":[1,0],"1":[1,1]},"_coverageSchema":"43e27e138ebf9cfc5966b082cf9a028302ed4184","hash":"e15e91da14e8021ba85c0eb6e07c7cc7eafebee4","contentHash":"cb9d3a6ac1f4a920cfe1e9a29eb5f8ba91252201847aea57d43b3e73b205ab81"},"D:\\unit\\red_tetris\\src\\client\\actions\\moveLeft.js":{"path":"D:\\unit\\red_tetris\\src\\client\\actions\\moveLeft.js","statementMap":{"0":{"start":{"line":3,"column":0},"end":{"line":5,"column":3}},"1":{"start":{"line":6,"column":0},"end":{"line":6,"column":27}},"2":{"start":{"line":8,"column":13},"end":{"line":8,"column":86}},"3":{"start":{"line":10,"column":2},"end":{"line":13,"column":4}}},"fnMap":{"0":{"name":"moveLeft","decl":{"start":{"line":7,"column":9},"end":{"line":7,"column":17}},"loc":{"start":{"line":7,"column":20},"end":{"line":14,"column":1}},"line":7}},"branchMap":{"0":{"loc":{"start":{"line":8,"column":13},"end":{"line":8,"column":86}},"type":"cond-expr","locations":[{"start":{"line":8,"column":66},"end":{"line":8,"column":78}},{"start":{"line":8,"column":81},"end":{"line":8,"column":86}}],"line":8},"1":{"loc":{"start":{"line":8,"column":13},"end":{"line":8,"column":63}},"type":"binary-expr","locations":[{"start":{"line":8,"column":13},"end":{"line":8,"column":33}},{"start":{"line":8,"column":37},"end":{"line":8,"column":63}}],"line":8}},"s":{"0":1,"1":1,"2":1,"3":1},"f":{"0":1},"b":{"0":[1,0],"1":[1,1]},"_coverageSchema":"43e27e138ebf9cfc5966b082cf9a028302ed4184","hash":"da8b10a40235f2223e24d064ec284d5031b83bd8","contentHash":"4b1a9960a2d256b8bccd86469d1610cea0a2df402771ddbbf60925687f2d071b"},"D:\\unit\\red_tetris\\src\\client\\actions\\moveRight.js":{"path":"D:\\unit\\red_tetris\\src\\client\\actions\\moveRight.js","statementMap":{"0":{"start":{"line":3,"column":0},"end":{"line":5,"column":3}},"1":{"start":{"line":6,"column":0},"end":{"line":6,"column":28}},"2":{"start":{"line":8,"column":13},"end":{"line":8,"column":86}},"3":{"start":{"line":10,"column":2},"end":{"line":13,"column":4}}},"fnMap":{"0":{"name":"moveRight","decl":{"start":{"line":7,"column":9},"end":{"line":7,"column":18}},"loc":{"start":{"line":7,"column":21},"end":{"line":14,"column":1}},"line":7}},"branchMap":{"0":{"loc":{"start":{"line":8,"column":13},"end":{"line":8,"column":86}},"type":"cond-expr","locations":[{"start":{"line":8,"column":66},"end":{"line":8,"column":78}},{"start":{"line":8,"column":81},"end":{"line":8,"column":86}}],"line":8},"1":{"loc":{"start":{"line":8,"column":13},"end":{"line":8,"column":63}},"type":"binary-expr","locations":[{"start":{"line":8,"column":13},"end":{"line":8,"column":33}},{"start":{"line":8,"column":37},"end":{"line":8,"column":63}}],"line":8}},"s":{"0":1,"1":1,"2":1,"3":1},"f":{"0":1},"b":{"0":[1,0],"1":[1,1]},"_coverageSchema":"43e27e138ebf9cfc5966b082cf9a028302ed4184","hash":"7ce08ae49a3dca389be7cc36b7aef0182e8ba64c","contentHash":"c081028ea3581a51517c1292ee1f590a0044820183b5de160a573bfde6a4c805"},"D:\\unit\\red_tetris\\src\\client\\actions\\needToPause.js":{"path":"D:\\unit\\red_tetris\\src\\client\\actions\\needToPause.js","statementMap":{"0":{"start":{"line":3,"column":0},"end":{"line":5,"column":3}},"1":{"start":{"line":6,"column":0},"end":{"line":6,"column":33}},"2":{"start":{"line":8,"column":4},"end":{"line":11,"column":6}}},"fnMap":{"0":{"name":"setNeedToPause","decl":{"start":{"line":7,"column":9},"end":{"line":7,"column":23}},"loc":{"start":{"line":7,"column":30},"end":{"line":12,"column":1}},"line":7}},"branchMap":{},"s":{"0":1,"1":1,"2":1},"f":{"0":1},"b":{},"_coverageSchema":"43e27e138ebf9cfc5966b082cf9a028302ed4184","hash":"0f9146254e1ac7c0b4f25c9f6adf60b0e6c50b74","contentHash":"3b3933654bafd80808de49a8ccbe7895ad48d75ddb742db11d45f2ca1cadeb3c"},"D:\\unit\\red_tetris\\src\\client\\actions\\needToRotatePiece.js":{"path":"D:\\unit\\red_tetris\\src\\client\\actions\\needToRotatePiece.js","statementMap":{"0":{"start":{"line":3,"column":0},"end":{"line":5,"column":3}},"1":{"start":{"line":6,"column":0},"end":{"line":6,"column":36}},"2":{"start":{"line":8,"column":13},"end":{"line":8,"column":86}},"3":{"start":{"line":10,"column":2},"end":{"line":13,"column":4}}},"fnMap":{"0":{"name":"needToRotatePiece","decl":{"start":{"line":7,"column":9},"end":{"line":7,"column":26}},"loc":{"start":{"line":7,"column":29},"end":{"line":14,"column":1}},"line":7}},"branchMap":{"0":{"loc":{"start":{"line":8,"column":13},"end":{"line":8,"column":86}},"type":"cond-expr","locations":[{"start":{"line":8,"column":66},"end":{"line":8,"column":78}},{"start":{"line":8,"column":81},"end":{"line":8,"column":86}}],"line":8},"1":{"loc":{"start":{"line":8,"column":13},"end":{"line":8,"column":63}},"type":"binary-expr","locations":[{"start":{"line":8,"column":13},"end":{"line":8,"column":33}},{"start":{"line":8,"column":37},"end":{"line":8,"column":63}}],"line":8}},"s":{"0":1,"1":1,"2":1,"3":1},"f":{"0":1},"b":{"0":[1,0],"1":[1,1]},"_coverageSchema":"43e27e138ebf9cfc5966b082cf9a028302ed4184","hash":"4a5cec534111125ee494eac67c341660babab0cd","contentHash":"fbba177fe070ea288827384718a7c9644db09739c90f5dbd7feda724d3be99a7"},"D:\\unit\\red_tetris\\src\\client\\actions\\pauseGame.js":{"path":"D:\\unit\\red_tetris\\src\\client\\actions\\pauseGame.js","statementMap":{"0":{"start":{"line":3,"column":0},"end":{"line":5,"column":3}},"1":{"start":{"line":6,"column":0},"end":{"line":6,"column":28}},"2":{"start":{"line":8,"column":4},"end":{"line":11,"column":6}}},"fnMap":{"0":{"name":"pauseGame","decl":{"start":{"line":7,"column":9},"end":{"line":7,"column":18}},"loc":{"start":{"line":7,"column":25},"end":{"line":12,"column":1}},"line":7}},"branchMap":{},"s":{"0":1,"1":1,"2":1},"f":{"0":1},"b":{},"_coverageSchema":"43e27e138ebf9cfc5966b082cf9a028302ed4184","hash":"dd5054788fbc6902c8e7dedc716bb7c4e4caf1bc","contentHash":"f9cd6e190bac8f5c9936b036021c5f8d7d900e5d2677c8bb4de03edc6b5f4462"},"D:\\unit\\red_tetris\\src\\client\\actions\\pieceLanded.js":{"path":"D:\\unit\\red_tetris\\src\\client\\actions\\pieceLanded.js","statementMap":{"0":{"start":{"line":3,"column":0},"end":{"line":5,"column":3}},"1":{"start":{"line":6,"column":0},"end":{"line":6,"column":30}},"2":{"start":{"line":8,"column":4},"end":{"line":11,"column":6}}},"fnMap":{"0":{"name":"pieceLanded","decl":{"start":{"line":7,"column":9},"end":{"line":7,"column":20}},"loc":{"start":{"line":7,"column":27},"end":{"line":12,"column":1}},"line":7}},"branchMap":{},"s":{"0":1,"1":1,"2":1},"f":{"0":1},"b":{},"_coverageSchema":"43e27e138ebf9cfc5966b082cf9a028302ed4184","hash":"59afd0cbe0f8791d5c3a75ed1d55474995d23265","contentHash":"46e1dd8b00a47e20c3b369029107157e3ba711a94224812f5135ee09b078e3f6"},"D:\\unit\\red_tetris\\src\\client\\actions\\pieceMove.js":{"path":"D:\\unit\\red_tetris\\src\\client\\actions\\pieceMove.js","statementMap":{"0":{"start":{"line":3,"column":0},"end":{"line":5,"column":3}},"1":{"start":{"line":6,"column":0},"end":{"line":6,"column":28}},"2":{"start":{"line":8,"column":4},"end":{"line":11,"column":6}}},"fnMap":{"0":{"name":"pieceMove","decl":{"start":{"line":7,"column":9},"end":{"line":7,"column":18}},"loc":{"start":{"line":7,"column":25},"end":{"line":12,"column":1}},"line":7}},"branchMap":{},"s":{"0":1,"1":1,"2":1},"f":{"0":1},"b":{},"_coverageSchema":"43e27e138ebf9cfc5966b082cf9a028302ed4184","hash":"ac7250f43b50f1d87da0cebc61af8a5e9bd6bea0","contentHash":"0ffa6fb14de8043abb8a6f9d9c3a97c02aa109b1b30b1d4fa6f4fcf8e1cc7a60"},"D:\\unit\\red_tetris\\src\\client\\actions\\pingPong.js":{"path":"D:\\unit\\red_tetris\\src\\client\\actions\\pingPong.js","statementMap":{"0":{"start":{"line":3,"column":0},"end":{"line":5,"column":3}},"1":{"start":{"line":6,"column":0},"end":{"line":6,"column":27}},"2":{"start":{"line":9,"column":2},"end":{"line":12,"column":4}}},"fnMap":{"0":{"name":"pingPong","decl":{"start":{"line":7,"column":9},"end":{"line":7,"column":17}},"loc":{"start":{"line":7,"column":24},"end":{"line":13,"column":1}},"line":7}},"branchMap":{},"s":{"0":1,"1":1,"2":1},"f":{"0":1},"b":{},"_coverageSchema":"43e27e138ebf9cfc5966b082cf9a028302ed4184","hash":"f8e923cf2393d5b9942fcadb5713119fa4c5ca7e","contentHash":"10f9ba3df8413c02e04f000d0afa5dd63c218e904c6a89f333f0cc84e954fb2d"},"D:\\unit\\red_tetris\\src\\client\\actions\\retry.js":{"path":"D:\\unit\\red_tetris\\src\\client\\actions\\retry.js","statementMap":{"0":{"start":{"line":3,"column":0},"end":{"line":5,"column":3}},"1":{"start":{"line":6,"column":0},"end":{"line":6,"column":24}},"2":{"start":{"line":8,"column":2},"end":{"line":11,"column":4}}},"fnMap":{"0":{"name":"retry","decl":{"start":{"line":7,"column":9},"end":{"line":7,"column":14}},"loc":{"start":{"line":7,"column":21},"end":{"line":12,"column":1}},"line":7}},"branchMap":{},"s":{"0":1,"1":1,"2":1},"f":{"0":1},"b":{},"_coverageSchema":"43e27e138ebf9cfc5966b082cf9a028302ed4184","hash":"9dd90e37a0d57e69427042b74a24e64ab459264b","contentHash":"2ee63576526e95546fb54321a37d922d987b30fa94514887f7e74e95634d31c3"},"D:\\unit\\red_tetris\\src\\client\\actions\\server.js":{"path":"D:\\unit\\red_tetris\\src\\client\\actions\\server.js","statementMap":{"0":{"start":{"line":3,"column":0},"end":{"line":5,"column":3}},"1":{"start":{"line":6,"column":11},"end":{"line":10,"column":1}},"2":{"start":{"line":7,"column":2},"end":{"line":9,"column":4}}},"fnMap":{"0":{"name":"ping","decl":{"start":{"line":6,"column":35},"end":{"line":6,"column":39}},"loc":{"start":{"line":6,"column":42},"end":{"line":10,"column":1}},"line":6}},"branchMap":{},"s":{"0":1,"1":1,"2":1},"f":{"0":1},"b":{},"_coverageSchema":"43e27e138ebf9cfc5966b082cf9a028302ed4184","hash":"2bffece6fa0ecd676b7ec2d716e9f3301aa39414","contentHash":"688eb3ec05c7e8ecca8b3aea092b26b428f578aabf2cfe0ed7f9d6c42d21b4b9"},"D:\\unit\\red_tetris\\src\\client\\actions\\piecePlaced.js":{"path":"D:\\unit\\red_tetris\\src\\client\\actions\\piecePlaced.js","statementMap":{"0":{"start":{"line":3,"column":0},"end":{"line":5,"column":3}},"1":{"start":{"line":6,"column":0},"end":{"line":6,"column":30}},"2":{"start":{"line":8,"column":4},"end":{"line":11,"column":6}}},"fnMap":{"0":{"name":"piecePlaced","decl":{"start":{"line":7,"column":9},"end":{"line":7,"column":20}},"loc":{"start":{"line":7,"column":27},"end":{"line":12,"column":1}},"line":7}},"branchMap":{},"s":{"0":1,"1":1,"2":1},"f":{"0":1},"b":{},"_coverageSchema":"43e27e138ebf9cfc5966b082cf9a028302ed4184","hash":"4449a1dd025a038c0f454a4dabb25147ed2642da","contentHash":"0f2f2ecd2e8f61da94b8c7cbc11dea116cb52a01ad562e61e1e09472adcbdd00"},"D:\\unit\\red_tetris\\src\\client\\actions\\setCurrentShape.js":{"path":"D:\\unit\\red_tetris\\src\\client\\actions\\setCurrentShape.js","statementMap":{"0":{"start":{"line":3,"column":0},"end":{"line":5,"column":3}},"1":{"start":{"line":6,"column":0},"end":{"line":6,"column":34}},"2":{"start":{"line":8,"column":2},"end":{"line":11,"column":4}}},"fnMap":{"0":{"name":"setCurrentShape","decl":{"start":{"line":7,"column":9},"end":{"line":7,"column":24}},"loc":{"start":{"line":7,"column":31},"end":{"line":12,"column":1}},"line":7}},"branchMap":{},"s":{"0":1,"1":1,"2":1},"f":{"0":1},"b":{},"_coverageSchema":"43e27e138ebf9cfc5966b082cf9a028302ed4184","hash":"5ce75dca6a34fbb2b151114c3f77ad2ffa1b3783","contentHash":"ecc51e1cdf2c1cf93616de52cbf4da4873057d336ae92c1d27362a90a3d33bbf"},"D:\\unit\\red_tetris\\src\\client\\actions\\setCurrentUser.js":{"path":"D:\\unit\\red_tetris\\src\\client\\actions\\setCurrentUser.js","statementMap":{"0":{"start":{"line":3,"column":0},"end":{"line":5,"column":3}},"1":{"start":{"line":6,"column":0},"end":{"line":6,"column":33}},"2":{"start":{"line":9,"column":2},"end":{"line":12,"column":4}}},"fnMap":{"0":{"name":"setCurrentUser","decl":{"start":{"line":7,"column":9},"end":{"line":7,"column":23}},"loc":{"start":{"line":7,"column":30},"end":{"line":13,"column":1}},"line":7}},"branchMap":{},"s":{"0":1,"1":1,"2":1},"f":{"0":1},"b":{},"_coverageSchema":"43e27e138ebf9cfc5966b082cf9a028302ed4184","hash":"3d154b80def2bf3bdc4b1eec29eabf4390d897ae","contentHash":"dbcb35778d06abc03139a07f8184f61e869c9a0308c83322e3f44859421d8dff"},"D:\\unit\\red_tetris\\src\\client\\actions\\setNewLocalMap.js":{"path":"D:\\unit\\red_tetris\\src\\client\\actions\\setNewLocalMap.js","statementMap":{"0":{"start":{"line":3,"column":0},"end":{"line":5,"column":3}},"1":{"start":{"line":6,"column":0},"end":{"line":6,"column":33}},"2":{"start":{"line":8,"column":4},"end":{"line":11,"column":6}}},"fnMap":{"0":{"name":"setNewLocalMap","decl":{"start":{"line":7,"column":9},"end":{"line":7,"column":23}},"loc":{"start":{"line":7,"column":30},"end":{"line":12,"column":1}},"line":7}},"branchMap":{},"s":{"0":1,"1":1,"2":1},"f":{"0":1},"b":{},"_coverageSchema":"43e27e138ebf9cfc5966b082cf9a028302ed4184","hash":"5ab5455ad5d651919f1d726e592d5d42c02e1d73","contentHash":"cadd060ae748875455ed686f454bbaa1716dead644112bb69e5fae632c353b8f"},"D:\\unit\\red_tetris\\src\\client\\actions\\startGame.js":{"path":"D:\\unit\\red_tetris\\src\\client\\actions\\startGame.js","statementMap":{"0":{"start":{"line":3,"column":0},"end":{"line":5,"column":3}},"1":{"start":{"line":6,"column":0},"end":{"line":6,"column":28}},"2":{"start":{"line":8,"column":4},"end":{"line":11,"column":6}}},"fnMap":{"0":{"name":"startGame","decl":{"start":{"line":7,"column":9},"end":{"line":7,"column":18}},"loc":{"start":{"line":7,"column":25},"end":{"line":12,"column":1}},"line":7}},"branchMap":{},"s":{"0":1,"1":1,"2":1},"f":{"0":1},"b":{},"_coverageSchema":"43e27e138ebf9cfc5966b082cf9a028302ed4184","hash":"32d8efbd9d09a0ab771f678574d27030be3079d5","contentHash":"12efee6f8938b48420bf98d8f01b6a91ee1388519620f151fdf5d40b5b4192b4"},"D:\\unit\\red_tetris\\src\\client\\actions\\startInterval.js":{"path":"D:\\unit\\red_tetris\\src\\client\\actions\\startInterval.js","statementMap":{"0":{"start":{"line":3,"column":0},"end":{"line":5,"column":3}},"1":{"start":{"line":6,"column":0},"end":{"line":6,"column":32}},"2":{"start":{"line":8,"column":4},"end":{"line":11,"column":6}}},"fnMap":{"0":{"name":"startInterval","decl":{"start":{"line":7,"column":9},"end":{"line":7,"column":22}},"loc":{"start":{"line":7,"column":29},"end":{"line":12,"column":1}},"line":7}},"branchMap":{},"s":{"0":1,"1":1,"2":1},"f":{"0":1},"b":{},"_coverageSchema":"43e27e138ebf9cfc5966b082cf9a028302ed4184","hash":"4f3363f25871a70a39221c67b86f5473e98f2c95","contentHash":"2eba8395e5005b3a0c9a70baa7abc705db5badcb921e2f04a99a261fa2b81c44"},"D:\\unit\\red_tetris\\src\\client\\actions\\startMove.js":{"path":"D:\\unit\\red_tetris\\src\\client\\actions\\startMove.js","statementMap":{"0":{"start":{"line":3,"column":0},"end":{"line":5,"column":3}},"1":{"start":{"line":6,"column":0},"end":{"line":6,"column":28}},"2":{"start":{"line":8,"column":4},"end":{"line":11,"column":6}}},"fnMap":{"0":{"name":"startMove","decl":{"start":{"line":7,"column":9},"end":{"line":7,"column":18}},"loc":{"start":{"line":7,"column":25},"end":{"line":12,"column":1}},"line":7}},"branchMap":{},"s":{"0":1,"1":1,"2":1},"f":{"0":1},"b":{},"_coverageSchema":"43e27e138ebf9cfc5966b082cf9a028302ed4184","hash":"3d7412c1ff009043a1a7a639a89e3b03c122d54a","contentHash":"9a27ce713f658aa51b7cee9ac3281dd4e1eaeb52c5de05d7ffdebea3e4e1dfc4"},"D:\\unit\\red_tetris\\src\\client\\actions\\stopMove.js":{"path":"D:\\unit\\red_tetris\\src\\client\\actions\\stopMove.js","statementMap":{"0":{"start":{"line":3,"column":0},"end":{"line":5,"column":3}},"1":{"start":{"line":6,"column":0},"end":{"line":6,"column":27}},"2":{"start":{"line":8,"column":4},"end":{"line":11,"column":6}}},"fnMap":{"0":{"name":"stopMove","decl":{"start":{"line":7,"column":9},"end":{"line":7,"column":17}},"loc":{"start":{"line":7,"column":24},"end":{"line":12,"column":1}},"line":7}},"branchMap":{},"s":{"0":1,"1":1,"2":1},"f":{"0":1},"b":{},"_coverageSchema":"43e27e138ebf9cfc5966b082cf9a028302ed4184","hash":"726600ffa4c712c5ff477598b0522b3072fbb143","contentHash":"e5c68ed5ee265ec31af7bb89a5f3e61b55e57be15bda2dc819cf9aca76260712"},"D:\\unit\\red_tetris\\test\\testMap.js":{"path":"D:\\unit\\red_tetris\\test\\testMap.js","statementMap":{"0":{"start":{"line":3,"column":0},"end":{"line":5,"column":3}},"1":{"start":{"line":6,"column":15},"end":{"line":6,"column":674}},"2":{"start":{"line":7,"column":24},"end":{"line":7,"column":692}},"3":{"start":{"line":8,"column":22},"end":{"line":8,"column":688}},"4":{"start":{"line":10,"column":14},"end":{"line":10,"column":672}},"5":{"start":{"line":12,"column":21},"end":{"line":12,"column":81}},"6":{"start":{"line":13,"column":17},"end":{"line":13,"column":55}},"7":{"start":{"line":15,"column":17},"end":{"line":15,"column":289}},"8":{"start":{"line":16,"column":14},"end":{"line":16,"column":148}}},"fnMap":{},"branchMap":{},"s":{"0":1,"1":1,"2":1,"3":1,"4":1,"5":1,"6":1,"7":1,"8":1},"f":{},"b":{},"_coverageSchema":"43e27e138ebf9cfc5966b082cf9a028302ed4184","hash":"83af604bfb8d4d0fb6195fac09daf91e2c36c8c4","contentHash":"67ee0d6da59009ffd97e1a282ef2eaaabb9f617237ec257afa330fa00c0606dd"}}