{"D:\\unit\\red_tetris\\test\\test.js":{"path":"D:\\unit\\red_tetris\\test\\test.js","statementMap":{"0":{"start":{"line":3,"column":15},"end":{"line":3,"column":256}},"1":{"start":{"line":3,"column":52},"end":{"line":3,"column":239}},"2":{"start":{"line":3,"column":65},"end":{"line":3,"column":66}},"3":{"start":{"line":3,"column":110},"end":{"line":3,"column":122}},"4":{"start":{"line":3,"column":124},"end":{"line":3,"column":237}},"5":{"start":{"line":3,"column":150},"end":{"line":3,"column":235}},"6":{"start":{"line":3,"column":207},"end":{"line":3,"column":233}},"7":{"start":{"line":3,"column":240},"end":{"line":3,"column":254}},"8":{"start":{"line":5,"column":12},"end":{"line":5,"column":27}},"9":{"start":{"line":7,"column":13},"end":{"line":7,"column":42}},"10":{"start":{"line":9,"column":14},"end":{"line":9,"column":31}},"11":{"start":{"line":11,"column":15},"end":{"line":11,"column":46}},"12":{"start":{"line":13,"column":17},"end":{"line":13,"column":37}},"13":{"start":{"line":15,"column":16},"end":{"line":15,"column":49}},"14":{"start":{"line":17,"column":13},"end":{"line":17,"column":43}},"15":{"start":{"line":19,"column":14},"end":{"line":19,"column":44}},"16":{"start":{"line":21,"column":17},"end":{"line":21,"column":59}},"17":{"start":{"line":23,"column":18},"end":{"line":23,"column":52}},"18":{"start":{"line":25,"column":33},"end":{"line":25,"column":91}},"19":{"start":{"line":27,"column":34},"end":{"line":27,"column":84}},"20":{"start":{"line":29,"column":21},"end":{"line":29,"column":67}},"21":{"start":{"line":31,"column":22},"end":{"line":31,"column":60}},"22":{"start":{"line":33,"column":23},"end":{"line":33,"column":71}},"23":{"start":{"line":35,"column":24},"end":{"line":35,"column":64}},"24":{"start":{"line":37,"column":21},"end":{"line":37,"column":67}},"25":{"start":{"line":39,"column":22},"end":{"line":39,"column":60}},"26":{"start":{"line":41,"column":18},"end":{"line":41,"column":61}},"27":{"start":{"line":43,"column":19},"end":{"line":43,"column":54}},"28":{"start":{"line":45,"column":15},"end":{"line":45,"column":55}},"29":{"start":{"line":47,"column":16},"end":{"line":47,"column":48}},"30":{"start":{"line":49,"column":18},"end":{"line":49,"column":61}},"31":{"start":{"line":51,"column":19},"end":{"line":51,"column":54}},"32":{"start":{"line":53,"column":21},"end":{"line":53,"column":67}},"33":{"start":{"line":55,"column":22},"end":{"line":55,"column":60}},"34":{"start":{"line":57,"column":16},"end":{"line":57,"column":57}},"35":{"start":{"line":59,"column":17},"end":{"line":59,"column":50}},"36":{"start":{"line":61,"column":18},"end":{"line":61,"column":61}},"37":{"start":{"line":63,"column":19},"end":{"line":63,"column":54}},"38":{"start":{"line":65,"column":16},"end":{"line":65,"column":57}},"39":{"start":{"line":67,"column":17},"end":{"line":67,"column":50}},"40":{"start":{"line":69,"column":16},"end":{"line":69,"column":57}},"41":{"start":{"line":71,"column":17},"end":{"line":71,"column":50}},"42":{"start":{"line":73,"column":16},"end":{"line":73,"column":57}},"43":{"start":{"line":75,"column":17},"end":{"line":75,"column":50}},"44":{"start":{"line":77,"column":17},"end":{"line":77,"column":59}},"45":{"start":{"line":79,"column":18},"end":{"line":79,"column":52}},"46":{"start":{"line":81,"column":19},"end":{"line":81,"column":63}},"47":{"start":{"line":83,"column":20},"end":{"line":83,"column":56}},"48":{"start":{"line":85,"column":25},"end":{"line":85,"column":75}},"49":{"start":{"line":87,"column":26},"end":{"line":87,"column":68}},"50":{"start":{"line":89,"column":17},"end":{"line":89,"column":59}},"51":{"start":{"line":91,"column":18},"end":{"line":91,"column":52}},"52":{"start":{"line":93,"column":19},"end":{"line":93,"column":63}},"53":{"start":{"line":95,"column":20},"end":{"line":95,"column":56}},"54":{"start":{"line":97,"column":17},"end":{"line":97,"column":59}},"55":{"start":{"line":99,"column":18},"end":{"line":99,"column":52}},"56":{"start":{"line":101,"column":16},"end":{"line":101,"column":57}},"57":{"start":{"line":103,"column":17},"end":{"line":103,"column":50}},"58":{"start":{"line":105,"column":13},"end":{"line":105,"column":51}},"59":{"start":{"line":107,"column":14},"end":{"line":107,"column":44}},"60":{"start":{"line":109,"column":14},"end":{"line":109,"column":53}},"61":{"start":{"line":111,"column":19},"end":{"line":111,"column":63}},"62":{"start":{"line":113,"column":20},"end":{"line":113,"column":56}},"63":{"start":{"line":115,"column":23},"end":{"line":115,"column":71}},"64":{"start":{"line":117,"column":24},"end":{"line":117,"column":64}},"65":{"start":{"line":119,"column":22},"end":{"line":119,"column":69}},"66":{"start":{"line":121,"column":23},"end":{"line":121,"column":62}},"67":{"start":{"line":123,"column":22},"end":{"line":123,"column":69}},"68":{"start":{"line":125,"column":23},"end":{"line":125,"column":62}},"69":{"start":{"line":127,"column":17},"end":{"line":127,"column":59}},"70":{"start":{"line":129,"column":18},"end":{"line":129,"column":52}},"71":{"start":{"line":131,"column":21},"end":{"line":131,"column":67}},"72":{"start":{"line":133,"column":22},"end":{"line":133,"column":60}},"73":{"start":{"line":135,"column":17},"end":{"line":135,"column":59}},"74":{"start":{"line":137,"column":18},"end":{"line":137,"column":52}},"75":{"start":{"line":139,"column":16},"end":{"line":139,"column":57}},"76":{"start":{"line":141,"column":17},"end":{"line":141,"column":50}},"77":{"start":{"line":143,"column":13},"end":{"line":143,"column":43}},"78":{"start":{"line":145,"column":15},"end":{"line":145,"column":35}},"79":{"start":{"line":147,"column":39},"end":{"line":147,"column":93}},"80":{"start":{"line":149,"column":13},"end":{"line":149,"column":34}},"81":{"start":{"line":151,"column":0},"end":{"line":708,"column":3}},"82":{"start":{"line":152,"column":2},"end":{"line":487,"column":5}},"83":{"start":{"line":153,"column":4},"end":{"line":155,"column":7}},"84":{"start":{"line":154,"column":6},"end":{"line":154,"column":109}},"85":{"start":{"line":156,"column":4},"end":{"line":168,"column":7}},"86":{"start":{"line":157,"column":6},"end":{"line":167,"column":10}},"87":{"start":{"line":166,"column":8},"end":{"line":166,"column":62}},"88":{"start":{"line":169,"column":4},"end":{"line":181,"column":7}},"89":{"start":{"line":170,"column":6},"end":{"line":180,"column":10}},"90":{"start":{"line":179,"column":8},"end":{"line":179,"column":62}},"91":{"start":{"line":182,"column":4},"end":{"line":192,"column":7}},"92":{"start":{"line":183,"column":6},"end":{"line":191,"column":10}},"93":{"start":{"line":190,"column":8},"end":{"line":190,"column":62}},"94":{"start":{"line":193,"column":4},"end":{"line":203,"column":7}},"95":{"start":{"line":194,"column":6},"end":{"line":202,"column":10}},"96":{"start":{"line":201,"column":8},"end":{"line":201,"column":62}},"97":{"start":{"line":204,"column":4},"end":{"line":215,"column":7}},"98":{"start":{"line":205,"column":17},"end":{"line":205,"column":56}},"99":{"start":{"line":206,"column":6},"end":{"line":214,"column":10}},"100":{"start":{"line":213,"column":8},"end":{"line":213,"column":62}},"101":{"start":{"line":216,"column":4},"end":{"line":227,"column":7}},"102":{"start":{"line":217,"column":17},"end":{"line":217,"column":56}},"103":{"start":{"line":218,"column":6},"end":{"line":226,"column":10}},"104":{"start":{"line":225,"column":8},"end":{"line":225,"column":62}},"105":{"start":{"line":228,"column":4},"end":{"line":237,"column":7}},"106":{"start":{"line":229,"column":6},"end":{"line":236,"column":10}},"107":{"start":{"line":235,"column":8},"end":{"line":235,"column":62}},"108":{"start":{"line":238,"column":4},"end":{"line":247,"column":7}},"109":{"start":{"line":239,"column":6},"end":{"line":246,"column":10}},"110":{"start":{"line":245,"column":8},"end":{"line":245,"column":62}},"111":{"start":{"line":248,"column":4},"end":{"line":257,"column":7}},"112":{"start":{"line":249,"column":6},"end":{"line":256,"column":10}},"113":{"start":{"line":255,"column":8},"end":{"line":255,"column":62}},"114":{"start":{"line":258,"column":4},"end":{"line":267,"column":7}},"115":{"start":{"line":259,"column":6},"end":{"line":266,"column":10}},"116":{"start":{"line":265,"column":8},"end":{"line":265,"column":62}},"117":{"start":{"line":268,"column":4},"end":{"line":277,"column":7}},"118":{"start":{"line":269,"column":6},"end":{"line":276,"column":10}},"119":{"start":{"line":275,"column":8},"end":{"line":275,"column":62}},"120":{"start":{"line":278,"column":4},"end":{"line":285,"column":7}},"121":{"start":{"line":279,"column":6},"end":{"line":284,"column":10}},"122":{"start":{"line":283,"column":8},"end":{"line":283,"column":62}},"123":{"start":{"line":286,"column":4},"end":{"line":294,"column":7}},"124":{"start":{"line":287,"column":6},"end":{"line":293,"column":10}},"125":{"start":{"line":291,"column":20},"end":{"line":291,"column":42}},"126":{"start":{"line":292,"column":8},"end":{"line":292,"column":45}},"127":{"start":{"line":295,"column":4},"end":{"line":305,"column":7}},"128":{"start":{"line":296,"column":6},"end":{"line":304,"column":10}},"129":{"start":{"line":302,"column":20},"end":{"line":302,"column":42}},"130":{"start":{"line":303,"column":8},"end":{"line":303,"column":45}},"131":{"start":{"line":306,"column":4},"end":{"line":314,"column":7}},"132":{"start":{"line":307,"column":6},"end":{"line":313,"column":10}},"133":{"start":{"line":311,"column":20},"end":{"line":311,"column":42}},"134":{"start":{"line":312,"column":8},"end":{"line":312,"column":45}},"135":{"start":{"line":315,"column":4},"end":{"line":324,"column":7}},"136":{"start":{"line":316,"column":6},"end":{"line":323,"column":10}},"137":{"start":{"line":321,"column":20},"end":{"line":321,"column":42}},"138":{"start":{"line":322,"column":8},"end":{"line":322,"column":45}},"139":{"start":{"line":325,"column":4},"end":{"line":333,"column":7}},"140":{"start":{"line":326,"column":6},"end":{"line":332,"column":10}},"141":{"start":{"line":330,"column":20},"end":{"line":330,"column":42}},"142":{"start":{"line":331,"column":8},"end":{"line":331,"column":45}},"143":{"start":{"line":334,"column":4},"end":{"line":342,"column":7}},"144":{"start":{"line":335,"column":6},"end":{"line":341,"column":10}},"145":{"start":{"line":339,"column":20},"end":{"line":339,"column":42}},"146":{"start":{"line":340,"column":8},"end":{"line":340,"column":45}},"147":{"start":{"line":343,"column":4},"end":{"line":351,"column":7}},"148":{"start":{"line":344,"column":6},"end":{"line":350,"column":10}},"149":{"start":{"line":348,"column":20},"end":{"line":348,"column":42}},"150":{"start":{"line":349,"column":8},"end":{"line":349,"column":45}},"151":{"start":{"line":352,"column":4},"end":{"line":360,"column":7}},"152":{"start":{"line":353,"column":6},"end":{"line":359,"column":10}},"153":{"start":{"line":357,"column":20},"end":{"line":357,"column":42}},"154":{"start":{"line":358,"column":8},"end":{"line":358,"column":45}},"155":{"start":{"line":361,"column":4},"end":{"line":369,"column":7}},"156":{"start":{"line":362,"column":6},"end":{"line":368,"column":10}},"157":{"start":{"line":366,"column":20},"end":{"line":366,"column":42}},"158":{"start":{"line":367,"column":8},"end":{"line":367,"column":45}},"159":{"start":{"line":370,"column":4},"end":{"line":378,"column":7}},"160":{"start":{"line":371,"column":6},"end":{"line":377,"column":10}},"161":{"start":{"line":375,"column":20},"end":{"line":375,"column":42}},"162":{"start":{"line":376,"column":8},"end":{"line":376,"column":45}},"163":{"start":{"line":379,"column":4},"end":{"line":387,"column":7}},"164":{"start":{"line":380,"column":6},"end":{"line":386,"column":10}},"165":{"start":{"line":384,"column":20},"end":{"line":384,"column":42}},"166":{"start":{"line":385,"column":8},"end":{"line":385,"column":45}},"167":{"start":{"line":388,"column":4},"end":{"line":396,"column":7}},"168":{"start":{"line":389,"column":6},"end":{"line":395,"column":10}},"169":{"start":{"line":393,"column":20},"end":{"line":393,"column":42}},"170":{"start":{"line":394,"column":8},"end":{"line":394,"column":45}},"171":{"start":{"line":397,"column":4},"end":{"line":405,"column":7}},"172":{"start":{"line":398,"column":6},"end":{"line":404,"column":10}},"173":{"start":{"line":402,"column":20},"end":{"line":402,"column":42}},"174":{"start":{"line":403,"column":8},"end":{"line":403,"column":45}},"175":{"start":{"line":406,"column":4},"end":{"line":414,"column":7}},"176":{"start":{"line":407,"column":6},"end":{"line":413,"column":10}},"177":{"start":{"line":411,"column":20},"end":{"line":411,"column":42}},"178":{"start":{"line":412,"column":8},"end":{"line":412,"column":45}},"179":{"start":{"line":415,"column":4},"end":{"line":423,"column":7}},"180":{"start":{"line":416,"column":6},"end":{"line":422,"column":10}},"181":{"start":{"line":420,"column":20},"end":{"line":420,"column":42}},"182":{"start":{"line":421,"column":8},"end":{"line":421,"column":45}},"183":{"start":{"line":424,"column":4},"end":{"line":432,"column":7}},"184":{"start":{"line":425,"column":6},"end":{"line":431,"column":10}},"185":{"start":{"line":429,"column":20},"end":{"line":429,"column":42}},"186":{"start":{"line":430,"column":8},"end":{"line":430,"column":45}},"187":{"start":{"line":433,"column":4},"end":{"line":441,"column":7}},"188":{"start":{"line":434,"column":6},"end":{"line":440,"column":10}},"189":{"start":{"line":438,"column":20},"end":{"line":438,"column":42}},"190":{"start":{"line":439,"column":8},"end":{"line":439,"column":45}},"191":{"start":{"line":442,"column":4},"end":{"line":450,"column":7}},"192":{"start":{"line":443,"column":6},"end":{"line":449,"column":10}},"193":{"start":{"line":447,"column":20},"end":{"line":447,"column":42}},"194":{"start":{"line":448,"column":8},"end":{"line":448,"column":45}},"195":{"start":{"line":451,"column":4},"end":{"line":459,"column":7}},"196":{"start":{"line":452,"column":6},"end":{"line":458,"column":10}},"197":{"start":{"line":456,"column":20},"end":{"line":456,"column":42}},"198":{"start":{"line":457,"column":8},"end":{"line":457,"column":45}},"199":{"start":{"line":460,"column":4},"end":{"line":468,"column":7}},"200":{"start":{"line":461,"column":6},"end":{"line":467,"column":10}},"201":{"start":{"line":465,"column":20},"end":{"line":465,"column":42}},"202":{"start":{"line":466,"column":8},"end":{"line":466,"column":45}},"203":{"start":{"line":469,"column":4},"end":{"line":477,"column":7}},"204":{"start":{"line":470,"column":6},"end":{"line":476,"column":10}},"205":{"start":{"line":474,"column":20},"end":{"line":474,"column":42}},"206":{"start":{"line":475,"column":8},"end":{"line":475,"column":45}},"207":{"start":{"line":478,"column":4},"end":{"line":486,"column":7}},"208":{"start":{"line":479,"column":6},"end":{"line":485,"column":10}},"209":{"start":{"line":483,"column":20},"end":{"line":483,"column":42}},"210":{"start":{"line":484,"column":8},"end":{"line":484,"column":45}},"211":{"start":{"line":488,"column":2},"end":{"line":582,"column":5}},"212":{"start":{"line":489,"column":4},"end":{"line":491,"column":7}},"213":{"start":{"line":490,"column":6},"end":{"line":490,"column":128}},"214":{"start":{"line":492,"column":4},"end":{"line":494,"column":7}},"215":{"start":{"line":493,"column":6},"end":{"line":493,"column":160}},"216":{"start":{"line":495,"column":4},"end":{"line":497,"column":7}},"217":{"start":{"line":496,"column":6},"end":{"line":496,"column":136}},"218":{"start":{"line":498,"column":4},"end":{"line":500,"column":7}},"219":{"start":{"line":499,"column":6},"end":{"line":499,"column":140}},"220":{"start":{"line":501,"column":4},"end":{"line":503,"column":7}},"221":{"start":{"line":502,"column":6},"end":{"line":502,"column":136}},"222":{"start":{"line":504,"column":4},"end":{"line":506,"column":7}},"223":{"start":{"line":505,"column":6},"end":{"line":505,"column":130}},"224":{"start":{"line":507,"column":4},"end":{"line":509,"column":7}},"225":{"start":{"line":508,"column":6},"end":{"line":508,"column":124}},"226":{"start":{"line":510,"column":4},"end":{"line":512,"column":7}},"227":{"start":{"line":511,"column":6},"end":{"line":511,"column":111}},"228":{"start":{"line":513,"column":4},"end":{"line":515,"column":7}},"229":{"start":{"line":514,"column":6},"end":{"line":514,"column":129}},"230":{"start":{"line":516,"column":4},"end":{"line":518,"column":7}},"231":{"start":{"line":517,"column":6},"end":{"line":517,"column":129}},"232":{"start":{"line":519,"column":4},"end":{"line":521,"column":7}},"233":{"start":{"line":520,"column":6},"end":{"line":520,"column":133}},"234":{"start":{"line":522,"column":4},"end":{"line":524,"column":7}},"235":{"start":{"line":523,"column":6},"end":{"line":523,"column":126}},"236":{"start":{"line":525,"column":4},"end":{"line":527,"column":7}},"237":{"start":{"line":526,"column":6},"end":{"line":526,"column":119}},"238":{"start":{"line":528,"column":4},"end":{"line":530,"column":7}},"239":{"start":{"line":529,"column":6},"end":{"line":529,"column":119}},"240":{"start":{"line":531,"column":4},"end":{"line":533,"column":7}},"241":{"start":{"line":532,"column":6},"end":{"line":532,"column":121}},"242":{"start":{"line":534,"column":4},"end":{"line":536,"column":7}},"243":{"start":{"line":535,"column":6},"end":{"line":535,"column":125}},"244":{"start":{"line":537,"column":4},"end":{"line":539,"column":7}},"245":{"start":{"line":538,"column":6},"end":{"line":538,"column":137}},"246":{"start":{"line":540,"column":4},"end":{"line":542,"column":7}},"247":{"start":{"line":541,"column":6},"end":{"line":541,"column":128}},"248":{"start":{"line":543,"column":4},"end":{"line":545,"column":7}},"249":{"start":{"line":544,"column":6},"end":{"line":544,"column":132}},"250":{"start":{"line":546,"column":4},"end":{"line":548,"column":7}},"251":{"start":{"line":547,"column":6},"end":{"line":547,"column":121}},"252":{"start":{"line":549,"column":4},"end":{"line":551,"column":7}},"253":{"start":{"line":550,"column":6},"end":{"line":550,"column":125}},"254":{"start":{"line":552,"column":4},"end":{"line":554,"column":7}},"255":{"start":{"line":553,"column":6},"end":{"line":553,"column":126}},"256":{"start":{"line":555,"column":4},"end":{"line":557,"column":7}},"257":{"start":{"line":556,"column":6},"end":{"line":556,"column":104}},"258":{"start":{"line":558,"column":4},"end":{"line":560,"column":7}},"259":{"start":{"line":559,"column":6},"end":{"line":559,"column":133}},"260":{"start":{"line":561,"column":4},"end":{"line":563,"column":7}},"261":{"start":{"line":562,"column":6},"end":{"line":562,"column":131}},"262":{"start":{"line":564,"column":4},"end":{"line":566,"column":7}},"263":{"start":{"line":565,"column":6},"end":{"line":565,"column":131}},"264":{"start":{"line":567,"column":4},"end":{"line":569,"column":7}},"265":{"start":{"line":568,"column":6},"end":{"line":568,"column":128}},"266":{"start":{"line":570,"column":4},"end":{"line":572,"column":7}},"267":{"start":{"line":571,"column":6},"end":{"line":571,"column":129}},"268":{"start":{"line":573,"column":4},"end":{"line":575,"column":7}},"269":{"start":{"line":574,"column":6},"end":{"line":574,"column":121}},"270":{"start":{"line":576,"column":4},"end":{"line":578,"column":7}},"271":{"start":{"line":577,"column":6},"end":{"line":577,"column":119}},"272":{"start":{"line":579,"column":4},"end":{"line":581,"column":7}},"273":{"start":{"line":580,"column":6},"end":{"line":580,"column":120}},"274":{"start":{"line":583,"column":2},"end":{"line":707,"column":5}},"275":{"start":{"line":584,"column":4},"end":{"line":586,"column":7}},"276":{"start":{"line":585,"column":6},"end":{"line":585,"column":83}},"277":{"start":{"line":587,"column":4},"end":{"line":589,"column":7}},"278":{"start":{"line":588,"column":6},"end":{"line":588,"column":79}},"279":{"start":{"line":590,"column":4},"end":{"line":592,"column":7}},"280":{"start":{"line":591,"column":6},"end":{"line":591,"column":95}},"281":{"start":{"line":593,"column":4},"end":{"line":595,"column":7}},"282":{"start":{"line":594,"column":6},"end":{"line":594,"column":98}},"283":{"start":{"line":596,"column":4},"end":{"line":598,"column":7}},"284":{"start":{"line":597,"column":6},"end":{"line":597,"column":178}},"285":{"start":{"line":599,"column":4},"end":{"line":601,"column":7}},"286":{"start":{"line":600,"column":6},"end":{"line":600,"column":173}},"287":{"start":{"line":602,"column":4},"end":{"line":604,"column":7}},"288":{"start":{"line":603,"column":6},"end":{"line":603,"column":115}},"289":{"start":{"line":605,"column":4},"end":{"line":607,"column":7}},"290":{"start":{"line":606,"column":6},"end":{"line":606,"column":171}},"291":{"start":{"line":608,"column":4},"end":{"line":612,"column":7}},"292":{"start":{"line":609,"column":6},"end":{"line":611,"column":9}},"293":{"start":{"line":610,"column":8},"end":{"line":610,"column":102}},"294":{"start":{"line":613,"column":4},"end":{"line":617,"column":7}},"295":{"start":{"line":614,"column":6},"end":{"line":616,"column":9}},"296":{"start":{"line":615,"column":8},"end":{"line":615,"column":102}},"297":{"start":{"line":618,"column":4},"end":{"line":622,"column":7}},"298":{"start":{"line":619,"column":6},"end":{"line":621,"column":9}},"299":{"start":{"line":620,"column":8},"end":{"line":620,"column":102}},"300":{"start":{"line":623,"column":4},"end":{"line":627,"column":7}},"301":{"start":{"line":624,"column":6},"end":{"line":626,"column":9}},"302":{"start":{"line":625,"column":8},"end":{"line":625,"column":103}},"303":{"start":{"line":628,"column":4},"end":{"line":632,"column":7}},"304":{"start":{"line":629,"column":6},"end":{"line":631,"column":9}},"305":{"start":{"line":630,"column":8},"end":{"line":630,"column":104}},"306":{"start":{"line":633,"column":4},"end":{"line":641,"column":7}},"307":{"start":{"line":634,"column":21},"end":{"line":634,"column":25}},"308":{"start":{"line":635,"column":6},"end":{"line":640,"column":9}},"309":{"start":{"line":636,"column":8},"end":{"line":639,"column":11}},"310":{"start":{"line":637,"column":10},"end":{"line":637,"column":51}},"311":{"start":{"line":638,"column":10},"end":{"line":638,"column":82}},"312":{"start":{"line":642,"column":4},"end":{"line":644,"column":7}},"313":{"start":{"line":643,"column":6},"end":{"line":643,"column":58}},"314":{"start":{"line":645,"column":4},"end":{"line":647,"column":7}},"315":{"start":{"line":646,"column":6},"end":{"line":646,"column":124}},"316":{"start":{"line":648,"column":4},"end":{"line":650,"column":7}},"317":{"start":{"line":649,"column":6},"end":{"line":649,"column":124}},"318":{"start":{"line":651,"column":4},"end":{"line":659,"column":7}},"319":{"start":{"line":652,"column":6},"end":{"line":658,"column":39}},"320":{"start":{"line":660,"column":4},"end":{"line":668,"column":7}},"321":{"start":{"line":661,"column":6},"end":{"line":667,"column":39}},"322":{"start":{"line":669,"column":4},"end":{"line":677,"column":7}},"323":{"start":{"line":670,"column":6},"end":{"line":676,"column":62}},"324":{"start":{"line":678,"column":4},"end":{"line":686,"column":7}},"325":{"start":{"line":679,"column":6},"end":{"line":685,"column":23}},"326":{"start":{"line":687,"column":4},"end":{"line":696,"column":7}},"327":{"start":{"line":688,"column":27},"end":{"line":688,"column":29}},"328":{"start":{"line":689,"column":6},"end":{"line":695,"column":36}},"329":{"start":{"line":697,"column":4},"end":{"line":706,"column":7}},"330":{"start":{"line":698,"column":27},"end":{"line":698,"column":29}},"331":{"start":{"line":699,"column":6},"end":{"line":705,"column":23}}},"fnMap":{"0":{"name":"(anonymous_0)","decl":{"start":{"line":3,"column":32},"end":{"line":3,"column":33}},"loc":{"start":{"line":3,"column":50},"end":{"line":3,"column":256}},"line":3},"1":{"name":"_interopRequireDefault","decl":{"start":{"line":147,"column":9},"end":{"line":147,"column":31}},"loc":{"start":{"line":147,"column":37},"end":{"line":147,"column":95}},"line":147},"2":{"name":"(anonymous_2)","decl":{"start":{"line":151,"column":17},"end":{"line":151,"column":18}},"loc":{"start":{"line":151,"column":29},"end":{"line":708,"column":1}},"line":151},"3":{"name":"(anonymous_3)","decl":{"start":{"line":152,"column":22},"end":{"line":152,"column":23}},"loc":{"start":{"line":152,"column":34},"end":{"line":487,"column":3}},"line":152},"4":{"name":"(anonymous_4)","decl":{"start":{"line":153,"column":24},"end":{"line":153,"column":25}},"loc":{"start":{"line":153,"column":36},"end":{"line":155,"column":5}},"line":153},"5":{"name":"(anonymous_5)","decl":{"start":{"line":156,"column":57},"end":{"line":156,"column":58}},"loc":{"start":{"line":156,"column":69},"end":{"line":168,"column":5}},"line":156},"6":{"name":"(anonymous_6)","decl":{"start":{"line":165,"column":10},"end":{"line":165,"column":11}},"loc":{"start":{"line":165,"column":22},"end":{"line":167,"column":7}},"line":165},"7":{"name":"(anonymous_7)","decl":{"start":{"line":169,"column":56},"end":{"line":169,"column":57}},"loc":{"start":{"line":169,"column":68},"end":{"line":181,"column":5}},"line":169},"8":{"name":"(anonymous_8)","decl":{"start":{"line":178,"column":10},"end":{"line":178,"column":11}},"loc":{"start":{"line":178,"column":22},"end":{"line":180,"column":7}},"line":178},"9":{"name":"(anonymous_9)","decl":{"start":{"line":182,"column":50},"end":{"line":182,"column":51}},"loc":{"start":{"line":182,"column":62},"end":{"line":192,"column":5}},"line":182},"10":{"name":"(anonymous_10)","decl":{"start":{"line":189,"column":10},"end":{"line":189,"column":11}},"loc":{"start":{"line":189,"column":22},"end":{"line":191,"column":7}},"line":189},"11":{"name":"(anonymous_11)","decl":{"start":{"line":193,"column":68},"end":{"line":193,"column":69}},"loc":{"start":{"line":193,"column":80},"end":{"line":203,"column":5}},"line":193},"12":{"name":"(anonymous_12)","decl":{"start":{"line":200,"column":10},"end":{"line":200,"column":11}},"loc":{"start":{"line":200,"column":22},"end":{"line":202,"column":7}},"line":200},"13":{"name":"(anonymous_13)","decl":{"start":{"line":204,"column":45},"end":{"line":204,"column":46}},"loc":{"start":{"line":204,"column":57},"end":{"line":215,"column":5}},"line":204},"14":{"name":"(anonymous_14)","decl":{"start":{"line":212,"column":10},"end":{"line":212,"column":11}},"loc":{"start":{"line":212,"column":22},"end":{"line":214,"column":7}},"line":212},"15":{"name":"(anonymous_15)","decl":{"start":{"line":216,"column":54},"end":{"line":216,"column":55}},"loc":{"start":{"line":216,"column":66},"end":{"line":227,"column":5}},"line":216},"16":{"name":"(anonymous_16)","decl":{"start":{"line":224,"column":10},"end":{"line":224,"column":11}},"loc":{"start":{"line":224,"column":22},"end":{"line":226,"column":7}},"line":224},"17":{"name":"(anonymous_17)","decl":{"start":{"line":228,"column":45},"end":{"line":228,"column":46}},"loc":{"start":{"line":228,"column":57},"end":{"line":237,"column":5}},"line":228},"18":{"name":"(anonymous_18)","decl":{"start":{"line":234,"column":10},"end":{"line":234,"column":11}},"loc":{"start":{"line":234,"column":22},"end":{"line":236,"column":7}},"line":234},"19":{"name":"(anonymous_19)","decl":{"start":{"line":238,"column":50},"end":{"line":238,"column":51}},"loc":{"start":{"line":238,"column":62},"end":{"line":247,"column":5}},"line":238},"20":{"name":"(anonymous_20)","decl":{"start":{"line":244,"column":10},"end":{"line":244,"column":11}},"loc":{"start":{"line":244,"column":22},"end":{"line":246,"column":7}},"line":244},"21":{"name":"(anonymous_21)","decl":{"start":{"line":248,"column":60},"end":{"line":248,"column":61}},"loc":{"start":{"line":248,"column":72},"end":{"line":257,"column":5}},"line":248},"22":{"name":"(anonymous_22)","decl":{"start":{"line":254,"column":10},"end":{"line":254,"column":11}},"loc":{"start":{"line":254,"column":22},"end":{"line":256,"column":7}},"line":254},"23":{"name":"(anonymous_23)","decl":{"start":{"line":258,"column":61},"end":{"line":258,"column":62}},"loc":{"start":{"line":258,"column":73},"end":{"line":267,"column":5}},"line":258},"24":{"name":"(anonymous_24)","decl":{"start":{"line":264,"column":10},"end":{"line":264,"column":11}},"loc":{"start":{"line":264,"column":22},"end":{"line":266,"column":7}},"line":264},"25":{"name":"(anonymous_25)","decl":{"start":{"line":268,"column":59},"end":{"line":268,"column":60}},"loc":{"start":{"line":268,"column":71},"end":{"line":277,"column":5}},"line":268},"26":{"name":"(anonymous_26)","decl":{"start":{"line":274,"column":10},"end":{"line":274,"column":11}},"loc":{"start":{"line":274,"column":22},"end":{"line":276,"column":7}},"line":274},"27":{"name":"(anonymous_27)","decl":{"start":{"line":278,"column":48},"end":{"line":278,"column":49}},"loc":{"start":{"line":278,"column":60},"end":{"line":285,"column":5}},"line":278},"28":{"name":"(anonymous_28)","decl":{"start":{"line":282,"column":10},"end":{"line":282,"column":11}},"loc":{"start":{"line":282,"column":22},"end":{"line":284,"column":7}},"line":282},"29":{"name":"(anonymous_29)","decl":{"start":{"line":286,"column":47},"end":{"line":286,"column":48}},"loc":{"start":{"line":286,"column":59},"end":{"line":294,"column":5}},"line":286},"30":{"name":"(anonymous_30)","decl":{"start":{"line":290,"column":10},"end":{"line":290,"column":11}},"loc":{"start":{"line":290,"column":22},"end":{"line":293,"column":7}},"line":290},"31":{"name":"(anonymous_31)","decl":{"start":{"line":295,"column":57},"end":{"line":295,"column":58}},"loc":{"start":{"line":295,"column":69},"end":{"line":305,"column":5}},"line":295},"32":{"name":"(anonymous_32)","decl":{"start":{"line":301,"column":10},"end":{"line":301,"column":11}},"loc":{"start":{"line":301,"column":22},"end":{"line":304,"column":7}},"line":301},"33":{"name":"(anonymous_33)","decl":{"start":{"line":306,"column":50},"end":{"line":306,"column":51}},"loc":{"start":{"line":306,"column":62},"end":{"line":314,"column":5}},"line":306},"34":{"name":"(anonymous_34)","decl":{"start":{"line":310,"column":10},"end":{"line":310,"column":11}},"loc":{"start":{"line":310,"column":22},"end":{"line":313,"column":7}},"line":310},"35":{"name":"(anonymous_35)","decl":{"start":{"line":315,"column":52},"end":{"line":315,"column":53}},"loc":{"start":{"line":315,"column":64},"end":{"line":324,"column":5}},"line":315},"36":{"name":"(anonymous_36)","decl":{"start":{"line":320,"column":10},"end":{"line":320,"column":11}},"loc":{"start":{"line":320,"column":22},"end":{"line":323,"column":7}},"line":320},"37":{"name":"(anonymous_37)","decl":{"start":{"line":325,"column":58},"end":{"line":325,"column":59}},"loc":{"start":{"line":325,"column":70},"end":{"line":333,"column":5}},"line":325},"38":{"name":"(anonymous_38)","decl":{"start":{"line":329,"column":10},"end":{"line":329,"column":11}},"loc":{"start":{"line":329,"column":22},"end":{"line":332,"column":7}},"line":329},"39":{"name":"(anonymous_39)","decl":{"start":{"line":334,"column":45},"end":{"line":334,"column":46}},"loc":{"start":{"line":334,"column":57},"end":{"line":342,"column":5}},"line":334},"40":{"name":"(anonymous_40)","decl":{"start":{"line":338,"column":10},"end":{"line":338,"column":11}},"loc":{"start":{"line":338,"column":22},"end":{"line":341,"column":7}},"line":338},"41":{"name":"(anonymous_41)","decl":{"start":{"line":343,"column":41},"end":{"line":343,"column":42}},"loc":{"start":{"line":343,"column":53},"end":{"line":351,"column":5}},"line":343},"42":{"name":"(anonymous_42)","decl":{"start":{"line":347,"column":10},"end":{"line":347,"column":11}},"loc":{"start":{"line":347,"column":22},"end":{"line":350,"column":7}},"line":347},"43":{"name":"(anonymous_43)","decl":{"start":{"line":352,"column":40},"end":{"line":352,"column":41}},"loc":{"start":{"line":352,"column":52},"end":{"line":360,"column":5}},"line":352},"44":{"name":"(anonymous_44)","decl":{"start":{"line":356,"column":10},"end":{"line":356,"column":11}},"loc":{"start":{"line":356,"column":22},"end":{"line":359,"column":7}},"line":356},"45":{"name":"(anonymous_45)","decl":{"start":{"line":361,"column":41},"end":{"line":361,"column":42}},"loc":{"start":{"line":361,"column":53},"end":{"line":369,"column":5}},"line":361},"46":{"name":"(anonymous_46)","decl":{"start":{"line":365,"column":10},"end":{"line":365,"column":11}},"loc":{"start":{"line":365,"column":22},"end":{"line":368,"column":7}},"line":365},"47":{"name":"(anonymous_47)","decl":{"start":{"line":370,"column":40},"end":{"line":370,"column":41}},"loc":{"start":{"line":370,"column":52},"end":{"line":378,"column":5}},"line":370},"48":{"name":"(anonymous_48)","decl":{"start":{"line":374,"column":10},"end":{"line":374,"column":11}},"loc":{"start":{"line":374,"column":22},"end":{"line":377,"column":7}},"line":374},"49":{"name":"(anonymous_49)","decl":{"start":{"line":379,"column":46},"end":{"line":379,"column":47}},"loc":{"start":{"line":379,"column":58},"end":{"line":387,"column":5}},"line":379},"50":{"name":"(anonymous_50)","decl":{"start":{"line":383,"column":10},"end":{"line":383,"column":11}},"loc":{"start":{"line":383,"column":22},"end":{"line":386,"column":7}},"line":383},"51":{"name":"(anonymous_51)","decl":{"start":{"line":388,"column":43},"end":{"line":388,"column":44}},"loc":{"start":{"line":388,"column":55},"end":{"line":396,"column":5}},"line":388},"52":{"name":"(anonymous_52)","decl":{"start":{"line":392,"column":10},"end":{"line":392,"column":11}},"loc":{"start":{"line":392,"column":22},"end":{"line":395,"column":7}},"line":392},"53":{"name":"(anonymous_53)","decl":{"start":{"line":397,"column":40},"end":{"line":397,"column":41}},"loc":{"start":{"line":397,"column":52},"end":{"line":405,"column":5}},"line":397},"54":{"name":"(anonymous_54)","decl":{"start":{"line":401,"column":10},"end":{"line":401,"column":11}},"loc":{"start":{"line":401,"column":22},"end":{"line":404,"column":7}},"line":401},"55":{"name":"(anonymous_55)","decl":{"start":{"line":406,"column":41},"end":{"line":406,"column":42}},"loc":{"start":{"line":406,"column":53},"end":{"line":414,"column":5}},"line":406},"56":{"name":"(anonymous_56)","decl":{"start":{"line":410,"column":10},"end":{"line":410,"column":11}},"loc":{"start":{"line":410,"column":22},"end":{"line":413,"column":7}},"line":410},"57":{"name":"(anonymous_57)","decl":{"start":{"line":415,"column":42},"end":{"line":415,"column":43}},"loc":{"start":{"line":415,"column":54},"end":{"line":423,"column":5}},"line":415},"58":{"name":"(anonymous_58)","decl":{"start":{"line":419,"column":10},"end":{"line":419,"column":11}},"loc":{"start":{"line":419,"column":22},"end":{"line":422,"column":7}},"line":419},"59":{"name":"(anonymous_59)","decl":{"start":{"line":424,"column":43},"end":{"line":424,"column":44}},"loc":{"start":{"line":424,"column":55},"end":{"line":432,"column":5}},"line":424},"60":{"name":"(anonymous_60)","decl":{"start":{"line":428,"column":10},"end":{"line":428,"column":11}},"loc":{"start":{"line":428,"column":22},"end":{"line":431,"column":7}},"line":428},"61":{"name":"(anonymous_61)","decl":{"start":{"line":433,"column":48},"end":{"line":433,"column":49}},"loc":{"start":{"line":433,"column":60},"end":{"line":441,"column":5}},"line":433},"62":{"name":"(anonymous_62)","decl":{"start":{"line":437,"column":10},"end":{"line":437,"column":11}},"loc":{"start":{"line":437,"column":22},"end":{"line":440,"column":7}},"line":437},"63":{"name":"(anonymous_63)","decl":{"start":{"line":442,"column":41},"end":{"line":442,"column":42}},"loc":{"start":{"line":442,"column":53},"end":{"line":450,"column":5}},"line":442},"64":{"name":"(anonymous_64)","decl":{"start":{"line":446,"column":10},"end":{"line":446,"column":11}},"loc":{"start":{"line":446,"column":22},"end":{"line":449,"column":7}},"line":446},"65":{"name":"(anonymous_65)","decl":{"start":{"line":451,"column":44},"end":{"line":451,"column":45}},"loc":{"start":{"line":451,"column":56},"end":{"line":459,"column":5}},"line":451},"66":{"name":"(anonymous_66)","decl":{"start":{"line":455,"column":10},"end":{"line":455,"column":11}},"loc":{"start":{"line":455,"column":22},"end":{"line":458,"column":7}},"line":455},"67":{"name":"(anonymous_67)","decl":{"start":{"line":460,"column":51},"end":{"line":460,"column":52}},"loc":{"start":{"line":460,"column":63},"end":{"line":468,"column":5}},"line":460},"68":{"name":"(anonymous_68)","decl":{"start":{"line":464,"column":10},"end":{"line":464,"column":11}},"loc":{"start":{"line":464,"column":22},"end":{"line":467,"column":7}},"line":464},"69":{"name":"(anonymous_69)","decl":{"start":{"line":469,"column":44},"end":{"line":469,"column":45}},"loc":{"start":{"line":469,"column":56},"end":{"line":477,"column":5}},"line":469},"70":{"name":"(anonymous_70)","decl":{"start":{"line":473,"column":10},"end":{"line":473,"column":11}},"loc":{"start":{"line":473,"column":22},"end":{"line":476,"column":7}},"line":473},"71":{"name":"(anonymous_71)","decl":{"start":{"line":478,"column":51},"end":{"line":478,"column":52}},"loc":{"start":{"line":478,"column":63},"end":{"line":486,"column":5}},"line":478},"72":{"name":"(anonymous_72)","decl":{"start":{"line":482,"column":10},"end":{"line":482,"column":11}},"loc":{"start":{"line":482,"column":22},"end":{"line":485,"column":7}},"line":482},"73":{"name":"(anonymous_73)","decl":{"start":{"line":488,"column":22},"end":{"line":488,"column":23}},"loc":{"start":{"line":488,"column":34},"end":{"line":582,"column":3}},"line":488},"74":{"name":"(anonymous_74)","decl":{"start":{"line":489,"column":20},"end":{"line":489,"column":21}},"loc":{"start":{"line":489,"column":32},"end":{"line":491,"column":5}},"line":489},"75":{"name":"(anonymous_75)","decl":{"start":{"line":492,"column":36},"end":{"line":492,"column":37}},"loc":{"start":{"line":492,"column":48},"end":{"line":494,"column":5}},"line":492},"76":{"name":"(anonymous_76)","decl":{"start":{"line":495,"column":23},"end":{"line":495,"column":24}},"loc":{"start":{"line":495,"column":35},"end":{"line":497,"column":5}},"line":495},"77":{"name":"(anonymous_77)","decl":{"start":{"line":498,"column":25},"end":{"line":498,"column":26}},"loc":{"start":{"line":498,"column":37},"end":{"line":500,"column":5}},"line":498},"78":{"name":"(anonymous_78)","decl":{"start":{"line":501,"column":23},"end":{"line":501,"column":24}},"loc":{"start":{"line":501,"column":35},"end":{"line":503,"column":5}},"line":501},"79":{"name":"(anonymous_79)","decl":{"start":{"line":504,"column":21},"end":{"line":504,"column":22}},"loc":{"start":{"line":504,"column":33},"end":{"line":506,"column":5}},"line":504},"80":{"name":"(anonymous_80)","decl":{"start":{"line":507,"column":18},"end":{"line":507,"column":19}},"loc":{"start":{"line":507,"column":30},"end":{"line":509,"column":5}},"line":507},"81":{"name":"(anonymous_81)","decl":{"start":{"line":510,"column":21},"end":{"line":510,"column":22}},"loc":{"start":{"line":510,"column":33},"end":{"line":512,"column":5}},"line":510},"82":{"name":"(anonymous_82)","decl":{"start":{"line":513,"column":24},"end":{"line":513,"column":25}},"loc":{"start":{"line":513,"column":36},"end":{"line":515,"column":5}},"line":513},"83":{"name":"(anonymous_83)","decl":{"start":{"line":516,"column":19},"end":{"line":516,"column":20}},"loc":{"start":{"line":516,"column":31},"end":{"line":518,"column":5}},"line":516},"84":{"name":"(anonymous_84)","decl":{"start":{"line":519,"column":21},"end":{"line":519,"column":22}},"loc":{"start":{"line":519,"column":33},"end":{"line":521,"column":5}},"line":519},"85":{"name":"(anonymous_85)","decl":{"start":{"line":522,"column":19},"end":{"line":522,"column":20}},"loc":{"start":{"line":522,"column":31},"end":{"line":524,"column":5}},"line":522},"86":{"name":"(anonymous_86)","decl":{"start":{"line":525,"column":19},"end":{"line":525,"column":20}},"loc":{"start":{"line":525,"column":31},"end":{"line":527,"column":5}},"line":525},"87":{"name":"(anonymous_87)","decl":{"start":{"line":528,"column":19},"end":{"line":528,"column":20}},"loc":{"start":{"line":528,"column":31},"end":{"line":530,"column":5}},"line":528},"88":{"name":"(anonymous_88)","decl":{"start":{"line":531,"column":20},"end":{"line":531,"column":21}},"loc":{"start":{"line":531,"column":32},"end":{"line":533,"column":5}},"line":531},"89":{"name":"(anonymous_89)","decl":{"start":{"line":534,"column":22},"end":{"line":534,"column":23}},"loc":{"start":{"line":534,"column":34},"end":{"line":536,"column":5}},"line":534},"90":{"name":"(anonymous_90)","decl":{"start":{"line":537,"column":28},"end":{"line":537,"column":29}},"loc":{"start":{"line":537,"column":40},"end":{"line":539,"column":5}},"line":537},"91":{"name":"(anonymous_91)","decl":{"start":{"line":540,"column":20},"end":{"line":540,"column":21}},"loc":{"start":{"line":540,"column":32},"end":{"line":542,"column":5}},"line":540},"92":{"name":"(anonymous_92)","decl":{"start":{"line":543,"column":22},"end":{"line":543,"column":23}},"loc":{"start":{"line":543,"column":34},"end":{"line":545,"column":5}},"line":543},"93":{"name":"(anonymous_93)","decl":{"start":{"line":546,"column":20},"end":{"line":546,"column":21}},"loc":{"start":{"line":546,"column":32},"end":{"line":548,"column":5}},"line":546},"94":{"name":"(anonymous_94)","decl":{"start":{"line":549,"column":22},"end":{"line":549,"column":23}},"loc":{"start":{"line":549,"column":34},"end":{"line":551,"column":5}},"line":549},"95":{"name":"(anonymous_95)","decl":{"start":{"line":552,"column":19},"end":{"line":552,"column":20}},"loc":{"start":{"line":552,"column":31},"end":{"line":554,"column":5}},"line":552},"96":{"name":"(anonymous_96)","decl":{"start":{"line":555,"column":17},"end":{"line":555,"column":18}},"loc":{"start":{"line":555,"column":29},"end":{"line":557,"column":5}},"line":555},"97":{"name":"(anonymous_97)","decl":{"start":{"line":558,"column":26},"end":{"line":558,"column":27}},"loc":{"start":{"line":558,"column":38},"end":{"line":560,"column":5}},"line":558},"98":{"name":"(anonymous_98)","decl":{"start":{"line":561,"column":25},"end":{"line":561,"column":26}},"loc":{"start":{"line":561,"column":37},"end":{"line":563,"column":5}},"line":561},"99":{"name":"(anonymous_99)","decl":{"start":{"line":564,"column":25},"end":{"line":564,"column":26}},"loc":{"start":{"line":564,"column":37},"end":{"line":566,"column":5}},"line":564},"100":{"name":"(anonymous_100)","decl":{"start":{"line":567,"column":20},"end":{"line":567,"column":21}},"loc":{"start":{"line":567,"column":32},"end":{"line":569,"column":5}},"line":567},"101":{"name":"(anonymous_101)","decl":{"start":{"line":570,"column":24},"end":{"line":570,"column":25}},"loc":{"start":{"line":570,"column":36},"end":{"line":572,"column":5}},"line":570},"102":{"name":"(anonymous_102)","decl":{"start":{"line":573,"column":20},"end":{"line":573,"column":21}},"loc":{"start":{"line":573,"column":32},"end":{"line":575,"column":5}},"line":573},"103":{"name":"(anonymous_103)","decl":{"start":{"line":576,"column":19},"end":{"line":576,"column":20}},"loc":{"start":{"line":576,"column":31},"end":{"line":578,"column":5}},"line":576},"104":{"name":"(anonymous_104)","decl":{"start":{"line":579,"column":16},"end":{"line":579,"column":17}},"loc":{"start":{"line":579,"column":28},"end":{"line":581,"column":5}},"line":579},"105":{"name":"(anonymous_105)","decl":{"start":{"line":583,"column":20},"end":{"line":583,"column":21}},"loc":{"start":{"line":583,"column":32},"end":{"line":707,"column":3}},"line":583},"106":{"name":"(anonymous_106)","decl":{"start":{"line":584,"column":22},"end":{"line":584,"column":23}},"loc":{"start":{"line":584,"column":34},"end":{"line":586,"column":5}},"line":584},"107":{"name":"(anonymous_107)","decl":{"start":{"line":587,"column":18},"end":{"line":587,"column":19}},"loc":{"start":{"line":587,"column":30},"end":{"line":589,"column":5}},"line":587},"108":{"name":"(anonymous_108)","decl":{"start":{"line":590,"column":24},"end":{"line":590,"column":25}},"loc":{"start":{"line":590,"column":36},"end":{"line":592,"column":5}},"line":590},"109":{"name":"(anonymous_109)","decl":{"start":{"line":593,"column":24},"end":{"line":593,"column":25}},"loc":{"start":{"line":593,"column":36},"end":{"line":595,"column":5}},"line":593},"110":{"name":"(anonymous_110)","decl":{"start":{"line":596,"column":33},"end":{"line":596,"column":34}},"loc":{"start":{"line":596,"column":45},"end":{"line":598,"column":5}},"line":596},"111":{"name":"(anonymous_111)","decl":{"start":{"line":599,"column":34},"end":{"line":599,"column":35}},"loc":{"start":{"line":599,"column":46},"end":{"line":601,"column":5}},"line":599},"112":{"name":"(anonymous_112)","decl":{"start":{"line":602,"column":33},"end":{"line":602,"column":34}},"loc":{"start":{"line":602,"column":45},"end":{"line":604,"column":5}},"line":602},"113":{"name":"(anonymous_113)","decl":{"start":{"line":605,"column":35},"end":{"line":605,"column":36}},"loc":{"start":{"line":605,"column":47},"end":{"line":607,"column":5}},"line":605},"114":{"name":"(anonymous_114)","decl":{"start":{"line":608,"column":32},"end":{"line":608,"column":33}},"loc":{"start":{"line":608,"column":55},"end":{"line":612,"column":5}},"line":608},"115":{"name":"(anonymous_115)","decl":{"start":{"line":609,"column":95},"end":{"line":609,"column":96}},"loc":{"start":{"line":609,"column":107},"end":{"line":611,"column":7}},"line":609},"116":{"name":"(anonymous_116)","decl":{"start":{"line":613,"column":32},"end":{"line":613,"column":33}},"loc":{"start":{"line":613,"column":55},"end":{"line":617,"column":5}},"line":613},"117":{"name":"(anonymous_117)","decl":{"start":{"line":614,"column":95},"end":{"line":614,"column":96}},"loc":{"start":{"line":614,"column":107},"end":{"line":616,"column":7}},"line":614},"118":{"name":"(anonymous_118)","decl":{"start":{"line":618,"column":32},"end":{"line":618,"column":33}},"loc":{"start":{"line":618,"column":55},"end":{"line":622,"column":5}},"line":618},"119":{"name":"(anonymous_119)","decl":{"start":{"line":619,"column":95},"end":{"line":619,"column":96}},"loc":{"start":{"line":619,"column":107},"end":{"line":621,"column":7}},"line":619},"120":{"name":"(anonymous_120)","decl":{"start":{"line":623,"column":32},"end":{"line":623,"column":33}},"loc":{"start":{"line":623,"column":55},"end":{"line":627,"column":5}},"line":623},"121":{"name":"(anonymous_121)","decl":{"start":{"line":624,"column":96},"end":{"line":624,"column":97}},"loc":{"start":{"line":624,"column":108},"end":{"line":626,"column":7}},"line":624},"122":{"name":"(anonymous_122)","decl":{"start":{"line":628,"column":32},"end":{"line":628,"column":33}},"loc":{"start":{"line":628,"column":55},"end":{"line":632,"column":5}},"line":628},"123":{"name":"(anonymous_123)","decl":{"start":{"line":629,"column":99},"end":{"line":629,"column":100}},"loc":{"start":{"line":629,"column":111},"end":{"line":631,"column":7}},"line":629},"124":{"name":"(anonymous_124)","decl":{"start":{"line":633,"column":32},"end":{"line":633,"column":33}},"loc":{"start":{"line":633,"column":55},"end":{"line":641,"column":5}},"line":633},"125":{"name":"(anonymous_125)","decl":{"start":{"line":635,"column":24},"end":{"line":635,"column":25}},"loc":{"start":{"line":635,"column":37},"end":{"line":640,"column":7}},"line":635},"126":{"name":"(anonymous_126)","decl":{"start":{"line":636,"column":101},"end":{"line":636,"column":102}},"loc":{"start":{"line":636,"column":113},"end":{"line":639,"column":9}},"line":636},"127":{"name":"(anonymous_127)","decl":{"start":{"line":642,"column":26},"end":{"line":642,"column":27}},"loc":{"start":{"line":642,"column":38},"end":{"line":644,"column":5}},"line":642},"128":{"name":"(anonymous_128)","decl":{"start":{"line":645,"column":32},"end":{"line":645,"column":33}},"loc":{"start":{"line":645,"column":44},"end":{"line":647,"column":5}},"line":645},"129":{"name":"(anonymous_129)","decl":{"start":{"line":648,"column":31},"end":{"line":648,"column":32}},"loc":{"start":{"line":648,"column":43},"end":{"line":650,"column":5}},"line":648},"130":{"name":"(anonymous_130)","decl":{"start":{"line":651,"column":27},"end":{"line":651,"column":28}},"loc":{"start":{"line":651,"column":39},"end":{"line":659,"column":5}},"line":651},"131":{"name":"(anonymous_131)","decl":{"start":{"line":660,"column":28},"end":{"line":660,"column":29}},"loc":{"start":{"line":660,"column":40},"end":{"line":668,"column":5}},"line":660},"132":{"name":"(anonymous_132)","decl":{"start":{"line":669,"column":24},"end":{"line":669,"column":25}},"loc":{"start":{"line":669,"column":36},"end":{"line":677,"column":5}},"line":669},"133":{"name":"(anonymous_133)","decl":{"start":{"line":678,"column":25},"end":{"line":678,"column":26}},"loc":{"start":{"line":678,"column":37},"end":{"line":686,"column":5}},"line":678},"134":{"name":"(anonymous_134)","decl":{"start":{"line":687,"column":28},"end":{"line":687,"column":29}},"loc":{"start":{"line":687,"column":40},"end":{"line":696,"column":5}},"line":687},"135":{"name":"(anonymous_135)","decl":{"start":{"line":697,"column":29},"end":{"line":697,"column":30}},"loc":{"start":{"line":697,"column":41},"end":{"line":706,"column":5}},"line":697}},"branchMap":{"0":{"loc":{"start":{"line":3,"column":15},"end":{"line":3,"column":256}},"type":"binary-expr","locations":[{"start":{"line":3,"column":15},"end":{"line":3,"column":28}},{"start":{"line":3,"column":32},"end":{"line":3,"column":256}}],"line":3},"1":{"loc":{"start":{"line":3,"column":150},"end":{"line":3,"column":235}},"type":"if","locations":[{"start":{"line":3,"column":150},"end":{"line":3,"column":235}},{"start":{"line":3,"column":150},"end":{"line":3,"column":235}}],"line":3},"2":{"loc":{"start":{"line":147,"column":46},"end":{"line":147,"column":92}},"type":"cond-expr","locations":[{"start":{"line":147,"column":70},"end":{"line":147,"column":73}},{"start":{"line":147,"column":76},"end":{"line":147,"column":92}}],"line":147},"3":{"loc":{"start":{"line":147,"column":46},"end":{"line":147,"column":67}},"type":"binary-expr","locations":[{"start":{"line":147,"column":46},"end":{"line":147,"column":49}},{"start":{"line":147,"column":53},"end":{"line":147,"column":67}}],"line":147},"4":{"loc":{"start":{"line":585,"column":32},"end":{"line":585,"column":81}},"type":"cond-expr","locations":[{"start":{"line":585,"column":69},"end":{"line":585,"column":73}},{"start":{"line":585,"column":76},"end":{"line":585,"column":81}}],"line":585},"5":{"loc":{"start":{"line":588,"column":32},"end":{"line":588,"column":77}},"type":"cond-expr","locations":[{"start":{"line":588,"column":65},"end":{"line":588,"column":69}},{"start":{"line":588,"column":72},"end":{"line":588,"column":77}}],"line":588}},"s":{"0":1,"1":0,"2":0,"3":0,"4":0,"5":0,"6":0,"7":0,"8":1,"9":1,"10":1,"11":1,"12":1,"13":1,"14":1,"15":1,"16":1,"17":1,"18":1,"19":1,"20":1,"21":1,"22":1,"23":1,"24":1,"25":1,"26":1,"27":1,"28":1,"29":1,"30":1,"31":1,"32":1,"33":1,"34":1,"35":1,"36":1,"37":1,"38":1,"39":1,"40":1,"41":1,"42":1,"43":1,"44":1,"45":1,"46":1,"47":1,"48":1,"49":1,"50":1,"51":1,"52":1,"53":1,"54":1,"55":1,"56":1,"57":1,"58":1,"59":1,"60":1,"61":1,"62":1,"63":1,"64":1,"65":1,"66":1,"67":1,"68":1,"69":1,"70":1,"71":1,"72":1,"73":1,"74":1,"75":1,"76":1,"77":1,"78":1,"79":33,"80":1,"81":1,"82":1,"83":1,"84":1,"85":1,"86":1,"87":0,"88":1,"89":1,"90":0,"91":1,"92":1,"93":0,"94":1,"95":1,"96":0,"97":1,"98":1,"99":1,"100":0,"101":1,"102":1,"103":1,"104":0,"105":1,"106":1,"107":0,"108":1,"109":1,"110":0,"111":1,"112":1,"113":0,"114":1,"115":1,"116":0,"117":1,"118":1,"119":0,"120":1,"121":1,"122":0,"123":1,"124":1,"125":0,"126":0,"127":1,"128":1,"129":0,"130":0,"131":1,"132":1,"133":0,"134":0,"135":1,"136":1,"137":0,"138":0,"139":1,"140":1,"141":0,"142":0,"143":1,"144":1,"145":0,"146":0,"147":1,"148":1,"149":0,"150":0,"151":1,"152":1,"153":0,"154":0,"155":1,"156":1,"157":0,"158":0,"159":1,"160":1,"161":0,"162":0,"163":1,"164":1,"165":0,"166":0,"167":1,"168":1,"169":0,"170":0,"171":1,"172":1,"173":0,"174":0,"175":1,"176":1,"177":0,"178":0,"179":1,"180":1,"181":0,"182":0,"183":1,"184":1,"185":0,"186":0,"187":1,"188":1,"189":0,"190":0,"191":1,"192":1,"193":0,"194":0,"195":1,"196":1,"197":0,"198":0,"199":1,"200":1,"201":0,"202":0,"203":1,"204":1,"205":0,"206":0,"207":1,"208":1,"209":0,"210":0,"211":1,"212":1,"213":1,"214":1,"215":1,"216":1,"217":1,"218":1,"219":1,"220":1,"221":1,"222":1,"223":1,"224":1,"225":1,"226":1,"227":1,"228":1,"229":1,"230":1,"231":1,"232":1,"233":1,"234":1,"235":1,"236":1,"237":1,"238":1,"239":1,"240":1,"241":1,"242":1,"243":1,"244":1,"245":1,"246":1,"247":1,"248":1,"249":1,"250":1,"251":1,"252":1,"253":1,"254":1,"255":1,"256":1,"257":1,"258":1,"259":1,"260":1,"261":1,"262":1,"263":1,"264":1,"265":1,"266":1,"267":1,"268":1,"269":1,"270":1,"271":1,"272":1,"273":1,"274":1,"275":1,"276":1,"277":1,"278":1,"279":1,"280":1,"281":1,"282":1,"283":1,"284":1,"285":1,"286":1,"287":1,"288":1,"289":1,"290":1,"291":1,"292":7,"293":7,"294":1,"295":7,"296":7,"297":1,"298":7,"299":7,"300":1,"301":7,"302":7,"303":1,"304":7,"305":7,"306":1,"307":7,"308":7,"309":21,"310":21,"311":21,"312":1,"313":1,"314":1,"315":1,"316":1,"317":1,"318":1,"319":1,"320":1,"321":1,"322":1,"323":1,"324":1,"325":1,"326":1,"327":1,"328":1,"329":1,"330":1,"331":1},"f":{"0":0,"1":33,"2":1,"3":1,"4":1,"5":1,"6":0,"7":1,"8":0,"9":1,"10":0,"11":1,"12":0,"13":1,"14":0,"15":1,"16":0,"17":1,"18":0,"19":1,"20":0,"21":1,"22":0,"23":1,"24":0,"25":1,"26":0,"27":1,"28":0,"29":1,"30":0,"31":1,"32":0,"33":1,"34":0,"35":1,"36":0,"37":1,"38":0,"39":1,"40":0,"41":1,"42":0,"43":1,"44":0,"45":1,"46":0,"47":1,"48":0,"49":1,"50":0,"51":1,"52":0,"53":1,"54":0,"55":1,"56":0,"57":1,"58":0,"59":1,"60":0,"61":1,"62":0,"63":1,"64":0,"65":1,"66":0,"67":1,"68":0,"69":1,"70":0,"71":1,"72":0,"73":1,"74":1,"75":1,"76":1,"77":1,"78":1,"79":1,"80":1,"81":1,"82":1,"83":1,"84":1,"85":1,"86":1,"87":1,"88":1,"89":1,"90":1,"91":1,"92":1,"93":1,"94":1,"95":1,"96":1,"97":1,"98":1,"99":1,"100":1,"101":1,"102":1,"103":1,"104":1,"105":1,"106":1,"107":1,"108":1,"109":1,"110":1,"111":1,"112":1,"113":1,"114":7,"115":7,"116":7,"117":7,"118":7,"119":7,"120":7,"121":7,"122":7,"123":7,"124":7,"125":21,"126":21,"127":1,"128":1,"129":1,"130":1,"131":1,"132":1,"133":1,"134":1,"135":1},"b":{"0":[1,0],"1":[0,0],"2":[31,2],"3":[33,33],"4":[1,0],"5":[1,0]},"_coverageSchema":"43e27e138ebf9cfc5966b082cf9a028302ed4184","hash":"5d3ed6d34b619c11a717255da066b44bcd323698","contentHash":"fa89f30bbac3eb002b2be2cb6ebfcd7792220f3467cbb80348ac7a42512feaec"},"D:\\unit\\red_tetris\\src\\client\\reducers\\index.js":{"path":"D:\\unit\\red_tetris\\src\\client\\reducers\\index.js","statementMap":{"0":{"start":{"line":3,"column":0},"end":{"line":5,"column":3}},"1":{"start":{"line":6,"column":0},"end":{"line":6,"column":87}},"2":{"start":{"line":8,"column":17},"end":{"line":8,"column":37}},"3":{"start":{"line":10,"column":13},"end":{"line":10,"column":32}},"4":{"start":{"line":12,"column":13},"end":{"line":12,"column":42}},"5":{"start":{"line":14,"column":14},"end":{"line":14,"column":44}},"6":{"start":{"line":16,"column":39},"end":{"line":16,"column":93}},"7":{"start":{"line":18,"column":18},"end":{"line":58,"column":1}},"8":{"start":{"line":60,"column":10},"end":{"line":60,"column":664}},"9":{"start":{"line":62,"column":19},"end":{"line":92,"column":1}},"10":{"start":{"line":94,"column":14},"end":{"line":194,"column":1}},"11":{"start":{"line":95,"column":14},"end":{"line":95,"column":118}},"12":{"start":{"line":96,"column":15},"end":{"line":96,"column":27}},"13":{"start":{"line":98,"column":13},"end":{"line":98,"column":72}},"14":{"start":{"line":99,"column":20},"end":{"line":99,"column":93}},"15":{"start":{"line":100,"column":2},"end":{"line":193,"column":3}},"16":{"start":{"line":102,"column":6},"end":{"line":104,"column":7}},"17":{"start":{"line":103,"column":8},"end":{"line":103,"column":65}},"18":{"start":{"line":105,"column":6},"end":{"line":105,"column":609}},"19":{"start":{"line":107,"column":6},"end":{"line":107,"column":82}},"20":{"start":{"line":109,"column":6},"end":{"line":109,"column":139}},"21":{"start":{"line":111,"column":6},"end":{"line":111,"column":112}},"22":{"start":{"line":113,"column":6},"end":{"line":113,"column":83}},"23":{"start":{"line":115,"column":6},"end":{"line":115,"column":114}},"24":{"start":{"line":117,"column":6},"end":{"line":117,"column":82}},"25":{"start":{"line":119,"column":6},"end":{"line":119,"column":232}},"26":{"start":{"line":121,"column":6},"end":{"line":121,"column":152}},"27":{"start":{"line":123,"column":6},"end":{"line":123,"column":104}},"28":{"start":{"line":125,"column":6},"end":{"line":125,"column":79}},"29":{"start":{"line":127,"column":6},"end":{"line":127,"column":258}},"30":{"start":{"line":129,"column":6},"end":{"line":129,"column":99}},"31":{"start":{"line":133,"column":6},"end":{"line":133,"column":229}},"32":{"start":{"line":135,"column":6},"end":{"line":135,"column":72}},"33":{"start":{"line":137,"column":6},"end":{"line":137,"column":83}},"34":{"start":{"line":139,"column":6},"end":{"line":139,"column":51}},"35":{"start":{"line":141,"column":6},"end":{"line":145,"column":7}},"36":{"start":{"line":142,"column":8},"end":{"line":142,"column":54}},"37":{"start":{"line":144,"column":8},"end":{"line":144,"column":21}},"38":{"start":{"line":147,"column":6},"end":{"line":151,"column":7}},"39":{"start":{"line":148,"column":8},"end":{"line":148,"column":55}},"40":{"start":{"line":150,"column":8},"end":{"line":150,"column":21}},"41":{"start":{"line":153,"column":6},"end":{"line":157,"column":7}},"42":{"start":{"line":154,"column":8},"end":{"line":154,"column":54}},"43":{"start":{"line":156,"column":8},"end":{"line":156,"column":21}},"44":{"start":{"line":159,"column":6},"end":{"line":163,"column":7}},"45":{"start":{"line":160,"column":8},"end":{"line":160,"column":59}},"46":{"start":{"line":162,"column":8},"end":{"line":162,"column":21}},"47":{"start":{"line":165,"column":6},"end":{"line":169,"column":7}},"48":{"start":{"line":166,"column":8},"end":{"line":166,"column":63}},"49":{"start":{"line":168,"column":8},"end":{"line":168,"column":21}},"50":{"start":{"line":171,"column":6},"end":{"line":171,"column":52}},"51":{"start":{"line":173,"column":6},"end":{"line":173,"column":105}},"52":{"start":{"line":175,"column":6},"end":{"line":175,"column":105}},"53":{"start":{"line":177,"column":6},"end":{"line":177,"column":52}},"54":{"start":{"line":179,"column":6},"end":{"line":179,"column":72}},"55":{"start":{"line":181,"column":6},"end":{"line":181,"column":102}},"56":{"start":{"line":183,"column":6},"end":{"line":183,"column":73}},"57":{"start":{"line":186,"column":6},"end":{"line":186,"column":72}},"58":{"start":{"line":188,"column":6},"end":{"line":188,"column":55}},"59":{"start":{"line":190,"column":6},"end":{"line":190,"column":75}},"60":{"start":{"line":192,"column":6},"end":{"line":192,"column":19}},"61":{"start":{"line":196,"column":0},"end":{"line":196,"column":26}}},"fnMap":{"0":{"name":"_interopRequireDefault","decl":{"start":{"line":16,"column":9},"end":{"line":16,"column":31}},"loc":{"start":{"line":16,"column":37},"end":{"line":16,"column":95}},"line":16},"1":{"name":"reducer","decl":{"start":{"line":94,"column":41},"end":{"line":94,"column":48}},"loc":{"start":{"line":94,"column":51},"end":{"line":194,"column":1}},"line":94}},"branchMap":{"0":{"loc":{"start":{"line":16,"column":46},"end":{"line":16,"column":92}},"type":"cond-expr","locations":[{"start":{"line":16,"column":70},"end":{"line":16,"column":73}},{"start":{"line":16,"column":76},"end":{"line":16,"column":92}}],"line":16},"1":{"loc":{"start":{"line":16,"column":46},"end":{"line":16,"column":67}},"type":"binary-expr","locations":[{"start":{"line":16,"column":46},"end":{"line":16,"column":49}},{"start":{"line":16,"column":53},"end":{"line":16,"column":67}}],"line":16},"2":{"loc":{"start":{"line":95,"column":14},"end":{"line":95,"column":118}},"type":"cond-expr","locations":[{"start":{"line":95,"column":67},"end":{"line":95,"column":79}},{"start":{"line":95,"column":82},"end":{"line":95,"column":118}}],"line":95},"3":{"loc":{"start":{"line":95,"column":14},"end":{"line":95,"column":64}},"type":"binary-expr","locations":[{"start":{"line":95,"column":14},"end":{"line":95,"column":34}},{"start":{"line":95,"column":38},"end":{"line":95,"column":64}}],"line":95},"4":{"loc":{"start":{"line":98,"column":13},"end":{"line":98,"column":72}},"type":"cond-expr","locations":[{"start":{"line":98,"column":37},"end":{"line":98,"column":65}},{"start":{"line":98,"column":68},"end":{"line":98,"column":72}}],"line":98},"5":{"loc":{"start":{"line":99,"column":20},"end":{"line":99,"column":93}},"type":"cond-expr","locations":[{"start":{"line":99,"column":51},"end":{"line":99,"column":86}},{"start":{"line":99,"column":89},"end":{"line":99,"column":93}}],"line":99},"6":{"loc":{"start":{"line":100,"column":2},"end":{"line":193,"column":3}},"type":"switch","locations":[{"start":{"line":101,"column":4},"end":{"line":105,"column":609}},{"start":{"line":106,"column":4},"end":{"line":107,"column":82}},{"start":{"line":108,"column":4},"end":{"line":109,"column":139}},{"start":{"line":110,"column":4},"end":{"line":111,"column":112}},{"start":{"line":112,"column":4},"end":{"line":113,"column":83}},{"start":{"line":114,"column":4},"end":{"line":115,"column":114}},{"start":{"line":116,"column":4},"end":{"line":117,"column":82}},{"start":{"line":118,"column":4},"end":{"line":119,"column":232}},{"start":{"line":120,"column":4},"end":{"line":121,"column":152}},{"start":{"line":122,"column":4},"end":{"line":123,"column":104}},{"start":{"line":124,"column":4},"end":{"line":125,"column":79}},{"start":{"line":126,"column":4},"end":{"line":127,"column":258}},{"start":{"line":128,"column":4},"end":{"line":129,"column":99}},{"start":{"line":132,"column":4},"end":{"line":133,"column":229}},{"start":{"line":134,"column":4},"end":{"line":135,"column":72}},{"start":{"line":136,"column":4},"end":{"line":137,"column":83}},{"start":{"line":138,"column":4},"end":{"line":139,"column":51}},{"start":{"line":140,"column":4},"end":{"line":145,"column":7}},{"start":{"line":146,"column":4},"end":{"line":151,"column":7}},{"start":{"line":152,"column":4},"end":{"line":157,"column":7}},{"start":{"line":158,"column":4},"end":{"line":163,"column":7}},{"start":{"line":164,"column":4},"end":{"line":169,"column":7}},{"start":{"line":170,"column":4},"end":{"line":171,"column":52}},{"start":{"line":172,"column":4},"end":{"line":173,"column":105}},{"start":{"line":174,"column":4},"end":{"line":175,"column":105}},{"start":{"line":176,"column":4},"end":{"line":177,"column":52}},{"start":{"line":178,"column":4},"end":{"line":179,"column":72}},{"start":{"line":180,"column":4},"end":{"line":181,"column":102}},{"start":{"line":182,"column":4},"end":{"line":183,"column":73}},{"start":{"line":184,"column":4},"end":{"line":186,"column":72}},{"start":{"line":187,"column":4},"end":{"line":188,"column":55}},{"start":{"line":189,"column":4},"end":{"line":190,"column":75}},{"start":{"line":191,"column":4},"end":{"line":192,"column":19}}],"line":100},"7":{"loc":{"start":{"line":102,"column":6},"end":{"line":104,"column":7}},"type":"if","locations":[{"start":{"line":102,"column":6},"end":{"line":104,"column":7}},{"start":{"line":102,"column":6},"end":{"line":104,"column":7}}],"line":102},"8":{"loc":{"start":{"line":127,"column":182},"end":{"line":127,"column":255}},"type":"cond-expr","locations":[{"start":{"line":127,"column":243},"end":{"line":127,"column":247}},{"start":{"line":127,"column":250},"end":{"line":127,"column":255}}],"line":127},"9":{"loc":{"start":{"line":141,"column":6},"end":{"line":145,"column":7}},"type":"if","locations":[{"start":{"line":141,"column":6},"end":{"line":145,"column":7}},{"start":{"line":141,"column":6},"end":{"line":145,"column":7}}],"line":141},"10":{"loc":{"start":{"line":147,"column":6},"end":{"line":151,"column":7}},"type":"if","locations":[{"start":{"line":147,"column":6},"end":{"line":151,"column":7}},{"start":{"line":147,"column":6},"end":{"line":151,"column":7}}],"line":147},"11":{"loc":{"start":{"line":153,"column":6},"end":{"line":157,"column":7}},"type":"if","locations":[{"start":{"line":153,"column":6},"end":{"line":157,"column":7}},{"start":{"line":153,"column":6},"end":{"line":157,"column":7}}],"line":153},"12":{"loc":{"start":{"line":159,"column":6},"end":{"line":163,"column":7}},"type":"if","locations":[{"start":{"line":159,"column":6},"end":{"line":163,"column":7}},{"start":{"line":159,"column":6},"end":{"line":163,"column":7}}],"line":159},"13":{"loc":{"start":{"line":165,"column":6},"end":{"line":169,"column":7}},"type":"if","locations":[{"start":{"line":165,"column":6},"end":{"line":169,"column":7}},{"start":{"line":165,"column":6},"end":{"line":169,"column":7}}],"line":165}},"s":{"0":1,"1":1,"2":1,"3":1,"4":1,"5":1,"6":1,"7":1,"8":1,"9":1,"10":1,"11":35,"12":35,"13":35,"14":35,"15":35,"16":4,"17":1,"18":4,"19":0,"20":7,"21":0,"22":0,"23":0,"24":0,"25":0,"26":0,"27":1,"28":1,"29":1,"30":1,"31":1,"32":1,"33":1,"34":1,"35":1,"36":0,"37":1,"38":1,"39":0,"40":1,"41":1,"42":0,"43":1,"44":2,"45":0,"46":2,"47":0,"48":0,"49":0,"50":1,"51":1,"52":1,"53":1,"54":1,"55":1,"56":1,"57":1,"58":1,"59":1,"60":1,"61":1},"f":{"0":1,"1":35},"b":{"0":[1,0],"1":[1,1],"2":[34,1],"3":[35,35],"4":[0,35],"5":[0,35],"6":[4,0,7,0,0,0,0,0,0,1,1,1,1,1,1,1,1,1,1,1,2,0,1,1,1,1,1,1,1,1,1,1,1],"7":[1,3],"8":[0,1],"9":[0,1],"10":[0,1],"11":[0,1],"12":[0,2],"13":[0,0]},"_coverageSchema":"43e27e138ebf9cfc5966b082cf9a028302ed4184","hash":"9c827b216caa0fbf2ac2d9900c517eaf29beadb7","contentHash":"64acf41bdee037bffb7a08f43818c8e7e896b80cb0d1e0779e810cf274246d5a"},"D:\\unit\\red_tetris\\src\\client\\utils.js":{"path":"D:\\unit\\red_tetris\\src\\client\\utils.js","statementMap":{"0":{"start":{"line":3,"column":0},"end":{"line":5,"column":3}},"1":{"start":{"line":6,"column":0},"end":{"line":6,"column":260}},"2":{"start":{"line":8,"column":13},"end":{"line":8,"column":39}},"3":{"start":{"line":10,"column":14},"end":{"line":10,"column":44}},"4":{"start":{"line":12,"column":39},"end":{"line":12,"column":93}},"5":{"start":{"line":14,"column":18},"end":{"line":26,"column":1}},"6":{"start":{"line":15,"column":4},"end":{"line":17,"column":5}},"7":{"start":{"line":16,"column":8},"end":{"line":16,"column":20}},"8":{"start":{"line":18,"column":15},"end":{"line":18,"column":32}},"9":{"start":{"line":19,"column":24},"end":{"line":19,"column":42}},"10":{"start":{"line":20,"column":22},"end":{"line":20,"column":39}},"11":{"start":{"line":21,"column":19},"end":{"line":21,"column":61}},"12":{"start":{"line":22,"column":4},"end":{"line":24,"column":5}},"13":{"start":{"line":23,"column":8},"end":{"line":23,"column":20}},"14":{"start":{"line":25,"column":4},"end":{"line":25,"column":20}},"15":{"start":{"line":27,"column":14},"end":{"line":39,"column":1}},"16":{"start":{"line":28,"column":4},"end":{"line":30,"column":5}},"17":{"start":{"line":29,"column":8},"end":{"line":29,"column":20}},"18":{"start":{"line":31,"column":15},"end":{"line":31,"column":32}},"19":{"start":{"line":32,"column":20},"end":{"line":32,"column":37}},"20":{"start":{"line":33,"column":18},"end":{"line":33,"column":35}},"21":{"start":{"line":34,"column":15},"end":{"line":34,"column":49}},"22":{"start":{"line":35,"column":4},"end":{"line":37,"column":5}},"23":{"start":{"line":36,"column":8},"end":{"line":36,"column":20}},"24":{"start":{"line":38,"column":4},"end":{"line":38,"column":16}},"25":{"start":{"line":40,"column":20},"end":{"line":52,"column":1}},"26":{"start":{"line":41,"column":12},"end":{"line":41,"column":20}},"27":{"start":{"line":42,"column":12},"end":{"line":42,"column":20}},"28":{"start":{"line":44,"column":4},"end":{"line":46,"column":5}},"29":{"start":{"line":45,"column":8},"end":{"line":45,"column":21}},"30":{"start":{"line":47,"column":4},"end":{"line":51,"column":5}},"31":{"start":{"line":48,"column":8},"end":{"line":48,"column":20}},"32":{"start":{"line":50,"column":8},"end":{"line":50,"column":21}},"33":{"start":{"line":53,"column":18},"end":{"line":63,"column":1}},"34":{"start":{"line":54,"column":19},"end":{"line":54,"column":21}},"35":{"start":{"line":55,"column":4},"end":{"line":60,"column":7}},"36":{"start":{"line":56,"column":8},"end":{"line":59,"column":11}},"37":{"start":{"line":57,"column":12},"end":{"line":57,"column":47}},"38":{"start":{"line":57,"column":30},"end":{"line":57,"column":47}},"39":{"start":{"line":58,"column":12},"end":{"line":58,"column":58}},"40":{"start":{"line":62,"column":4},"end":{"line":62,"column":20}},"41":{"start":{"line":64,"column":24},"end":{"line":73,"column":1}},"42":{"start":{"line":65,"column":4},"end":{"line":71,"column":7}},"43":{"start":{"line":66,"column":8},"end":{"line":70,"column":11}},"44":{"start":{"line":67,"column":12},"end":{"line":69,"column":13}},"45":{"start":{"line":68,"column":16},"end":{"line":68,"column":43}},"46":{"start":{"line":72,"column":4},"end":{"line":72,"column":17}},"47":{"start":{"line":74,"column":24},"end":{"line":96,"column":1}},"48":{"start":{"line":75,"column":25},"end":{"line":75,"column":30}},"49":{"start":{"line":76,"column":4},"end":{"line":95,"column":5}},"50":{"start":{"line":77,"column":8},"end":{"line":91,"column":11}},"51":{"start":{"line":78,"column":12},"end":{"line":90,"column":15}},"52":{"start":{"line":79,"column":27},"end":{"line":79,"column":35}},"53":{"start":{"line":80,"column":27},"end":{"line":80,"column":35}},"54":{"start":{"line":81,"column":30},"end":{"line":81,"column":34}},"55":{"start":{"line":82,"column":27},"end":{"line":82,"column":31}},"56":{"start":{"line":84,"column":16},"end":{"line":84,"column":74}},"57":{"start":{"line":84,"column":58},"end":{"line":84,"column":74}},"58":{"start":{"line":85,"column":16},"end":{"line":85,"column":127}},"59":{"start":{"line":85,"column":114},"end":{"line":85,"column":127}},"60":{"start":{"line":86,"column":16},"end":{"line":89,"column":17}},"61":{"start":{"line":88,"column":20},"end":{"line":88,"column":31}},"62":{"start":{"line":92,"column":8},"end":{"line":92,"column":20}},"63":{"start":{"line":94,"column":8},"end":{"line":94,"column":21}},"64":{"start":{"line":97,"column":15},"end":{"line":105,"column":1}},"65":{"start":{"line":98,"column":17},"end":{"line":98,"column":21}},"66":{"start":{"line":99,"column":4},"end":{"line":103,"column":7}},"67":{"start":{"line":100,"column":8},"end":{"line":102,"column":9}},"68":{"start":{"line":101,"column":12},"end":{"line":101,"column":28}},"69":{"start":{"line":104,"column":4},"end":{"line":104,"column":18}},"70":{"start":{"line":106,"column":19},"end":{"line":115,"column":1}},"71":{"start":{"line":107,"column":17},"end":{"line":107,"column":18}},"72":{"start":{"line":108,"column":4},"end":{"line":113,"column":7}},"73":{"start":{"line":109,"column":8},"end":{"line":112,"column":9}},"74":{"start":{"line":110,"column":12},"end":{"line":110,"column":43}},"75":{"start":{"line":111,"column":12},"end":{"line":111,"column":19}},"76":{"start":{"line":114,"column":4},"end":{"line":114,"column":18}},"77":{"start":{"line":116,"column":18},"end":{"line":124,"column":1}},"78":{"start":{"line":117,"column":17},"end":{"line":117,"column":21}},"79":{"start":{"line":118,"column":4},"end":{"line":122,"column":7}},"80":{"start":{"line":119,"column":8},"end":{"line":121,"column":9}},"81":{"start":{"line":120,"column":12},"end":{"line":120,"column":32}},"82":{"start":{"line":123,"column":4},"end":{"line":123,"column":18}},"83":{"start":{"line":125,"column":20},"end":{"line":141,"column":1}},"84":{"start":{"line":126,"column":19},"end":{"line":126,"column":24}},"85":{"start":{"line":127,"column":22},"end":{"line":127,"column":23}},"86":{"start":{"line":129,"column":4},"end":{"line":136,"column":5}},"87":{"start":{"line":129,"column":17},"end":{"line":129,"column":36}},"88":{"start":{"line":130,"column":8},"end":{"line":135,"column":9}},"89":{"start":{"line":131,"column":12},"end":{"line":131,"column":34}},"90":{"start":{"line":132,"column":12},"end":{"line":132,"column":61}},"91":{"start":{"line":133,"column":12},"end":{"line":133,"column":26}},"92":{"start":{"line":134,"column":12},"end":{"line":134,"column":16}},"93":{"start":{"line":137,"column":4},"end":{"line":140,"column":6}},"94":{"start":{"line":143,"column":16},"end":{"line":156,"column":1}},"95":{"start":{"line":144,"column":4},"end":{"line":146,"column":5}},"96":{"start":{"line":145,"column":8},"end":{"line":145,"column":21}},"97":{"start":{"line":147,"column":19},"end":{"line":147,"column":78}},"98":{"start":{"line":148,"column":4},"end":{"line":154,"column":5}},"99":{"start":{"line":149,"column":28},"end":{"line":149,"column":88}},"100":{"start":{"line":150,"column":8},"end":{"line":152,"column":9}},"101":{"start":{"line":151,"column":12},"end":{"line":151,"column":24}},"102":{"start":{"line":153,"column":8},"end":{"line":153,"column":44}},"103":{"start":{"line":155,"column":4},"end":{"line":155,"column":17}},"104":{"start":{"line":158,"column":0},"end":{"line":158,"column":30}},"105":{"start":{"line":159,"column":0},"end":{"line":159,"column":34}},"106":{"start":{"line":160,"column":0},"end":{"line":160,"column":26}},"107":{"start":{"line":161,"column":0},"end":{"line":161,"column":46}},"108":{"start":{"line":162,"column":0},"end":{"line":162,"column":46}},"109":{"start":{"line":163,"column":0},"end":{"line":163,"column":34}},"110":{"start":{"line":164,"column":0},"end":{"line":164,"column":38}},"111":{"start":{"line":165,"column":0},"end":{"line":165,"column":36}},"112":{"start":{"line":166,"column":0},"end":{"line":166,"column":28}},"113":{"start":{"line":167,"column":0},"end":{"line":167,"column":34}}},"fnMap":{"0":{"name":"_interopRequireDefault","decl":{"start":{"line":12,"column":9},"end":{"line":12,"column":31}},"loc":{"start":{"line":12,"column":37},"end":{"line":12,"column":95}},"line":12},"1":{"name":"getRoomName","decl":{"start":{"line":14,"column":27},"end":{"line":14,"column":38}},"loc":{"start":{"line":14,"column":44},"end":{"line":26,"column":1}},"line":14},"2":{"name":"getName","decl":{"start":{"line":27,"column":23},"end":{"line":27,"column":30}},"loc":{"start":{"line":27,"column":36},"end":{"line":39,"column":1}},"line":27},"3":{"name":"isPartOfPiece","decl":{"start":{"line":40,"column":53},"end":{"line":40,"column":66}},"loc":{"start":{"line":40,"column":92},"end":{"line":52,"column":1}},"line":40},"4":{"name":"rotatePiece","decl":{"start":{"line":53,"column":27},"end":{"line":53,"column":38}},"loc":{"start":{"line":53,"column":46},"end":{"line":63,"column":1}},"line":53},"5":{"name":"(anonymous_5)","decl":{"start":{"line":55,"column":14},"end":{"line":55,"column":15}},"loc":{"start":{"line":55,"column":32},"end":{"line":60,"column":5}},"line":55},"6":{"name":"(anonymous_6)","decl":{"start":{"line":56,"column":16},"end":{"line":56,"column":17}},"loc":{"start":{"line":56,"column":35},"end":{"line":59,"column":9}},"line":56},"7":{"name":"placePieceOnBoard","decl":{"start":{"line":64,"column":33},"end":{"line":64,"column":50}},"loc":{"start":{"line":64,"column":91},"end":{"line":73,"column":1}},"line":64},"8":{"name":"(anonymous_8)","decl":{"start":{"line":65,"column":14},"end":{"line":65,"column":15}},"loc":{"start":{"line":65,"column":32},"end":{"line":71,"column":5}},"line":65},"9":{"name":"(anonymous_9)","decl":{"start":{"line":66,"column":16},"end":{"line":66,"column":17}},"loc":{"start":{"line":66,"column":35},"end":{"line":70,"column":9}},"line":66},"10":{"name":"isPossibleToPlace","decl":{"start":{"line":74,"column":33},"end":{"line":74,"column":50}},"loc":{"start":{"line":74,"column":91},"end":{"line":96,"column":1}},"line":74},"11":{"name":"(anonymous_11)","decl":{"start":{"line":77,"column":31},"end":{"line":77,"column":32}},"loc":{"start":{"line":77,"column":50},"end":{"line":91,"column":9}},"line":77},"12":{"name":"(anonymous_12)","decl":{"start":{"line":78,"column":25},"end":{"line":78,"column":26}},"loc":{"start":{"line":78,"column":44},"end":{"line":90,"column":13}},"line":78},"13":{"name":"getEnemy","decl":{"start":{"line":97,"column":24},"end":{"line":97,"column":32}},"loc":{"start":{"line":97,"column":58},"end":{"line":105,"column":1}},"line":97},"14":{"name":"(anonymous_14)","decl":{"start":{"line":99,"column":23},"end":{"line":99,"column":24}},"loc":{"start":{"line":99,"column":41},"end":{"line":103,"column":5}},"line":99},"15":{"name":"getEnemyTime","decl":{"start":{"line":106,"column":28},"end":{"line":106,"column":40}},"loc":{"start":{"line":106,"column":66},"end":{"line":115,"column":1}},"line":106},"16":{"name":"(anonymous_16)","decl":{"start":{"line":108,"column":23},"end":{"line":108,"column":24}},"loc":{"start":{"line":108,"column":41},"end":{"line":113,"column":5}},"line":108},"17":{"name":"getEnemyMap","decl":{"start":{"line":116,"column":27},"end":{"line":116,"column":38}},"loc":{"start":{"line":116,"column":64},"end":{"line":124,"column":1}},"line":116},"18":{"name":"(anonymous_18)","decl":{"start":{"line":118,"column":23},"end":{"line":118,"column":24}},"loc":{"start":{"line":118,"column":41},"end":{"line":122,"column":5}},"line":118},"19":{"name":"clearFullRows","decl":{"start":{"line":125,"column":29},"end":{"line":125,"column":42}},"loc":{"start":{"line":125,"column":50},"end":{"line":141,"column":1}},"line":125},"20":{"name":"isCanMove","decl":{"start":{"line":143,"column":25},"end":{"line":143,"column":34}},"loc":{"start":{"line":143,"column":41},"end":{"line":156,"column":1}},"line":143}},"branchMap":{"0":{"loc":{"start":{"line":12,"column":46},"end":{"line":12,"column":92}},"type":"cond-expr","locations":[{"start":{"line":12,"column":70},"end":{"line":12,"column":73}},{"start":{"line":12,"column":76},"end":{"line":12,"column":92}}],"line":12},"1":{"loc":{"start":{"line":12,"column":46},"end":{"line":12,"column":67}},"type":"binary-expr","locations":[{"start":{"line":12,"column":46},"end":{"line":12,"column":49}},{"start":{"line":12,"column":53},"end":{"line":12,"column":67}}],"line":12},"2":{"loc":{"start":{"line":15,"column":4},"end":{"line":17,"column":5}},"type":"if","locations":[{"start":{"line":15,"column":4},"end":{"line":17,"column":5}},{"start":{"line":15,"column":4},"end":{"line":17,"column":5}}],"line":15},"3":{"loc":{"start":{"line":22,"column":4},"end":{"line":24,"column":5}},"type":"if","locations":[{"start":{"line":22,"column":4},"end":{"line":24,"column":5}},{"start":{"line":22,"column":4},"end":{"line":24,"column":5}}],"line":22},"4":{"loc":{"start":{"line":22,"column":8},"end":{"line":22,"column":50}},"type":"binary-expr","locations":[{"start":{"line":22,"column":8},"end":{"line":22,"column":28}},{"start":{"line":22,"column":32},"end":{"line":22,"column":50}}],"line":22},"5":{"loc":{"start":{"line":28,"column":4},"end":{"line":30,"column":5}},"type":"if","locations":[{"start":{"line":28,"column":4},"end":{"line":30,"column":5}},{"start":{"line":28,"column":4},"end":{"line":30,"column":5}}],"line":28},"6":{"loc":{"start":{"line":35,"column":4},"end":{"line":37,"column":5}},"type":"if","locations":[{"start":{"line":35,"column":4},"end":{"line":37,"column":5}},{"start":{"line":35,"column":4},"end":{"line":37,"column":5}}],"line":35},"7":{"loc":{"start":{"line":35,"column":8},"end":{"line":35,"column":42}},"type":"binary-expr","locations":[{"start":{"line":35,"column":8},"end":{"line":35,"column":24}},{"start":{"line":35,"column":28},"end":{"line":35,"column":42}}],"line":35},"8":{"loc":{"start":{"line":44,"column":4},"end":{"line":46,"column":5}},"type":"if","locations":[{"start":{"line":44,"column":4},"end":{"line":46,"column":5}},{"start":{"line":44,"column":4},"end":{"line":46,"column":5}}],"line":44},"9":{"loc":{"start":{"line":44,"column":8},"end":{"line":44,"column":64}},"type":"binary-expr","locations":[{"start":{"line":44,"column":8},"end":{"line":44,"column":13}},{"start":{"line":44,"column":17},"end":{"line":44,"column":34}},{"start":{"line":44,"column":38},"end":{"line":44,"column":43}},{"start":{"line":44,"column":47},"end":{"line":44,"column":64}}],"line":44},"10":{"loc":{"start":{"line":47,"column":4},"end":{"line":51,"column":5}},"type":"if","locations":[{"start":{"line":47,"column":4},"end":{"line":51,"column":5}},{"start":{"line":47,"column":4},"end":{"line":51,"column":5}}],"line":47},"11":{"loc":{"start":{"line":57,"column":12},"end":{"line":57,
[...]
27}},"2":{"start":{"line":8,"column":4},"end":{"line":11,"column":6}}},"fnMap":{"0":{"name":"getGames","decl":{"start":{"line":7,"column":9},"end":{"line":7,"column":17}},"loc":{"start":{"line":7,"column":24},"end":{"line":12,"column":1}},"line":7}},"branchMap":{},"s":{"0":1,"1":1,"2":1},"f":{"0":1},"b":{},"_coverageSchema":"43e27e138ebf9cfc5966b082cf9a028302ed4184","hash":"cf60668d5a5a21e372edc2e6903ee6b8a1d962ae","contentHash":"5b7a837e5c984bcc544ef170da3f536cb7699d11f22baf69e33db6799bed8784"},"D:\\unit\\red_tetris\\src\\client\\actions\\getPlayers.js":{"path":"D:\\unit\\red_tetris\\src\\client\\actions\\getPlayers.js","statementMap":{"0":{"start":{"line":3,"column":0},"end":{"line":5,"column":3}},"1":{"start":{"line":6,"column":0},"end":{"line":6,"column":29}},"2":{"start":{"line":8,"column":2},"end":{"line":11,"column":4}}},"fnMap":{"0":{"name":"getPlayers","decl":{"start":{"line":7,"column":9},"end":{"line":7,"column":19}},"loc":{"start":{"line":7,"column":26},"end":{"line":12,"column":1}},"line":7}},"branchMap":{},"s":{"0":1,"1":1,"2":1},"f":{"0":1},"b":{},"_coverageSchema":"43e27e138ebf9cfc5966b082cf9a028302ed4184","hash":"f6f0c18b4ad1883316b1827e4a32d5d739f468f1","contentHash":"512ee5518207f3da61a48b6849d6f5b43c9cc3ebe6c85d9430c51f97f6ab1962"},"D:\\unit\\red_tetris\\src\\client\\actions\\joinGame.js":{"path":"D:\\unit\\red_tetris\\src\\client\\actions\\joinGame.js","statementMap":{"0":{"start":{"line":3,"column":0},"end":{"line":5,"column":3}},"1":{"start":{"line":6,"column":0},"end":{"line":6,"column":27}},"2":{"start":{"line":9,"column":2},"end":{"line":12,"column":4}}},"fnMap":{"0":{"name":"joinGame","decl":{"start":{"line":7,"column":9},"end":{"line":7,"column":17}},"loc":{"start":{"line":7,"column":24},"end":{"line":13,"column":1}},"line":7}},"branchMap":{},"s":{"0":1,"1":1,"2":1},"f":{"0":1},"b":{},"_coverageSchema":"43e27e138ebf9cfc5966b082cf9a028302ed4184","hash":"0f6b1e36e01338118f461e6669dbf338369d3b79","contentHash":"cf6afb28335fea178b9f388aac903df868ac4336fa5b5340933aeed9eede496a"},"D:\\unit\\red_tetris\\src\\client\\actions\\moveDown.js":{"path":"D:\\unit\\red_tetris\\src\\client\\actions\\moveDown.js","statementMap":{"0":{"start":{"line":3,"column":0},"end":{"line":5,"column":3}},"1":{"start":{"line":6,"column":0},"end":{"line":6,"column":27}},"2":{"start":{"line":8,"column":13},"end":{"line":8,"column":86}},"3":{"start":{"line":10,"column":2},"end":{"line":13,"column":4}}},"fnMap":{"0":{"name":"moveDown","decl":{"start":{"line":7,"column":9},"end":{"line":7,"column":17}},"loc":{"start":{"line":7,"column":20},"end":{"line":14,"column":1}},"line":7}},"branchMap":{"0":{"loc":{"start":{"line":8,"column":13},"end":{"line":8,"column":86}},"type":"cond-expr","locations":[{"start":{"line":8,"column":66},"end":{"line":8,"column":78}},{"start":{"line":8,"column":81},"end":{"line":8,"column":86}}],"line":8},"1":{"loc":{"start":{"line":8,"column":13},"end":{"line":8,"column":63}},"type":"binary-expr","locations":[{"start":{"line":8,"column":13},"end":{"line":8,"column":33}},{"start":{"line":8,"column":37},"end":{"line":8,"column":63}}],"line":8}},"s":{"0":1,"1":1,"2":1,"3":1},"f":{"0":1},"b":{"0":[1,0],"1":[1,1]},"_coverageSchema":"43e27e138ebf9cfc5966b082cf9a028302ed4184","hash":"e15e91da14e8021ba85c0eb6e07c7cc7eafebee4","contentHash":"cb9d3a6ac1f4a920cfe1e9a29eb5f8ba91252201847aea57d43b3e73b205ab81"},"D:\\unit\\red_tetris\\src\\client\\actions\\moveLeft.js":{"path":"D:\\unit\\red_tetris\\src\\client\\actions\\moveLeft.js","statementMap":{"0":{"start":{"line":3,"column":0},"end":{"line":5,"column":3}},"1":{"start":{"line":6,"column":0},"end":{"line":6,"column":27}},"2":{"start":{"line":8,"column":13},"end":{"line":8,"column":86}},"3":{"start":{"line":10,"column":2},"end":{"line":13,"column":4}}},"fnMap":{"0":{"name":"moveLeft","decl":{"start":{"line":7,"column":9},"end":{"line":7,"column":17}},"loc":{"start":{"line":7,"column":20},"end":{"line":14,"column":1}},"line":7}},"branchMap":{"0":{"loc":{"start":{"line":8,"column":13},"end":{"line":8,"column":86}},"type":"cond-expr","locations":[{"start":{"line":8,"column":66},"end":{"line":8,"column":78}},{"start":{"line":8,"column":81},"end":{"line":8,"column":86}}],"line":8},"1":{"loc":{"start":{"line":8,"column":13},"end":{"line":8,"column":63}},"type":"binary-expr","locations":[{"start":{"line":8,"column":13},"end":{"line":8,"column":33}},{"start":{"line":8,"column":37},"end":{"line":8,"column":63}}],"line":8}},"s":{"0":1,"1":1,"2":1,"3":1},"f":{"0":1},"b":{"0":[1,0],"1":[1,1]},"_coverageSchema":"43e27e138ebf9cfc5966b082cf9a028302ed4184","hash":"da8b10a40235f2223e24d064ec284d5031b83bd8","contentHash":"4b1a9960a2d256b8bccd86469d1610cea0a2df402771ddbbf60925687f2d071b"},"D:\\unit\\red_tetris\\src\\client\\actions\\moveRight.js":{"path":"D:\\unit\\red_tetris\\src\\client\\actions\\moveRight.js","statementMap":{"0":{"start":{"line":3,"column":0},"end":{"line":5,"column":3}},"1":{"start":{"line":6,"column":0},"end":{"line":6,"column":28}},"2":{"start":{"line":8,"column":13},"end":{"line":8,"column":86}},"3":{"start":{"line":10,"column":2},"end":{"line":13,"column":4}}},"fnMap":{"0":{"name":"moveRight","decl":{"start":{"line":7,"column":9},"end":{"line":7,"column":18}},"loc":{"start":{"line":7,"column":21},"end":{"line":14,"column":1}},"line":7}},"branchMap":{"0":{"loc":{"start":{"line":8,"column":13},"end":{"line":8,"column":86}},"type":"cond-expr","locations":[{"start":{"line":8,"column":66},"end":{"line":8,"column":78}},{"start":{"line":8,"column":81},"end":{"line":8,"column":86}}],"line":8},"1":{"loc":{"start":{"line":8,"column":13},"end":{"line":8,"column":63}},"type":"binary-expr","locations":[{"start":{"line":8,"column":13},"end":{"line":8,"column":33}},{"start":{"line":8,"column":37},"end":{"line":8,"column":63}}],"line":8}},"s":{"0":1,"1":1,"2":1,"3":1},"f":{"0":1},"b":{"0":[1,0],"1":[1,1]},"_coverageSchema":"43e27e138ebf9cfc5966b082cf9a028302ed4184","hash":"7ce08ae49a3dca389be7cc36b7aef0182e8ba64c","contentHash":"c081028ea3581a51517c1292ee1f590a0044820183b5de160a573bfde6a4c805"},"D:\\unit\\red_tetris\\src\\client\\actions\\needToPause.js":{"path":"D:\\unit\\red_tetris\\src\\client\\actions\\needToPause.js","statementMap":{"0":{"start":{"line":3,"column":0},"end":{"line":5,"column":3}},"1":{"start":{"line":6,"column":0},"end":{"line":6,"column":33}},"2":{"start":{"line":8,"column":4},"end":{"line":11,"column":6}}},"fnMap":{"0":{"name":"setNeedToPause","decl":{"start":{"line":7,"column":9},"end":{"line":7,"column":23}},"loc":{"start":{"line":7,"column":30},"end":{"line":12,"column":1}},"line":7}},"branchMap":{},"s":{"0":1,"1":1,"2":1},"f":{"0":1},"b":{},"_coverageSchema":"43e27e138ebf9cfc5966b082cf9a028302ed4184","hash":"0f9146254e1ac7c0b4f25c9f6adf60b0e6c50b74","contentHash":"3b3933654bafd80808de49a8ccbe7895ad48d75ddb742db11d45f2ca1cadeb3c"},"D:\\unit\\red_tetris\\src\\client\\actions\\needToRotatePiece.js":{"path":"D:\\unit\\red_tetris\\src\\client\\actions\\needToRotatePiece.js","statementMap":{"0":{"start":{"line":3,"column":0},"end":{"line":5,"column":3}},"1":{"start":{"line":6,"column":0},"end":{"line":6,"column":36}},"2":{"start":{"line":8,"column":13},"end":{"line":8,"column":86}},"3":{"start":{"line":10,"column":2},"end":{"line":13,"column":4}}},"fnMap":{"0":{"name":"needToRotatePiece","decl":{"start":{"line":7,"column":9},"end":{"line":7,"column":26}},"loc":{"start":{"line":7,"column":29},"end":{"line":14,"column":1}},"line":7}},"branchMap":{"0":{"loc":{"start":{"line":8,"column":13},"end":{"line":8,"column":86}},"type":"cond-expr","locations":[{"start":{"line":8,"column":66},"end":{"line":8,"column":78}},{"start":{"line":8,"column":81},"end":{"line":8,"column":86}}],"line":8},"1":{"loc":{"start":{"line":8,"column":13},"end":{"line":8,"column":63}},"type":"binary-expr","locations":[{"start":{"line":8,"column":13},"end":{"line":8,"column":33}},{"start":{"line":8,"column":37},"end":{"line":8,"column":63}}],"line":8}},"s":{"0":1,"1":1,"2":1,"3":1},"f":{"0":1},"b":{"0":[1,0],"1":[1,1]},"_coverageSchema":"43e27e138ebf9cfc5966b082cf9a028302ed4184","hash":"4a5cec534111125ee494eac67c341660babab0cd","contentHash":"fbba177fe070ea288827384718a7c9644db09739c90f5dbd7feda724d3be99a7"},"D:\\unit\\red_tetris\\src\\client\\actions\\pauseGame.js":{"path":"D:\\unit\\red_tetris\\src\\client\\actions\\pauseGame.js","statementMap":{"0":{"start":{"line":3,"column":0},"end":{"line":5,"column":3}},"1":{"start":{"line":6,"column":0},"end":{"line":6,"column":28}},"2":{"start":{"line":8,"column":4},"end":{"line":11,"column":6}}},"fnMap":{"0":{"name":"pauseGame","decl":{"start":{"line":7,"column":9},"end":{"line":7,"column":18}},"loc":{"start":{"line":7,"column":25},"end":{"line":12,"column":1}},"line":7}},"branchMap":{},"s":{"0":1,"1":1,"2":1},"f":{"0":1},"b":{},"_coverageSchema":"43e27e138ebf9cfc5966b082cf9a028302ed4184","hash":"dd5054788fbc6902c8e7dedc716bb7c4e4caf1bc","contentHash":"f9cd6e190bac8f5c9936b036021c5f8d7d900e5d2677c8bb4de03edc6b5f4462"},"D:\\unit\\red_tetris\\src\\client\\actions\\pieceLanded.js":{"path":"D:\\unit\\red_tetris\\src\\client\\actions\\pieceLanded.js","statementMap":{"0":{"start":{"line":3,"column":0},"end":{"line":5,"column":3}},"1":{"start":{"line":6,"column":0},"end":{"line":6,"column":30}},"2":{"start":{"line":8,"column":4},"end":{"line":11,"column":6}}},"fnMap":{"0":{"name":"pieceLanded","decl":{"start":{"line":7,"column":9},"end":{"line":7,"column":20}},"loc":{"start":{"line":7,"column":27},"end":{"line":12,"column":1}},"line":7}},"branchMap":{},"s":{"0":1,"1":1,"2":1},"f":{"0":1},"b":{},"_coverageSchema":"43e27e138ebf9cfc5966b082cf9a028302ed4184","hash":"59afd0cbe0f8791d5c3a75ed1d55474995d23265","contentHash":"46e1dd8b00a47e20c3b369029107157e3ba711a94224812f5135ee09b078e3f6"},"D:\\unit\\red_tetris\\src\\client\\actions\\pieceMove.js":{"path":"D:\\unit\\red_tetris\\src\\client\\actions\\pieceMove.js","statementMap":{"0":{"start":{"line":3,"column":0},"end":{"line":5,"column":3}},"1":{"start":{"line":6,"column":0},"end":{"line":6,"column":28}},"2":{"start":{"line":8,"column":4},"end":{"line":11,"column":6}}},"fnMap":{"0":{"name":"pieceMove","decl":{"start":{"line":7,"column":9},"end":{"line":7,"column":18}},"loc":{"start":{"line":7,"column":25},"end":{"line":12,"column":1}},"line":7}},"branchMap":{},"s":{"0":1,"1":1,"2":1},"f":{"0":1},"b":{},"_coverageSchema":"43e27e138ebf9cfc5966b082cf9a028302ed4184","hash":"ac7250f43b50f1d87da0cebc61af8a5e9bd6bea0","contentHash":"0ffa6fb14de8043abb8a6f9d9c3a97c02aa109b1b30b1d4fa6f4fcf8e1cc7a60"},"D:\\unit\\red_tetris\\src\\client\\actions\\pingPong.js":{"path":"D:\\unit\\red_tetris\\src\\client\\actions\\pingPong.js","statementMap":{"0":{"start":{"line":3,"column":0},"end":{"line":5,"column":3}},"1":{"start":{"line":6,"column":0},"end":{"line":6,"column":27}},"2":{"start":{"line":9,"column":2},"end":{"line":12,"column":4}}},"fnMap":{"0":{"name":"pingPong","decl":{"start":{"line":7,"column":9},"end":{"line":7,"column":17}},"loc":{"start":{"line":7,"column":24},"end":{"line":13,"column":1}},"line":7}},"branchMap":{},"s":{"0":1,"1":1,"2":1},"f":{"0":1},"b":{},"_coverageSchema":"43e27e138ebf9cfc5966b082cf9a028302ed4184","hash":"f8e923cf2393d5b9942fcadb5713119fa4c5ca7e","contentHash":"10f9ba3df8413c02e04f000d0afa5dd63c218e904c6a89f333f0cc84e954fb2d"},"D:\\unit\\red_tetris\\src\\client\\actions\\retry.js":{"path":"D:\\unit\\red_tetris\\src\\client\\actions\\retry.js","statementMap":{"0":{"start":{"line":3,"column":0},"end":{"line":5,"column":3}},"1":{"start":{"line":6,"column":0},"end":{"line":6,"column":24}},"2":{"start":{"line":8,"column":2},"end":{"line":11,"column":4}}},"fnMap":{"0":{"name":"retry","decl":{"start":{"line":7,"column":9},"end":{"line":7,"column":14}},"loc":{"start":{"line":7,"column":21},"end":{"line":12,"column":1}},"line":7}},"branchMap":{},"s":{"0":1,"1":1,"2":1},"f":{"0":1},"b":{},"_coverageSchema":"43e27e138ebf9cfc5966b082cf9a028302ed4184","hash":"9dd90e37a0d57e69427042b74a24e64ab459264b","contentHash":"2ee63576526e95546fb54321a37d922d987b30fa94514887f7e74e95634d31c3"},"D:\\unit\\red_tetris\\src\\client\\actions\\server.js":{"path":"D:\\unit\\red_tetris\\src\\client\\actions\\server.js","statementMap":{"0":{"start":{"line":3,"column":0},"end":{"line":5,"column":3}},"1":{"start":{"line":6,"column":11},"end":{"line":10,"column":1}},"2":{"start":{"line":7,"column":2},"end":{"line":9,"column":4}}},"fnMap":{"0":{"name":"ping","decl":{"start":{"line":6,"column":35},"end":{"line":6,"column":39}},"loc":{"start":{"line":6,"column":42},"end":{"line":10,"column":1}},"line":6}},"branchMap":{},"s":{"0":1,"1":1,"2":1},"f":{"0":1},"b":{},"_coverageSchema":"43e27e138ebf9cfc5966b082cf9a028302ed4184","hash":"2bffece6fa0ecd676b7ec2d716e9f3301aa39414","contentHash":"688eb3ec05c7e8ecca8b3aea092b26b428f578aabf2cfe0ed7f9d6c42d21b4b9"},"D:\\unit\\red_tetris\\src\\client\\actions\\piecePlaced.js":{"path":"D:\\unit\\red_tetris\\src\\client\\actions\\piecePlaced.js","statementMap":{"0":{"start":{"line":3,"column":0},"end":{"line":5,"column":3}},"1":{"start":{"line":6,"column":0},"end":{"line":6,"column":30}},"2":{"start":{"line":8,"column":4},"end":{"line":11,"column":6}}},"fnMap":{"0":{"name":"piecePlaced","decl":{"start":{"line":7,"column":9},"end":{"line":7,"column":20}},"loc":{"start":{"line":7,"column":27},"end":{"line":12,"column":1}},"line":7}},"branchMap":{},"s":{"0":1,"1":1,"2":1},"f":{"0":1},"b":{},"_coverageSchema":"43e27e138ebf9cfc5966b082cf9a028302ed4184","hash":"4449a1dd025a038c0f454a4dabb25147ed2642da","contentHash":"0f2f2ecd2e8f61da94b8c7cbc11dea116cb52a01ad562e61e1e09472adcbdd00"},"D:\\unit\\red_tetris\\src\\client\\actions\\setCurrentShape.js":{"path":"D:\\unit\\red_tetris\\src\\client\\actions\\setCurrentShape.js","statementMap":{"0":{"start":{"line":3,"column":0},"end":{"line":5,"column":3}},"1":{"start":{"line":6,"column":0},"end":{"line":6,"column":34}},"2":{"start":{"line":8,"column":2},"end":{"line":11,"column":4}}},"fnMap":{"0":{"name":"setCurrentShape","decl":{"start":{"line":7,"column":9},"end":{"line":7,"column":24}},"loc":{"start":{"line":7,"column":31},"end":{"line":12,"column":1}},"line":7}},"branchMap":{},"s":{"0":1,"1":1,"2":1},"f":{"0":1},"b":{},"_coverageSchema":"43e27e138ebf9cfc5966b082cf9a028302ed4184","hash":"5ce75dca6a34fbb2b151114c3f77ad2ffa1b3783","contentHash":"ecc51e1cdf2c1cf93616de52cbf4da4873057d336ae92c1d27362a90a3d33bbf"},"D:\\unit\\red_tetris\\src\\client\\actions\\setCurrentUser.js":{"path":"D:\\unit\\red_tetris\\src\\client\\actions\\setCurrentUser.js","statementMap":{"0":{"start":{"line":3,"column":0},"end":{"line":5,"column":3}},"1":{"start":{"line":6,"column":0},"end":{"line":6,"column":33}},"2":{"start":{"line":9,"column":2},"end":{"line":12,"column":4}}},"fnMap":{"0":{"name":"setCurrentUser","decl":{"start":{"line":7,"column":9},"end":{"line":7,"column":23}},"loc":{"start":{"line":7,"column":30},"end":{"line":13,"column":1}},"line":7}},"branchMap":{},"s":{"0":1,"1":1,"2":1},"f":{"0":1},"b":{},"_coverageSchema":"43e27e138ebf9cfc5966b082cf9a028302ed4184","hash":"3d154b80def2bf3bdc4b1eec29eabf4390d897ae","contentHash":"dbcb35778d06abc03139a07f8184f61e869c9a0308c83322e3f44859421d8dff"},"D:\\unit\\red_tetris\\src\\client\\actions\\setNewLocalMap.js":{"path":"D:\\unit\\red_tetris\\src\\client\\actions\\setNewLocalMap.js","statementMap":{"0":{"start":{"line":3,"column":0},"end":{"line":5,"column":3}},"1":{"start":{"line":6,"column":0},"end":{"line":6,"column":33}},"2":{"start":{"line":8,"column":4},"end":{"line":11,"column":6}}},"fnMap":{"0":{"name":"setNewLocalMap","decl":{"start":{"line":7,"column":9},"end":{"line":7,"column":23}},"loc":{"start":{"line":7,"column":30},"end":{"line":12,"column":1}},"line":7}},"branchMap":{},"s":{"0":1,"1":1,"2":1},"f":{"0":1},"b":{},"_coverageSchema":"43e27e138ebf9cfc5966b082cf9a028302ed4184","hash":"5ab5455ad5d651919f1d726e592d5d42c02e1d73","contentHash":"cadd060ae748875455ed686f454bbaa1716dead644112bb69e5fae632c353b8f"},"D:\\unit\\red_tetris\\src\\client\\actions\\startGame.js":{"path":"D:\\unit\\red_tetris\\src\\client\\actions\\startGame.js","statementMap":{"0":{"start":{"line":3,"column":0},"end":{"line":5,"column":3}},"1":{"start":{"line":6,"column":0},"end":{"line":6,"column":28}},"2":{"start":{"line":8,"column":4},"end":{"line":11,"column":6}}},"fnMap":{"0":{"name":"startGame","decl":{"start":{"line":7,"column":9},"end":{"line":7,"column":18}},"loc":{"start":{"line":7,"column":25},"end":{"line":12,"column":1}},"line":7}},"branchMap":{},"s":{"0":1,"1":1,"2":1},"f":{"0":1},"b":{},"_coverageSchema":"43e27e138ebf9cfc5966b082cf9a028302ed4184","hash":"32d8efbd9d09a0ab771f678574d27030be3079d5","contentHash":"12efee6f8938b48420bf98d8f01b6a91ee1388519620f151fdf5d40b5b4192b4"},"D:\\unit\\red_tetris\\src\\client\\actions\\startInterval.js":{"path":"D:\\unit\\red_tetris\\src\\client\\actions\\startInterval.js","statementMap":{"0":{"start":{"line":3,"column":0},"end":{"line":5,"column":3}},"1":{"start":{"line":6,"column":0},"end":{"line":6,"column":32}},"2":{"start":{"line":8,"column":4},"end":{"line":11,"column":6}}},"fnMap":{"0":{"name":"startInterval","decl":{"start":{"line":7,"column":9},"end":{"line":7,"column":22}},"loc":{"start":{"line":7,"column":29},"end":{"line":12,"column":1}},"line":7}},"branchMap":{},"s":{"0":1,"1":1,"2":1},"f":{"0":1},"b":{},"_coverageSchema":"43e27e138ebf9cfc5966b082cf9a028302ed4184","hash":"4f3363f25871a70a39221c67b86f5473e98f2c95","contentHash":"2eba8395e5005b3a0c9a70baa7abc705db5badcb921e2f04a99a261fa2b81c44"},"D:\\unit\\red_tetris\\src\\client\\actions\\startMove.js":{"path":"D:\\unit\\red_tetris\\src\\client\\actions\\startMove.js","statementMap":{"0":{"start":{"line":3,"column":0},"end":{"line":5,"column":3}},"1":{"start":{"line":6,"column":0},"end":{"line":6,"column":28}},"2":{"start":{"line":8,"column":4},"end":{"line":11,"column":6}}},"fnMap":{"0":{"name":"startMove","decl":{"start":{"line":7,"column":9},"end":{"line":7,"column":18}},"loc":{"start":{"line":7,"column":25},"end":{"line":12,"column":1}},"line":7}},"branchMap":{},"s":{"0":1,"1":1,"2":1},"f":{"0":1},"b":{},"_coverageSchema":"43e27e138ebf9cfc5966b082cf9a028302ed4184","hash":"3d7412c1ff009043a1a7a639a89e3b03c122d54a","contentHash":"9a27ce713f658aa51b7cee9ac3281dd4e1eaeb52c5de05d7ffdebea3e4e1dfc4"},"D:\\unit\\red_tetris\\src\\client\\actions\\stopMove.js":{"path":"D:\\unit\\red_tetris\\src\\client\\actions\\stopMove.js","statementMap":{"0":{"start":{"line":3,"column":0},"end":{"line":5,"column":3}},"1":{"start":{"line":6,"column":0},"end":{"line":6,"column":27}},"2":{"start":{"line":8,"column":4},"end":{"line":11,"column":6}}},"fnMap":{"0":{"name":"stopMove","decl":{"start":{"line":7,"column":9},"end":{"line":7,"column":17}},"loc":{"start":{"line":7,"column":24},"end":{"line":12,"column":1}},"line":7}},"branchMap":{},"s":{"0":1,"1":1,"2":1},"f":{"0":1},"b":{},"_coverageSchema":"43e27e138ebf9cfc5966b082cf9a028302ed4184","hash":"726600ffa4c712c5ff477598b0522b3072fbb143","contentHash":"e5c68ed5ee265ec31af7bb89a5f3e61b55e57be15bda2dc819cf9aca76260712"},"D:\\unit\\red_tetris\\test\\testMap.js":{"path":"D:\\unit\\red_tetris\\test\\testMap.js","statementMap":{"0":{"start":{"line":3,"column":0},"end":{"line":5,"column":3}},"1":{"start":{"line":6,"column":15},"end":{"line":6,"column":674}},"2":{"start":{"line":7,"column":24},"end":{"line":7,"column":692}},"3":{"start":{"line":8,"column":22},"end":{"line":8,"column":688}},"4":{"start":{"line":10,"column":14},"end":{"line":10,"column":672}},"5":{"start":{"line":12,"column":21},"end":{"line":12,"column":81}},"6":{"start":{"line":13,"column":17},"end":{"line":13,"column":55}},"7":{"start":{"line":15,"column":17},"end":{"line":15,"column":289}},"8":{"start":{"line":16,"column":14},"end":{"line":16,"column":148}}},"fnMap":{},"branchMap":{},"s":{"0":1,"1":1,"2":1,"3":1,"4":1,"5":1,"6":1,"7":1,"8":1},"f":{},"b":{},"_coverageSchema":"43e27e138ebf9cfc5966b082cf9a028302ed4184","hash":"83af604bfb8d4d0fb6195fac09daf91e2c36c8c4","contentHash":"67ee0d6da59009ffd97e1a282ef2eaaabb9f617237ec257afa330fa00c0606dd"}}